<?xml version="1.0" encoding="UTF-8" ?>
<testsuite failures="3" time="1.984" errors="0" skipped="0" tests="3" name="com.bleum.canton.common.dao.DaoTest">
  <properties>
    <property name="java.runtime.name" value="Java(TM) SE Runtime Environment"/>
    <property name="sun.boot.library.path" value="C:\Program Files\Java\jdk1.6.0_10\jre\bin"/>
    <property name="java.vm.version" value="11.0-b15"/>
    <property name="java.vm.vendor" value="Sun Microsystems Inc."/>
    <property name="java.vendor.url" value="http://java.sun.com/"/>
    <property name="path.separator" value=";"/>
    <property name="java.vm.name" value="Java HotSpot(TM) Client VM"/>
    <property name="file.encoding.pkg" value="sun.io"/>
    <property name="user.country" value="US"/>
    <property name="sun.java.launcher" value="SUN_STANDARD"/>
    <property name="sun.os.patch.level" value="Service Pack 3"/>
    <property name="java.vm.specification.name" value="Java Virtual Machine Specification"/>
    <property name="user.dir" value="D:\ATG\ATG9.1\estore"/>
    <property name="java.runtime.version" value="1.6.0_10-rc2-b32"/>
    <property name="java.awt.graphicsenv" value="sun.awt.Win32GraphicsEnvironment"/>
    <property name="basedir" value="D:\ATG\ATG9.1\estore"/>
    <property name="java.endorsed.dirs" value="C:\Program Files\Java\jdk1.6.0_10\jre\lib\endorsed"/>
    <property name="os.arch" value="x86"/>
    <property name="surefire.real.class.path" value="D:\ATG\ATG9.1\estore\target\surefire\surefirebooter43886.jar"/>
    <property name="java.io.tmpdir" value="C:\DOCUME~1\WAYNE~1.ZHO\LOCALS~1\Temp\"/>
    <property name="line.separator" value="
"/>
    <property name="java.vm.specification.vendor" value="Sun Microsystems Inc."/>
    <property name="user.variant" value=""/>
    <property name="os.name" value="Windows XP"/>
    <property name="sun.jnu.encoding" value="GBK"/>
    <property name="java.library.path" value="C:\Program Files\Java\jdk1.6.0_10\jre\bin;.;C:\WINDOWS\Sun\Java\bin;C:\WINDOWS\system32;C:\WINDOWS;C:/Program Files/Java/jdk1.6.0_10/bin/../jre/bin/client;C:/Program Files/Java/jdk1.6.0_10/bin/../jre/bin;C:/Program Files/Java/jdk1.6.0_10/bin/../jre/lib/i386;C:\Program Files\SenchaSDKTools-1.2.3\appbuilder;C:\Program Files\SenchaSDKTools-1.2.3\jsbuilder;C:\Program Files\SenchaSDKTools-1.2.3\command;C:\Program Files\SenchaSDKTools-1.2.3;D:\xampp\mysql\bin;D:\Software\maven\apache-maven-3.0.3\bin;C:\apache-ant-1.8.2\bin;C:\ATG\jboss-eap-5.0\jboss-as\bin;C:\AE91\ATG9.1\HOME\BIN;C:\Program Files\Java\jdk1.6.0_10\bin;%C:\Program Files\PHP\;C:\WINDOWS\system32;C:\WINDOWS;C:\WINDOWS\System32\Wbem;C:\Program Files\Microsoft SQL Server\80\Tools\Binn\;C:\Program Files\Microsoft SQL Server\90\Tools\binn\;C:\Program Files\Microsoft SQL Server\90\DTS\Binn\;C:\Program Files\Microsoft SQL Server\90\Tools\Binn\VSShell\Common7\IDE\;C:\Program Files\Microsoft Visual Studio 8\Common7\IDE\PrivateAssemblies\;C:\WINDOWS\system32\WindowsPowerShell\v1.0;C:\Program Files\Microsoft SQL Server\100\Tools\Binn\;C:\Program Files\Microsoft SQL Server\100\DTS\Binn\;C:\Program Files\Rational\common;C:\Program Files\TortoiseSVN\bin;C:\Program Files\Windows Imaging\;D:\canton\springsource\sts-2.8.1.RELEASE;"/>
    <property name="surefire.test.class.path" value="D:\ATG\ATG9.1\estore\target\test-classes;D:\ATG\ATG9.1\estore\target\classes;C:\Documents and Settings\Wayne.zhong\.m2\repository\org\springframework\spring-context\3.1.0.RELEASE\spring-context-3.1.0.RELEASE.jar;C:\Documents and Settings\Wayne.zhong\.m2\repository\org\springframework\spring-aop\3.1.0.RELEASE\spring-aop-3.1.0.RELEASE.jar;C:\Documents and Settings\Wayne.zhong\.m2\repository\org\springframework\spring-beans\3.1.0.RELEASE\spring-beans-3.1.0.RELEASE.jar;C:\Documents and Settings\Wayne.zhong\.m2\repository\org\springframework\spring-core\3.1.0.RELEASE\spring-core-3.1.0.RELEASE.jar;C:\Documents and Settings\Wayne.zhong\.m2\repository\org\springframework\spring-expression\3.1.0.RELEASE\spring-expression-3.1.0.RELEASE.jar;C:\Documents and Settings\Wayne.zhong\.m2\repository\org\springframework\spring-asm\3.1.0.RELEASE\spring-asm-3.1.0.RELEASE.jar;C:\Documents and Settings\Wayne.zhong\.m2\repository\org\springframework\spring-webmvc\3.1.0.RELEASE\spring-webmvc-3.1.0.RELEASE.jar;C:\Documents and Settings\Wayne.zhong\.m2\repository\org\springframework\spring-context-support\3.1.0.RELEASE\spring-context-support-3.1.0.RELEASE.jar;C:\Documents and Settings\Wayne.zhong\.m2\repository\org\springframework\spring-web\3.1.0.RELEASE\spring-web-3.1.0.RELEASE.jar;C:\Documents and Settings\Wayne.zhong\.m2\repository\org\springframework\spring-orm\3.1.0.RELEASE\spring-orm-3.1.0.RELEASE.jar;C:\Documents and Settings\Wayne.zhong\.m2\repository\org\springframework\spring-jdbc\3.1.0.RELEASE\spring-jdbc-3.1.0.RELEASE.jar;C:\Documents and Settings\Wayne.zhong\.m2\repository\org\springframework\spring-tx\3.1.0.RELEASE\spring-tx-3.1.0.RELEASE.jar;C:\Documents and Settings\Wayne.zhong\.m2\repository\org\springframework\spring-jms\3.1.0.RELEASE\spring-jms-3.1.0.RELEASE.jar;C:\Documents and Settings\Wayne.zhong\.m2\repository\aopalliance\aopalliance\1.0\aopalliance-1.0.jar;C:\Documents and Settings\Wayne.zhong\.m2\repository\org\hibernate\hibernate-core\3.6.9.Final\hibernate-core-3.6.9.Final.jar;C:\Documents and Settings\Wayne.zhong\.m2\repository\antlr\antlr\2.7.6\antlr-2.7.6.jar;C:\Documents and Settings\Wayne.zhong\.m2\repository\commons-collections\commons-collections\3.1\commons-collections-3.1.jar;C:\Documents and Settings\Wayne.zhong\.m2\repository\dom4j\dom4j\1.6.1\dom4j-1.6.1.jar;C:\Documents and Settings\Wayne.zhong\.m2\repository\org\hibernate\hibernate-commons-annotations\3.2.0.Final\hibernate-commons-annotations-3.2.0.Final.jar;C:\Documents and Settings\Wayne.zhong\.m2\repository\org\hibernate\javax\persistence\hibernate-jpa-2.0-api\1.0.1.Final\hibernate-jpa-2.0-api-1.0.1.Final.jar;C:\Documents and Settings\Wayne.zhong\.m2\repository\javax\transaction\jta\1.1\jta-1.1.jar;C:\Documents and Settings\Wayne.zhong\.m2\repository\javax\annotation\jsr250-api\1.0\jsr250-api-1.0.jar;C:\Documents and Settings\Wayne.zhong\.m2\repository\org\hibernate\hibernate-validator\4.2.0.Final\hibernate-validator-4.2.0.Final.jar;C:\Documents and Settings\Wayne.zhong\.m2\repository\javax\validation\validation-api\1.0.0.GA\validation-api-1.0.0.GA.jar;C:\Documents and Settings\Wayne.zhong\.m2\repository\commons-beanutils\commons-beanutils\1.8.3\commons-beanutils-1.8.3.jar;C:\Documents and Settings\Wayne.zhong\.m2\repository\commons-logging\commons-logging\1.1.1\commons-logging-1.1.1.jar;C:\Documents and Settings\Wayne.zhong\.m2\repository\commons-fileupload\commons-fileupload\1.2.2\commons-fileupload-1.2.2.jar;C:\Documents and Settings\Wayne.zhong\.m2\repository\cglib\cglib\2.2.2\cglib-2.2.2.jar;C:\Documents and Settings\Wayne.zhong\.m2\repository\asm\asm\3.3.1\asm-3.3.1.jar;C:\Documents and Settings\Wayne.zhong\.m2\repository\javassist\javassist\3.3\javassist-3.3.jar;C:\Documents and Settings\Wayne.zhong\.m2\repository\org\slf4j\slf4j-api\1.6.4\slf4j-api-1.6.4.jar;C:\Documents and Settings\Wayne.zhong\.m2\repository\org\slf4j\log4j-over-slf4j\1.6.4\log4j-over-slf4j-1.6.4.jar;C:\Documents and Settings\Wayne.zhong\.m2\repository\ch\qos\logback\logback-core\1.0.0\logback-core-1.0.0.jar;C:\Documents and Settings\Wayne.zhong\.m2\repository\ch\qos\logback\logback-classic\1.0.0\logback-classic-1.0.0.jar;C:\Documents and Settings\Wayne.zhong\.m2\repository\javax\servlet\servlet-api\2.5\servlet-api-2.5.jar;C:\Documents and Settings\Wayne.zhong\.m2\repository\javax\servlet\jsp\jsp-api\2.1\jsp-api-2.1.jar;C:\Documents and Settings\Wayne.zhong\.m2\repository\javax\servlet\jstl\1.2\jstl-1.2.jar;C:\Documents and Settings\Wayne.zhong\.m2\repository\taglibs\standard\1.1.2\standard-1.1.2.jar;C:\Documents and Settings\Wayne.zhong\.m2\repository\javax\mail\javax.mail-api\1.4.4\javax.mail-api-1.4.4.jar;C:\Documents and Settings\Wayne.zhong\.m2\repository\javax\activation\activation\1.1\activation-1.1.jar;C:\Documents and Settings\Wayne.zhong\.m2\repository\org\tuckey\urlrewritefilter\3.2.0\urlrewritefilter-3.2.0.jar;C:\Documents and Settings\Wayne.zhong\.m2\repository\junit\junit\4.10\junit-4.10.jar;C:\Documents and Settings\Wayne.zhong\.m2\repository\org\hamcrest\hamcrest-core\1.1\hamcrest-core-1.1.jar;C:\Documents and Settings\Wayne.zhong\.m2\repository\org\springframework\spring-test\3.1.0.RELEASE\spring-test-3.1.0.RELEASE.jar;C:\Documents and Settings\Wayne.zhong\.m2\repository\commons-dbcp\commons-dbcp\1.4\commons-dbcp-1.4.jar;C:\Documents and Settings\Wayne.zhong\.m2\repository\commons-pool\commons-pool\1.5.7\commons-pool-1.5.7.jar;C:\Documents and Settings\Wayne.zhong\.m2\repository\com\atomikos\transactions-jta\3.7.0\transactions-jta-3.7.0.jar;C:\Documents and Settings\Wayne.zhong\.m2\repository\com\atomikos\transactions\3.7.0\transactions-3.7.0.jar;C:\Documents and Settings\Wayne.zhong\.m2\repository\com\atomikos\transactions-api\3.7.0\transactions-api-3.7.0.jar;C:\Documents and Settings\Wayne.zhong\.m2\repository\com\atomikos\atomikos-util\3.7.0\atomikos-util-3.7.0.jar;C:\Documents and Settings\Wayne.zhong\.m2\repository\org\hsqldb\hsqldb\2.2.6\hsqldb-2.2.6.jar;C:\Documents and Settings\Wayne.zhong\.m2\repository\com\oracle\ojdbc6\11.2.0.3\ojdbc6-11.2.0.3.jar;C:\Documents and Settings\Wayne.zhong\.m2\repository\org\apache\solr\solr-solrj\3.4.0\solr-solrj-3.4.0.jar;C:\Documents and Settings\Wayne.zhong\.m2\repository\org\apache\lucene\lucene-core\3.4.0\lucene-core-3.4.0.jar;C:\Documents and Settings\Wayne.zhong\.m2\repository\commons-httpclient\commons-httpclient\3.1\commons-httpclient-3.1.jar;C:\Documents and Settings\Wayne.zhong\.m2\repository\commons-codec\commons-codec\1.2\commons-codec-1.2.jar;C:\Documents and Settings\Wayne.zhong\.m2\repository\commons-io\commons-io\1.4\commons-io-1.4.jar;C:\Documents and Settings\Wayne.zhong\.m2\repository\org\apache\geronimo\specs\geronimo-stax-api_1.0_spec\1.0.1\geronimo-stax-api_1.0_spec-1.0.1.jar;C:\Documents and Settings\Wayne.zhong\.m2\repository\org\apache\zookeeper\zookeeper\3.3.1\zookeeper-3.3.1.jar;C:\Documents and Settings\Wayne.zhong\.m2\repository\log4j\log4j\1.2.15\log4j-1.2.15.jar;C:\Documents and Settings\Wayne.zhong\.m2\repository\javax\mail\mail\1.4\mail-1.4.jar;C:\Documents and Settings\Wayne.zhong\.m2\repository\jline\jline\0.9.94\jline-0.9.94.jar;C:\Documents and Settings\Wayne.zhong\.m2\repository\org\codehaus\woodstox\wstx-asl\3.2.7\wstx-asl-3.2.7.jar;C:\Documents and Settings\Wayne.zhong\.m2\repository\stax\stax-api\1.0.1\stax-api-1.0.1.jar;"/>
    <property name="java.specification.name" value="Java Platform API Specification"/>
    <property name="java.class.version" value="50.0"/>
    <property name="sun.management.compiler" value="HotSpot Client Compiler"/>
    <property name="os.version" value="5.1"/>
    <property name="user.home" value="C:\Documents and Settings\Wayne.zhong"/>
    <property name="user.timezone" value="Asia/Shanghai"/>
    <property name="java.awt.printerjob" value="sun.awt.windows.WPrinterJob"/>
    <property name="java.specification.version" value="1.6"/>
    <property name="file.encoding" value="Cp1252"/>
    <property name="user.name" value="wayne.zhong"/>
    <property name="java.class.path" value="D:\ATG\ATG9.1\estore\target\test-classes;D:\ATG\ATG9.1\estore\target\classes;C:\Documents and Settings\Wayne.zhong\.m2\repository\org\springframework\spring-context\3.1.0.RELEASE\spring-context-3.1.0.RELEASE.jar;C:\Documents and Settings\Wayne.zhong\.m2\repository\org\springframework\spring-aop\3.1.0.RELEASE\spring-aop-3.1.0.RELEASE.jar;C:\Documents and Settings\Wayne.zhong\.m2\repository\org\springframework\spring-beans\3.1.0.RELEASE\spring-beans-3.1.0.RELEASE.jar;C:\Documents and Settings\Wayne.zhong\.m2\repository\org\springframework\spring-core\3.1.0.RELEASE\spring-core-3.1.0.RELEASE.jar;C:\Documents and Settings\Wayne.zhong\.m2\repository\org\springframework\spring-expression\3.1.0.RELEASE\spring-expression-3.1.0.RELEASE.jar;C:\Documents and Settings\Wayne.zhong\.m2\repository\org\springframework\spring-asm\3.1.0.RELEASE\spring-asm-3.1.0.RELEASE.jar;C:\Documents and Settings\Wayne.zhong\.m2\repository\org\springframework\spring-webmvc\3.1.0.RELEASE\spring-webmvc-3.1.0.RELEASE.jar;C:\Documents and Settings\Wayne.zhong\.m2\repository\org\springframework\spring-context-support\3.1.0.RELEASE\spring-context-support-3.1.0.RELEASE.jar;C:\Documents and Settings\Wayne.zhong\.m2\repository\org\springframework\spring-web\3.1.0.RELEASE\spring-web-3.1.0.RELEASE.jar;C:\Documents and Settings\Wayne.zhong\.m2\repository\org\springframework\spring-orm\3.1.0.RELEASE\spring-orm-3.1.0.RELEASE.jar;C:\Documents and Settings\Wayne.zhong\.m2\repository\org\springframework\spring-jdbc\3.1.0.RELEASE\spring-jdbc-3.1.0.RELEASE.jar;C:\Documents and Settings\Wayne.zhong\.m2\repository\org\springframework\spring-tx\3.1.0.RELEASE\spring-tx-3.1.0.RELEASE.jar;C:\Documents and Settings\Wayne.zhong\.m2\repository\org\springframework\spring-jms\3.1.0.RELEASE\spring-jms-3.1.0.RELEASE.jar;C:\Documents and Settings\Wayne.zhong\.m2\repository\aopalliance\aopalliance\1.0\aopalliance-1.0.jar;C:\Documents and Settings\Wayne.zhong\.m2\repository\org\hibernate\hibernate-core\3.6.9.Final\hibernate-core-3.6.9.Final.jar;C:\Documents and Settings\Wayne.zhong\.m2\repository\antlr\antlr\2.7.6\antlr-2.7.6.jar;C:\Documents and Settings\Wayne.zhong\.m2\repository\commons-collections\commons-collections\3.1\commons-collections-3.1.jar;C:\Documents and Settings\Wayne.zhong\.m2\repository\dom4j\dom4j\1.6.1\dom4j-1.6.1.jar;C:\Documents and Settings\Wayne.zhong\.m2\repository\org\hibernate\hibernate-commons-annotations\3.2.0.Final\hibernate-commons-annotations-3.2.0.Final.jar;C:\Documents and Settings\Wayne.zhong\.m2\repository\org\hibernate\javax\persistence\hibernate-jpa-2.0-api\1.0.1.Final\hibernate-jpa-2.0-api-1.0.1.Final.jar;C:\Documents and Settings\Wayne.zhong\.m2\repository\javax\transaction\jta\1.1\jta-1.1.jar;C:\Documents and Settings\Wayne.zhong\.m2\repository\javax\annotation\jsr250-api\1.0\jsr250-api-1.0.jar;C:\Documents and Settings\Wayne.zhong\.m2\repository\org\hibernate\hibernate-validator\4.2.0.Final\hibernate-validator-4.2.0.Final.jar;C:\Documents and Settings\Wayne.zhong\.m2\repository\javax\validation\validation-api\1.0.0.GA\validation-api-1.0.0.GA.jar;C:\Documents and Settings\Wayne.zhong\.m2\repository\commons-beanutils\commons-beanutils\1.8.3\commons-beanutils-1.8.3.jar;C:\Documents and Settings\Wayne.zhong\.m2\repository\commons-logging\commons-logging\1.1.1\commons-logging-1.1.1.jar;C:\Documents and Settings\Wayne.zhong\.m2\repository\commons-fileupload\commons-fileupload\1.2.2\commons-fileupload-1.2.2.jar;C:\Documents and Settings\Wayne.zhong\.m2\repository\cglib\cglib\2.2.2\cglib-2.2.2.jar;C:\Documents and Settings\Wayne.zhong\.m2\repository\asm\asm\3.3.1\asm-3.3.1.jar;C:\Documents and Settings\Wayne.zhong\.m2\repository\javassist\javassist\3.3\javassist-3.3.jar;C:\Documents and Settings\Wayne.zhong\.m2\repository\org\slf4j\slf4j-api\1.6.4\slf4j-api-1.6.4.jar;C:\Documents and Settings\Wayne.zhong\.m2\repository\org\slf4j\log4j-over-slf4j\1.6.4\log4j-over-slf4j-1.6.4.jar;C:\Documents and Settings\Wayne.zhong\.m2\repository\ch\qos\logback\logback-core\1.0.0\logback-core-1.0.0.jar;C:\Documents and Settings\Wayne.zhong\.m2\repository\ch\qos\logback\logback-classic\1.0.0\logback-classic-1.0.0.jar;C:\Documents and Settings\Wayne.zhong\.m2\repository\javax\servlet\servlet-api\2.5\servlet-api-2.5.jar;C:\Documents and Settings\Wayne.zhong\.m2\repository\javax\servlet\jsp\jsp-api\2.1\jsp-api-2.1.jar;C:\Documents and Settings\Wayne.zhong\.m2\repository\javax\servlet\jstl\1.2\jstl-1.2.jar;C:\Documents and Settings\Wayne.zhong\.m2\repository\taglibs\standard\1.1.2\standard-1.1.2.jar;C:\Documents and Settings\Wayne.zhong\.m2\repository\javax\mail\javax.mail-api\1.4.4\javax.mail-api-1.4.4.jar;C:\Documents and Settings\Wayne.zhong\.m2\repository\javax\activation\activation\1.1\activation-1.1.jar;C:\Documents and Settings\Wayne.zhong\.m2\repository\org\tuckey\urlrewritefilter\3.2.0\urlrewritefilter-3.2.0.jar;C:\Documents and Settings\Wayne.zhong\.m2\repository\junit\junit\4.10\junit-4.10.jar;C:\Documents and Settings\Wayne.zhong\.m2\repository\org\hamcrest\hamcrest-core\1.1\hamcrest-core-1.1.jar;C:\Documents and Settings\Wayne.zhong\.m2\repository\org\springframework\spring-test\3.1.0.RELEASE\spring-test-3.1.0.RELEASE.jar;C:\Documents and Settings\Wayne.zhong\.m2\repository\commons-dbcp\commons-dbcp\1.4\commons-dbcp-1.4.jar;C:\Documents and Settings\Wayne.zhong\.m2\repository\commons-pool\commons-pool\1.5.7\commons-pool-1.5.7.jar;C:\Documents and Settings\Wayne.zhong\.m2\repository\com\atomikos\transactions-jta\3.7.0\transactions-jta-3.7.0.jar;C:\Documents and Settings\Wayne.zhong\.m2\repository\com\atomikos\transactions\3.7.0\transactions-3.7.0.jar;C:\Documents and Settings\Wayne.zhong\.m2\repository\com\atomikos\transactions-api\3.7.0\transactions-api-3.7.0.jar;C:\Documents and Settings\Wayne.zhong\.m2\repository\com\atomikos\atomikos-util\3.7.0\atomikos-util-3.7.0.jar;C:\Documents and Settings\Wayne.zhong\.m2\repository\org\hsqldb\hsqldb\2.2.6\hsqldb-2.2.6.jar;C:\Documents and Settings\Wayne.zhong\.m2\repository\com\oracle\ojdbc6\11.2.0.3\ojdbc6-11.2.0.3.jar;C:\Documents and Settings\Wayne.zhong\.m2\repository\org\apache\solr\solr-solrj\3.4.0\solr-solrj-3.4.0.jar;C:\Documents and Settings\Wayne.zhong\.m2\repository\org\apache\lucene\lucene-core\3.4.0\lucene-core-3.4.0.jar;C:\Documents and Settings\Wayne.zhong\.m2\repository\commons-httpclient\commons-httpclient\3.1\commons-httpclient-3.1.jar;C:\Documents and Settings\Wayne.zhong\.m2\repository\commons-codec\commons-codec\1.2\commons-codec-1.2.jar;C:\Documents and Settings\Wayne.zhong\.m2\repository\commons-io\commons-io\1.4\commons-io-1.4.jar;C:\Documents and Settings\Wayne.zhong\.m2\repository\org\apache\geronimo\specs\geronimo-stax-api_1.0_spec\1.0.1\geronimo-stax-api_1.0_spec-1.0.1.jar;C:\Documents and Settings\Wayne.zhong\.m2\repository\org\apache\zookeeper\zookeeper\3.3.1\zookeeper-3.3.1.jar;C:\Documents and Settings\Wayne.zhong\.m2\repository\log4j\log4j\1.2.15\log4j-1.2.15.jar;C:\Documents and Settings\Wayne.zhong\.m2\repository\javax\mail\mail\1.4\mail-1.4.jar;C:\Documents and Settings\Wayne.zhong\.m2\repository\jline\jline\0.9.94\jline-0.9.94.jar;C:\Documents and Settings\Wayne.zhong\.m2\repository\org\codehaus\woodstox\wstx-asl\3.2.7\wstx-asl-3.2.7.jar;C:\Documents and Settings\Wayne.zhong\.m2\repository\stax\stax-api\1.0.1\stax-api-1.0.1.jar;"/>
    <property name="java.vm.specification.version" value="1.0"/>
    <property name="sun.arch.data.model" value="32"/>
    <property name="java.home" value="C:\Program Files\Java\jdk1.6.0_10\jre"/>
    <property name="java.specification.vendor" value="Sun Microsystems Inc."/>
    <property name="user.language" value="en"/>
    <property name="awt.toolkit" value="sun.awt.windows.WToolkit"/>
    <property name="java.vm.info" value="mixed mode, sharing"/>
    <property name="java.version" value="1.6.0_10-rc2"/>
    <property name="java.ext.dirs" value="C:\Program Files\Java\jdk1.6.0_10\jre\lib\ext;C:\WINDOWS\Sun\Java\lib\ext"/>
    <property name="sun.boot.class.path" value="C:\Program Files\Java\jdk1.6.0_10\jre\lib\resources.jar;C:\Program Files\Java\jdk1.6.0_10\jre\lib\rt.jar;C:\Program Files\Java\jdk1.6.0_10\jre\lib\sunrsasign.jar;C:\Program Files\Java\jdk1.6.0_10\jre\lib\jsse.jar;C:\Program Files\Java\jdk1.6.0_10\jre\lib\jce.jar;C:\Program Files\Java\jdk1.6.0_10\jre\lib\charsets.jar;C:\Program Files\Java\jdk1.6.0_10\jre\classes"/>
    <property name="java.vendor" value="Sun Microsystems Inc."/>
    <property name="localRepository" value="C:\Documents and Settings\Wayne.zhong\.m2\repository"/>
    <property name="file.separator" value="\"/>
    <property name="java.vendor.url.bug" value="http://java.sun.com/cgi-bin/bugreport.cgi"/>
    <property name="sun.cpu.endian" value="little"/>
    <property name="sun.io.unicode.encoding" value="UnicodeLittle"/>
    <property name="sun.desktop" value="windows"/>
    <property name="sun.cpu.isalist" value="pentium_pro+mmx pentium_pro pentium+mmx pentium i486 i386 i86"/>
  </properties>
  <testcase time="0" classname="junit.framework.TestSuite$1" name="warning">
    <failure message="Exception in constructor: testInterfaceDao (org.springframework.beans.factory.BeanCreationException: Error creating bean with name &apos;org.springframework.dao.annotation.PersistenceExceptionTranslationPostProcessor#0&apos; defined in class path resource [com/bleum/canton/app-global-config-test.xml]: Initialization of bean failed; nested exception is org.springframework.beans.factory.BeanCreationException: Error creating bean with name &apos;productSessionFactory&apos; defined in class path resource [com/bleum/canton/app-global-config-test.xml]: Invocation of init method failed; nested exception is org.hibernate.AnnotationException: Use of the same entity name twice: Product
	at org.springframework.beans.factory.support.AbstractAutowireCapableBeanFactory.doCreateBean(AbstractAutowireCapableBeanFactory.java:527)
	at org.springframework.beans.factory.support.AbstractAutowireCapableBeanFactory.createBean(AbstractAutowireCapableBeanFactory.java:456)
	at org.springframework.beans.factory.support.AbstractBeanFactory$1.getObject(AbstractBeanFactory.java:294)
	at org.springframework.beans.factory.support.DefaultSingletonBeanRegistry.getSingleton(DefaultSingletonBeanRegistry.java:225)
	at org.springframework.beans.factory.support.AbstractBeanFactory.doGetBean(AbstractBeanFactory.java:291)
	at org.springframework.beans.factory.support.AbstractBeanFactory.getBean(AbstractBeanFactory.java:197)
	at org.springframework.context.support.AbstractApplicationContext.registerBeanPostProcessors(AbstractApplicationContext.java:728)
	at org.springframework.context.support.AbstractApplicationContext.refresh(AbstractApplicationContext.java:449)
	at org.springframework.context.support.ClassPathXmlApplicationContext.&lt;init&gt;(ClassPathXmlApplicationContext.java:139)
	at org.springframework.context.support.ClassPathXmlApplicationContext.&lt;init&gt;(ClassPathXmlApplicationContext.java:83)
	at com.bleum.canton.common.dao.DaoTest.&lt;init&gt;(DaoTest.java:17)
	at sun.reflect.NativeConstructorAccessorImpl.newInstance0(Native Method)
	at sun.reflect.NativeConstructorAccessorImpl.newInstance(NativeConstructorAccessorImpl.java:39)
	at sun.reflect.DelegatingConstructorAccessorImpl.newInstance(DelegatingConstructorAccessorImpl.java:27)
	at java.lang.reflect.Constructor.newInstance(Constructor.java:513)
	at junit.framework.TestSuite.createTest(TestSuite.java:65)
	at junit.framework.TestSuite.addTestMethod(TestSuite.java:294)
	at junit.framework.TestSuite.addTestsFromTestCase(TestSuite.java:150)
	at junit.framework.TestSuite.&lt;init&gt;(TestSuite.java:129)
	at org.junit.internal.runners.JUnit38ClassRunner.&lt;init&gt;(JUnit38ClassRunner.java:71)
	at org.junit.internal.builders.JUnit3Builder.runnerForClass(JUnit3Builder.java:14)
	at org.junit.runners.model.RunnerBuilder.safeRunnerForClass(RunnerBuilder.java:57)
	at org.junit.internal.builders.AllDefaultPossibilitiesBuilder.runnerForClass(AllDefaultPossibilitiesBuilder.java:29)
	at org.junit.runners.model.RunnerBuilder.safeRunnerForClass(RunnerBuilder.java:57)
	at org.junit.internal.requests.ClassRequest.getRunner(ClassRequest.java:24)
	at org.apache.maven.surefire.junit4.JUnit4TestSet.execute(JUnit4TestSet.java:33)
	at org.apache.maven.surefire.junit4.JUnit4Provider.executeTestSet(JUnit4Provider.java:115)
	at org.apache.maven.surefire.junit4.JUnit4Provider.invoke(JUnit4Provider.java:97)
	at sun.reflect.NativeMethodAccessorImpl.invoke0(Native Method)
	at sun.reflect.NativeMethodAccessorImpl.invoke(NativeMethodAccessorImpl.java:39)
	at sun.reflect.DelegatingMethodAccessorImpl.invoke(DelegatingMethodAccessorImpl.java:25)
	at java.lang.reflect.Method.invoke(Method.java:597)
	at org.apache.maven.surefire.booter.ProviderFactory$ClassLoaderProxy.invoke(ProviderFactory.java:103)
	at $Proxy0.invoke(Unknown Source)
	at org.apache.maven.surefire.booter.SurefireStarter.invokeProvider(SurefireStarter.java:150)
	at org.apache.maven.surefire.booter.SurefireStarter.runSuitesInProcess(SurefireStarter.java:91)
	at org.apache.maven.surefire.booter.ForkedBooter.main(ForkedBooter.java:69)
Caused by: org.springframework.beans.factory.BeanCreationException: Error creating bean with name &apos;productSessionFactory&apos; defined in class path resource [com/bleum/canton/app-global-config-test.xml]: Invocation of init method failed; nested exception is org.hibernate.AnnotationException: Use of the same entity name twice: Product
	at org.springframework.beans.factory.support.AbstractAutowireCapableBeanFactory.initializeBean(AbstractAutowireCapableBeanFactory.java:1455)
	at org.springframework.beans.factory.support.AbstractAutowireCapableBeanFactory.doCreateBean(AbstractAutowireCapableBeanFactory.java:519)
	at org.springframework.beans.factory.support.AbstractAutowireCapableBeanFactory.createBean(AbstractAutowireCapableBeanFactory.java:456)
	at org.springframework.beans.factory.support.AbstractBeanFactory$1.getObject(AbstractBeanFactory.java:294)
	at org.springframework.beans.factory.support.DefaultSingletonBeanRegistry.getSingleton(DefaultSingletonBeanRegistry.java:225)
	at org.springframework.beans.factory.support.AbstractBeanFactory.doGetBean(AbstractBeanFactory.java:291)
	at org.springframework.beans.factory.support.AbstractBeanFactory.getBean(AbstractBeanFactory.java:197)
	at org.springframework.beans.factory.support.DefaultListableBeanFactory.getBeansOfType(DefaultListableBeanFactory.java:400)
	at org.springframework.beans.factory.BeanFactoryUtils.beansOfTypeIncludingAncestors(BeanFactoryUtils.java:275)
	at org.springframework.dao.support.PersistenceExceptionTranslationInterceptor.detectPersistenceExceptionTranslators(PersistenceExceptionTranslationInterceptor.java:139)
	at org.springframework.dao.support.PersistenceExceptionTranslationInterceptor.&lt;init&gt;(PersistenceExceptionTranslationInterceptor.java:79)
	at org.springframework.dao.annotation.PersistenceExceptionTranslationAdvisor.&lt;init&gt;(PersistenceExceptionTranslationAdvisor.java:70)
	at org.springframework.dao.annotation.PersistenceExceptionTranslationPostProcessor.setBeanFactory(PersistenceExceptionTranslationPostProcessor.java:103)
	at org.springframework.beans.factory.support.AbstractAutowireCapableBeanFactory.invokeAwareMethods(AbstractAutowireCapableBeanFactory.java:1475)
	at org.springframework.beans.factory.support.AbstractAutowireCapableBeanFactory.initializeBean(AbstractAutowireCapableBeanFactory.java:1443)
	at org.springframework.beans.factory.support.AbstractAutowireCapableBeanFactory.doCreateBean(AbstractAutowireCapableBeanFactory.java:519)
	... 36 more
Caused by: org.hibernate.AnnotationException: Use of the same entity name twice: Product
	at org.hibernate.cfg.annotations.EntityBinder.bindEntity(EntityBinder.java:373)
	at org.hibernate.cfg.AnnotationBinder.bindClass(AnnotationBinder.java:586)
	at org.hibernate.cfg.Configuration$MetadataSourceQueue.processAnnotatedClassesQueue(Configuration.java:4035)
	at org.hibernate.cfg.Configuration$MetadataSourceQueue.processMetadata(Configuration.java:3989)
	at org.hibernate.cfg.Configuration.secondPassCompile(Configuration.java:1398)
	at org.hibernate.cfg.Configuration.buildMappings(Configuration.java:1375)
	at org.springframework.orm.hibernate3.LocalSessionFactoryBean.buildSessionFactory(LocalSessionFactoryBean.java:717)
	at org.springframework.orm.hibernate3.AbstractSessionFactoryBean.afterPropertiesSet(AbstractSessionFactoryBean.java:211)
	at org.springframework.beans.factory.support.AbstractAutowireCapableBeanFactory.invokeInitMethods(AbstractAutowireCapableBeanFactory.java:1514)
	at org.springframework.beans.factory.support.AbstractAutowireCapableBeanFactory.initializeBean(AbstractAutowireCapableBeanFactory.java:1452)
	... 51 more
Caused by: org.hibernate.DuplicateMappingException: duplicate import: Product refers to both com.bleum.canton.itempage.entity.Product and com.bleum.canton.sample.entity.Product (try using auto-import=&quot;false&quot;)
	at org.hibernate.cfg.Configuration$MappingsImpl.addImport(Configuration.java:3190)
	at org.hibernate.cfg.annotations.EntityBinder.bindEntity(EntityBinder.java:366)
	... 60 more
)" type="junit.framework.AssertionFailedError">junit.framework.AssertionFailedError: Exception in constructor: testInterfaceDao (org.springframework.beans.factory.BeanCreationException: Error creating bean with name &apos;org.springframework.dao.annotation.PersistenceExceptionTranslationPostProcessor#0&apos; defined in class path resource [com/bleum/canton/app-global-config-test.xml]: Initialization of bean failed; nested exception is org.springframework.beans.factory.BeanCreationException: Error creating bean with name &apos;productSessionFactory&apos; defined in class path resource [com/bleum/canton/app-global-config-test.xml]: Invocation of init method failed; nested exception is org.hibernate.AnnotationException: Use of the same entity name twice: Product
	at org.springframework.beans.factory.support.AbstractAutowireCapableBeanFactory.doCreateBean(AbstractAutowireCapableBeanFactory.java:527)
	at org.springframework.beans.factory.support.AbstractAutowireCapableBeanFactory.createBean(AbstractAutowireCapableBeanFactory.java:456)
	at org.springframework.beans.factory.support.AbstractBeanFactory$1.getObject(AbstractBeanFactory.java:294)
	at org.springframework.beans.factory.support.DefaultSingletonBeanRegistry.getSingleton(DefaultSingletonBeanRegistry.java:225)
	at org.springframework.beans.factory.support.AbstractBeanFactory.doGetBean(AbstractBeanFactory.java:291)
	at org.springframework.beans.factory.support.AbstractBeanFactory.getBean(AbstractBeanFactory.java:197)
	at org.springframework.context.support.AbstractApplicationContext.registerBeanPostProcessors(AbstractApplicationContext.java:728)
	at org.springframework.context.support.AbstractApplicationContext.refresh(AbstractApplicationContext.java:449)
	at org.springframework.context.support.ClassPathXmlApplicationContext.&lt;init&gt;(ClassPathXmlApplicationContext.java:139)
	at org.springframework.context.support.ClassPathXmlApplicationContext.&lt;init&gt;(ClassPathXmlApplicationContext.java:83)
	at com.bleum.canton.common.dao.DaoTest.&lt;init&gt;(DaoTest.java:17)
	at sun.reflect.NativeConstructorAccessorImpl.newInstance0(Native Method)
	at sun.reflect.NativeConstructorAccessorImpl.newInstance(NativeConstructorAccessorImpl.java:39)
	at sun.reflect.DelegatingConstructorAccessorImpl.newInstance(DelegatingConstructorAccessorImpl.java:27)
	at java.lang.reflect.Constructor.newInstance(Constructor.java:513)
	at junit.framework.TestSuite.createTest(TestSuite.java:65)
	at junit.framework.TestSuite.addTestMethod(TestSuite.java:294)
	at junit.framework.TestSuite.addTestsFromTestCase(TestSuite.java:150)
	at junit.framework.TestSuite.&lt;init&gt;(TestSuite.java:129)
	at org.junit.internal.runners.JUnit38ClassRunner.&lt;init&gt;(JUnit38ClassRunner.java:71)
	at org.junit.internal.builders.JUnit3Builder.runnerForClass(JUnit3Builder.java:14)
	at org.junit.runners.model.RunnerBuilder.safeRunnerForClass(RunnerBuilder.java:57)
	at org.junit.internal.builders.AllDefaultPossibilitiesBuilder.runnerForClass(AllDefaultPossibilitiesBuilder.java:29)
	at org.junit.runners.model.RunnerBuilder.safeRunnerForClass(RunnerBuilder.java:57)
	at org.junit.internal.requests.ClassRequest.getRunner(ClassRequest.java:24)
	at org.apache.maven.surefire.junit4.JUnit4TestSet.execute(JUnit4TestSet.java:33)
	at org.apache.maven.surefire.junit4.JUnit4Provider.executeTestSet(JUnit4Provider.java:115)
	at org.apache.maven.surefire.junit4.JUnit4Provider.invoke(JUnit4Provider.java:97)
	at sun.reflect.NativeMethodAccessorImpl.invoke0(Native Method)
	at sun.reflect.NativeMethodAccessorImpl.invoke(NativeMethodAccessorImpl.java:39)
	at sun.reflect.DelegatingMethodAccessorImpl.invoke(DelegatingMethodAccessorImpl.java:25)
	at java.lang.reflect.Method.invoke(Method.java:597)
	at org.apache.maven.surefire.booter.ProviderFactory$ClassLoaderProxy.invoke(ProviderFactory.java:103)
	at $Proxy0.invoke(Unknown Source)
	at org.apache.maven.surefire.booter.SurefireStarter.invokeProvider(SurefireStarter.java:150)
	at org.apache.maven.surefire.booter.SurefireStarter.runSuitesInProcess(SurefireStarter.java:91)
	at org.apache.maven.surefire.booter.ForkedBooter.main(ForkedBooter.java:69)
Caused by: org.springframework.beans.factory.BeanCreationException: Error creating bean with name &apos;productSessionFactory&apos; defined in class path resource [com/bleum/canton/app-global-config-test.xml]: Invocation of init method failed; nested exception is org.hibernate.AnnotationException: Use of the same entity name twice: Product
	at org.springframework.beans.factory.support.AbstractAutowireCapableBeanFactory.initializeBean(AbstractAutowireCapableBeanFactory.java:1455)
	at org.springframework.beans.factory.support.AbstractAutowireCapableBeanFactory.doCreateBean(AbstractAutowireCapableBeanFactory.java:519)
	at org.springframework.beans.factory.support.AbstractAutowireCapableBeanFactory.createBean(AbstractAutowireCapableBeanFactory.java:456)
	at org.springframework.beans.factory.support.AbstractBeanFactory$1.getObject(AbstractBeanFactory.java:294)
	at org.springframework.beans.factory.support.DefaultSingletonBeanRegistry.getSingleton(DefaultSingletonBeanRegistry.java:225)
	at org.springframework.beans.factory.support.AbstractBeanFactory.doGetBean(AbstractBeanFactory.java:291)
	at org.springframework.beans.factory.support.AbstractBeanFactory.getBean(AbstractBeanFactory.java:197)
	at org.springframework.beans.factory.support.DefaultListableBeanFactory.getBeansOfType(DefaultListableBeanFactory.java:400)
	at org.springframework.beans.factory.BeanFactoryUtils.beansOfTypeIncludingAncestors(BeanFactoryUtils.java:275)
	at org.springframework.dao.support.PersistenceExceptionTranslationInterceptor.detectPersistenceExceptionTranslators(PersistenceExceptionTranslationInterceptor.java:139)
	at org.springframework.dao.support.PersistenceExceptionTranslationInterceptor.&lt;init&gt;(PersistenceExceptionTranslationInterceptor.java:79)
	at org.springframework.dao.annotation.PersistenceExceptionTranslationAdvisor.&lt;init&gt;(PersistenceExceptionTranslationAdvisor.java:70)
	at org.springframework.dao.annotation.PersistenceExceptionTranslationPostProcessor.setBeanFactory(PersistenceExceptionTranslationPostProcessor.java:103)
	at org.springframework.beans.factory.support.AbstractAutowireCapableBeanFactory.invokeAwareMethods(AbstractAutowireCapableBeanFactory.java:1475)
	at org.springframework.beans.factory.support.AbstractAutowireCapableBeanFactory.initializeBean(AbstractAutowireCapableBeanFactory.java:1443)
	at org.springframework.beans.factory.support.AbstractAutowireCapableBeanFactory.doCreateBean(AbstractAutowireCapableBeanFactory.java:519)
	... 36 more
Caused by: org.hibernate.AnnotationException: Use of the same entity name twice: Product
	at org.hibernate.cfg.annotations.EntityBinder.bindEntity(EntityBinder.java:373)
	at org.hibernate.cfg.AnnotationBinder.bindClass(AnnotationBinder.java:586)
	at org.hibernate.cfg.Configuration$MetadataSourceQueue.processAnnotatedClassesQueue(Configuration.java:4035)
	at org.hibernate.cfg.Configuration$MetadataSourceQueue.processMetadata(Configuration.java:3989)
	at org.hibernate.cfg.Configuration.secondPassCompile(Configuration.java:1398)
	at org.hibernate.cfg.Configuration.buildMappings(Configuration.java:1375)
	at org.springframework.orm.hibernate3.LocalSessionFactoryBean.buildSessionFactory(LocalSessionFactoryBean.java:717)
	at org.springframework.orm.hibernate3.AbstractSessionFactoryBean.afterPropertiesSet(AbstractSessionFactoryBean.java:211)
	at org.springframework.beans.factory.support.AbstractAutowireCapableBeanFactory.invokeInitMethods(AbstractAutowireCapableBeanFactory.java:1514)
	at org.springframework.beans.factory.support.AbstractAutowireCapableBeanFactory.initializeBean(AbstractAutowireCapableBeanFactory.java:1452)
	... 51 more
Caused by: org.hibernate.DuplicateMappingException: duplicate import: Product refers to both com.bleum.canton.itempage.entity.Product and com.bleum.canton.sample.entity.Product (try using auto-import=&quot;false&quot;)
	at org.hibernate.cfg.Configuration$MappingsImpl.addImport(Configuration.java:3190)
	at org.hibernate.cfg.annotations.EntityBinder.bindEntity(EntityBinder.java:366)
	... 60 more
)
	at junit.framework.Assert.fail(Assert.java:50)
	at junit.framework.TestSuite$1.runTest(TestSuite.java:97)
	at junit.framework.TestCase.runBare(TestCase.java:134)
	at junit.framework.TestResult$1.protect(TestResult.java:110)
	at junit.framework.TestResult.runProtected(TestResult.java:128)
	at junit.framework.TestResult.run(TestResult.java:113)
	at junit.framework.TestCase.run(TestCase.java:124)
	at junit.framework.TestSuite.runTest(TestSuite.java:243)
	at junit.framework.TestSuite.run(TestSuite.java:238)
	at org.junit.internal.runners.JUnit38ClassRunner.run(JUnit38ClassRunner.java:83)
	at org.apache.maven.surefire.junit4.JUnit4TestSet.execute(JUnit4TestSet.java:35)
	at org.apache.maven.surefire.junit4.JUnit4Provider.executeTestSet(JUnit4Provider.java:115)
	at org.apache.maven.surefire.junit4.JUnit4Provider.invoke(JUnit4Provider.java:97)
	at sun.reflect.NativeMethodAccessorImpl.invoke0(Native Method)
	at sun.reflect.NativeMethodAccessorImpl.invoke(NativeMethodAccessorImpl.java:39)
	at sun.reflect.DelegatingMethodAccessorImpl.invoke(DelegatingMethodAccessorImpl.java:25)
	at java.lang.reflect.Method.invoke(Method.java:597)
	at org.apache.maven.surefire.booter.ProviderFactory$ClassLoaderProxy.invoke(ProviderFactory.java:103)
	at $Proxy0.invoke(Unknown Source)
	at org.apache.maven.surefire.booter.SurefireStarter.invokeProvider(SurefireStarter.java:150)
	at org.apache.maven.surefire.booter.SurefireStarter.runSuitesInProcess(SurefireStarter.java:91)
	at org.apache.maven.surefire.booter.ForkedBooter.main(ForkedBooter.java:69)
</failure>
    <system-out>@SLTests run: 6, Failures: 1, Errors: 0, Skipped: 0, Time elapsed: 0 sec &lt;&lt;&lt; FAILURE!
@SLRunning com.bleum.canton.common.dao.DaoTest
09:55:18.500 [main] DEBUG c.b.c.c.s.DaoBeanDefinitionRegistryPostProcessor - starting register dao bean...
09:55:18.610 [main] DEBUG c.b.c.c.spring.DaoComponentProvider - check candidate:com.bleum.canton.sample.dao.CustomerDao
09:55:18.610 [main] DEBUG c.b.c.c.spring.DaoComponentProvider - Identified candidate component class: file [D:\ATG\ATG9.1\estore\target\classes\com\bleum\canton\sample\dao\CustomerDao.class]
09:55:18.625 [main] DEBUG c.b.c.c.s.DaoBeanDefinitionRegistryPostProcessor - candidates size:1
09:55:18.625 [main] DEBUG c.b.c.c.s.DaoBeanDefinitionRegistryPostProcessor - Registr bean for dao interface:com.bleum.canton.sample.dao.CustomerDao
09:55:18.625 [main] DEBUG c.b.c.c.s.DaoBeanDefinitionRegistryPostProcessor - entity type:com.bleum.canton.sample.entity.SampleCustomer
09:55:18.625 [main] DEBUG c.b.c.c.s.DaoBeanDefinitionRegistryPostProcessor - beanName:CustomerDao
09:55:18.625 [main] DEBUG c.b.c.c.s.DaoBeanDefinitionRegistryPostProcessor - done register dao bean...
09:55:18.625 [main] DEBUG c.b.c.c.s.DaoBeanDefinitionRegistryPostProcessor - Registered beans start--------------&gt;
09:55:18.625 [main] DEBUG c.b.c.c.s.DaoBeanDefinitionRegistryPostProcessor - checkOutProcessor
09:55:18.625 [main] DEBUG c.b.c.c.s.DaoBeanDefinitionRegistryPostProcessor - itempageServiceImp
09:55:18.625 [main] DEBUG c.b.c.c.s.DaoBeanDefinitionRegistryPostProcessor - productManagementService
09:55:18.625 [main] DEBUG c.b.c.c.s.DaoBeanDefinitionRegistryPostProcessor - searchService
09:55:18.625 [main] DEBUG c.b.c.c.s.DaoBeanDefinitionRegistryPostProcessor - xmlIndexService
09:55:18.625 [main] DEBUG c.b.c.c.s.DaoBeanDefinitionRegistryPostProcessor - shoppingCartService
09:55:18.625 [main] DEBUG c.b.c.c.s.DaoBeanDefinitionRegistryPostProcessor - org.springframework.context.annotation.internalConfigurationAnnotationProcessor
09:55:18.625 [main] DEBUG c.b.c.c.s.DaoBeanDefinitionRegistryPostProcessor - org.springframework.context.annotation.internalAutowiredAnnotationProcessor
09:55:18.625 [main] DEBUG c.b.c.c.s.DaoBeanDefinitionRegistryPostProcessor - org.springframework.context.annotation.internalRequiredAnnotationProcessor
09:55:18.625 [main] DEBUG c.b.c.c.s.DaoBeanDefinitionRegistryPostProcessor - org.springframework.context.annotation.internalCommonAnnotationProcessor
09:55:18.625 [main] DEBUG c.b.c.c.s.DaoBeanDefinitionRegistryPostProcessor - org.springframework.context.annotation.internalPersistenceAnnotationProcessor
09:55:18.625 [main] DEBUG c.b.c.c.s.DaoBeanDefinitionRegistryPostProcessor - checkOutDaoImpl
09:55:18.625 [main] DEBUG c.b.c.c.s.DaoBeanDefinitionRegistryPostProcessor - checkOutItemsDaoImpl
09:55:18.625 [main] DEBUG c.b.c.c.s.DaoBeanDefinitionRegistryPostProcessor - categoryDaoImpl
09:55:18.625 [main] DEBUG c.b.c.c.s.DaoBeanDefinitionRegistryPostProcessor - itemDaoImp
09:55:18.625 [main] DEBUG c.b.c.c.s.DaoBeanDefinitionRegistryPostProcessor - productDaoImp
09:55:18.625 [main] DEBUG c.b.c.c.s.DaoBeanDefinitionRegistryPostProcessor - productIRCDaoImp
09:55:18.625 [main] DEBUG c.b.c.c.s.DaoBeanDefinitionRegistryPostProcessor - productRCDaoImp
09:55:18.625 [main] DEBUG c.b.c.c.s.DaoBeanDefinitionRegistryPostProcessor - customerDao
09:55:18.625 [main] DEBUG c.b.c.c.s.DaoBeanDefinitionRegistryPostProcessor - customerProfileDao
09:55:18.625 [main] DEBUG c.b.c.c.s.DaoBeanDefinitionRegistryPostProcessor - homeAddrDao
09:55:18.625 [main] DEBUG c.b.c.c.s.DaoBeanDefinitionRegistryPostProcessor - customerPwdSecurity
09:55:18.625 [main] DEBUG c.b.c.c.s.DaoBeanDefinitionRegistryPostProcessor - productDao
09:55:18.625 [main] DEBUG c.b.c.c.s.DaoBeanDefinitionRegistryPostProcessor - productStorageDao
09:55:18.625 [main] DEBUG c.b.c.c.s.DaoBeanDefinitionRegistryPostProcessor - userImplementedCustomerDao
09:55:18.625 [main] DEBUG c.b.c.c.s.DaoBeanDefinitionRegistryPostProcessor - searchDao
09:55:18.625 [main] DEBUG c.b.c.c.s.DaoBeanDefinitionRegistryPostProcessor - shoppingCartDao
09:55:18.625 [main] DEBUG c.b.c.c.s.DaoBeanDefinitionRegistryPostProcessor - org.springframework.context.support.PropertySourcesPlaceholderConfigurer#0
09:55:18.625 [main] DEBUG c.b.c.c.s.DaoBeanDefinitionRegistryPostProcessor - productDataSource
09:55:18.625 [main] DEBUG c.b.c.c.s.DaoBeanDefinitionRegistryPostProcessor - storageDataSource
09:55:18.625 [main] DEBUG c.b.c.c.s.DaoBeanDefinitionRegistryPostProcessor - productSessionFactory
09:55:18.625 [main] DEBUG c.b.c.c.s.DaoBeanDefinitionRegistryPostProcessor - storageSessionFactory
09:55:18.625 [main] DEBUG c.b.c.c.s.DaoBeanDefinitionRegistryPostProcessor - atomikosTransactionManager
09:55:18.625 [main] DEBUG c.b.c.c.s.DaoBeanDefinitionRegistryPostProcessor - atomikosUserTransaction
09:55:18.625 [main] DEBUG c.b.c.c.s.DaoBeanDefinitionRegistryPostProcessor - transactionManager
09:55:18.625 [main] DEBUG c.b.c.c.s.DaoBeanDefinitionRegistryPostProcessor - org.springframework.aop.config.internalAutoProxyCreator
09:55:18.625 [main] DEBUG c.b.c.c.s.DaoBeanDefinitionRegistryPostProcessor - org.springframework.transaction.annotation.AnnotationTransactionAttributeSource#0
09:55:18.625 [main] DEBUG c.b.c.c.s.DaoBeanDefinitionRegistryPostProcessor - org.springframework.transaction.interceptor.TransactionInterceptor#0
09:55:18.641 [main] DEBUG c.b.c.c.s.DaoBeanDefinitionRegistryPostProcessor - org.springframework.transaction.config.internalTransactionAdvisor
09:55:18.641 [main] DEBUG c.b.c.c.s.DaoBeanDefinitionRegistryPostProcessor - org.springframework.dao.annotation.PersistenceExceptionTranslationPostProcessor#0
09:55:18.641 [main] DEBUG c.b.c.c.s.DaoBeanDefinitionRegistryPostProcessor - daoInterceptor
09:55:18.641 [main] DEBUG c.b.c.c.s.DaoBeanDefinitionRegistryPostProcessor - abstractDaoTarget
09:55:18.641 [main] DEBUG c.b.c.c.s.DaoBeanDefinitionRegistryPostProcessor - abstractDao
09:55:18.641 [main] DEBUG c.b.c.c.s.DaoBeanDefinitionRegistryPostProcessor - com.bleum.canton.common.spring.DaoBeanDefinitionRegistryPostProcessor#0
09:55:18.641 [main] DEBUG c.b.c.c.s.DaoBeanDefinitionRegistryPostProcessor - org.springframework.context.annotation.ConfigurationClassPostProcessor$ImportAwareBeanPostProcessor#0
09:55:18.641 [main] DEBUG c.b.c.c.s.DaoBeanDefinitionRegistryPostProcessor - CustomerDao
09:55:18.641 [main] DEBUG c.b.c.c.s.DaoBeanDefinitionRegistryPostProcessor - Registered beans end--------------&gt;
09:55:18.907 [main] INFO  o.h.annotations.common.Version - Hibernate Commons Annotations 3.2.0.Final
09:55:18.907 [main] INFO  org.hibernate.cfg.Environment - Hibernate 3.6.9.Final
09:55:18.907 [main] INFO  org.hibernate.cfg.Environment - hibernate.properties not found
09:55:18.907 [main] INFO  org.hibernate.cfg.Environment - Bytecode provider name : javassist
09:55:18.922 [main] INFO  org.hibernate.cfg.Environment - using JDK 1.4 java.sql.Timestamp handling
09:55:18.954 [main] DEBUG o.h.i.f.DefaultIdentifierGeneratorFactory - Registering IdentifierGenerator strategy [uuid2] -&gt; [class org.hibernate.id.UUIDGenerator]
09:55:18.954 [main] DEBUG o.h.i.f.DefaultIdentifierGeneratorFactory - Registering IdentifierGenerator strategy [guid] -&gt; [class org.hibernate.id.GUIDGenerator]
09:55:18.954 [main] DEBUG o.h.i.f.DefaultIdentifierGeneratorFactory - Registering IdentifierGenerator strategy [uuid] -&gt; [class org.hibernate.id.UUIDHexGenerator]
09:55:18.954 [main] DEBUG o.h.i.f.DefaultIdentifierGeneratorFactory - Registering IdentifierGenerator strategy [uuid.hex] -&gt; [class org.hibernate.id.UUIDHexGenerator]
09:55:18.954 [main] DEBUG o.h.i.f.DefaultIdentifierGeneratorFactory - Registering IdentifierGenerator strategy [hilo] -&gt; [class org.hibernate.id.TableHiLoGenerator]
09:55:18.954 [main] DEBUG o.h.i.f.DefaultIdentifierGeneratorFactory - Registering IdentifierGenerator strategy [assigned] -&gt; [class org.hibernate.id.Assigned]
09:55:18.954 [main] DEBUG o.h.i.f.DefaultIdentifierGeneratorFactory - Registering IdentifierGenerator strategy [identity] -&gt; [class org.hibernate.id.IdentityGenerator]
09:55:18.954 [main] DEBUG o.h.i.f.DefaultIdentifierGeneratorFactory - Registering IdentifierGenerator strategy [select] -&gt; [class org.hibernate.id.SelectGenerator]
09:55:18.954 [main] DEBUG o.h.i.f.DefaultIdentifierGeneratorFactory - Registering IdentifierGenerator strategy [sequence] -&gt; [class org.hibernate.id.SequenceGenerator]
09:55:18.954 [main] DEBUG o.h.i.f.DefaultIdentifierGeneratorFactory - Registering IdentifierGenerator strategy [seqhilo] -&gt; [class org.hibernate.id.SequenceHiLoGenerator]
09:55:18.954 [main] DEBUG o.h.i.f.DefaultIdentifierGeneratorFactory - Registering IdentifierGenerator strategy [increment] -&gt; [class org.hibernate.id.IncrementGenerator]
09:55:18.954 [main] DEBUG o.h.i.f.DefaultIdentifierGeneratorFactory - Registering IdentifierGenerator strategy [foreign] -&gt; [class org.hibernate.id.ForeignGenerator]
09:55:18.954 [main] DEBUG o.h.i.f.DefaultIdentifierGeneratorFactory - Registering IdentifierGenerator strategy [sequence-identity] -&gt; [class org.hibernate.id.SequenceIdentityGenerator]
09:55:18.954 [main] DEBUG o.h.i.f.DefaultIdentifierGeneratorFactory - Registering IdentifierGenerator strategy [enhanced-sequence] -&gt; [class org.hibernate.id.enhanced.SequenceStyleGenerator]
09:55:18.969 [main] DEBUG o.h.i.f.DefaultIdentifierGeneratorFactory - Registering IdentifierGenerator strategy [enhanced-table] -&gt; [class org.hibernate.id.enhanced.TableGenerator]
09:55:18.985 [main] DEBUG org.hibernate.util.DTDEntityResolver - trying to resolve system-id [http://www.hibernate.org/dtd/hibernate-mapping-3.0.dtd]
09:55:18.985 [main] DEBUG org.hibernate.util.DTDEntityResolver - recognized hibernate namespace; attempting to resolve on classpath under org/hibernate/
09:55:18.985 [main] DEBUG org.hibernate.util.DTDEntityResolver - located [http://www.hibernate.org/dtd/hibernate-mapping-3.0.dtd] in classpath
09:55:19.125 [main] DEBUG org.hibernate.cfg.Configuration - Processing hbm.xml files
09:55:19.141 [main] INFO  org.hibernate.cfg.HbmBinder - Mapping class: com.bleum.canton.sample.entity.Product -&gt; T_PRODUCT
09:55:19.141 [main] DEBUG org.hibernate.cfg.HbmBinder - Mapped property: id -&gt; ID
09:55:19.157 [main] DEBUG org.hibernate.cfg.HbmBinder - Mapped property: productName -&gt; PRODUCT_NAME
09:55:19.157 [main] DEBUG org.hibernate.cfg.HbmBinder - Mapped property: skuId -&gt; SKU_ID
09:55:19.157 [main] DEBUG org.hibernate.cfg.Configuration - Process annotated classes
09:55:19.157 [main] INFO  org.hibernate.cfg.AnnotationBinder - Binding entity from annotated class: com.bleum.canton.checkout.entity.CheckOut
09:55:19.172 [main] DEBUG org.hibernate.cfg.Ejb3Column - Binding column: Ejb3DiscriminatorColumn{logicalColumnName&apos;DTYPE&apos;, discriminatorTypeName=&apos;string&apos;}
09:55:19.172 [main] DEBUG org.hibernate.cfg.AnnotationBinder - no value specified for &apos;javax.persistence.sharedCache.mode&apos;; using UNSPECIFIED
09:55:19.172 [main] DEBUG o.h.cfg.annotations.EntityBinder - Import with entity name CheckOut
09:55:19.172 [main] INFO  o.h.cfg.annotations.EntityBinder - Bind entity com.bleum.canton.checkout.entity.CheckOut on table CheckOut
09:55:19.204 [main] DEBUG org.hibernate.cfg.Ejb3Column - Binding column: Ejb3Column{table=org.hibernate.mapping.Table(CheckOut), mappingColumn=ID, insertable=true, updatable=true, unique=false}
09:55:19.204 [main] DEBUG o.h.cfg.annotations.PropertyBinder - binding property id with lazy=false
09:55:19.204 [main] DEBUG o.h.c.annotations.SimpleValueBinder - building SimpleValue for id
09:55:19.204 [main] DEBUG o.h.cfg.annotations.PropertyBinder - Building property id
09:55:19.204 [main] DEBUG org.hibernate.cfg.Ejb3Column - Binding column: Ejb3Column{table=org.hibernate.mapping.Table(CheckOut), mappingColumn=created_date, insertable=true, updatable=false, unique=false}
09:55:19.204 [main] DEBUG o.h.cfg.annotations.PropertyBinder - binding property createdDate with lazy=false
09:55:19.204 [main] DEBUG o.h.c.annotations.SimpleValueBinder - building SimpleValue for createdDate
09:55:19.204 [main] DEBUG o.h.cfg.annotations.PropertyBinder - Building property createdDate
09:55:19.204 [main] DEBUG org.hibernate.cfg.Ejb3Column - Binding column: Ejb3Column{table=org.hibernate.mapping.Table(CheckOut), mappingColumn=last_modified_date, insertable=true, updatable=true, unique=false}
09:55:19.204 [main] DEBUG o.h.cfg.annotations.PropertyBinder - binding property lastModifiedDate with lazy=false
09:55:19.204 [main] DEBUG o.h.c.annotations.SimpleValueBinder - building SimpleValue for lastModifiedDate
09:55:19.204 [main] DEBUG o.h.cfg.annotations.PropertyBinder - Building property lastModifiedDate
09:55:19.204 [main] DEBUG org.hibernate.cfg.Ejb3Column - Binding column: Ejb3Column{table=org.hibernate.mapping.Table(CheckOut), mappingColumn=AMOUNT, insertable=true, updatable=true, unique=false}
09:55:19.204 [main] DEBUG o.h.cfg.annotations.PropertyBinder - binding property amount with lazy=false
09:55:19.204 [main] DEBUG o.h.c.annotations.SimpleValueBinder - building SimpleValue for amount
09:55:19.204 [main] DEBUG o.h.cfg.annotations.PropertyBinder - Building property amount
09:55:19.204 [main] DEBUG org.hibernate.cfg.Ejb3Column - Binding column: Ejb3Column{table=org.hibernate.mapping.Table(CheckOut), mappingColumn=CUSTOMER_ID, insertable=true, updatable=true, unique=false}
09:55:19.204 [main] DEBUG o.h.cfg.annotations.PropertyBinder - binding property customerId with lazy=false
09:55:19.204 [main] DEBUG o.h.c.annotations.SimpleValueBinder - building SimpleValue for customerId
09:55:19.204 [main] DEBUG o.h.cfg.annotations.PropertyBinder - Building property customerId
09:55:19.219 [main] DEBUG org.hibernate.cfg.Ejb3Column - Binding column: Ejb3JoinColumn{logicalColumnName=&apos;INVOICE_ID&apos;, referencedColumn=&apos;&apos;, mappedBy=&apos;&apos;}
09:55:19.219 [main] DEBUG org.hibernate.cfg.Ejb3Column - Binding column: Ejb3Column{table=org.hibernate.mapping.Table(CheckOut), mappingColumn=invoice, insertable=true, updatable=true, unique=false}
09:55:19.219 [main] DEBUG o.h.cfg.annotations.PropertyBinder - Building property invoice
09:55:19.219 [main] DEBUG org.hibernate.cfg.Ejb3Column - Binding column: Ejb3JoinColumn{logicalColumnName=&apos;null&apos;, referencedColumn=&apos;null&apos;, mappedBy=&apos;checkOut&apos;}
09:55:19.219 [main] DEBUG org.hibernate.cfg.Ejb3Column - Binding column: Ejb3Column{table=org.hibernate.mapping.Table(CheckOut), mappingColumn=itemCollection, insertable=true, updatable=true, unique=false}
09:55:19.219 [main] DEBUG org.hibernate.cfg.Ejb3Column - Binding column: Ejb3Column{table=org.hibernate.mapping.Table(CheckOut), mappingColumn=null, insertable=true, updatable=true, unique=false}
09:55:19.219 [main] DEBUG org.hibernate.cfg.Ejb3Column - Binding column: Ejb3Column{table=org.hibernate.mapping.Table(CheckOut), mappingColumn=element, insertable=true, updatable=true, unique=false}
09:55:19.219 [main] DEBUG org.hibernate.cfg.Ejb3Column - Binding column: Ejb3Column{table=org.hibernate.mapping.Table(CheckOut), mappingColumn=itemCollection_KEY, insertable=true, updatable=true, unique=false}
09:55:19.219 [main] DEBUG org.hibernate.cfg.Ejb3Column - Binding column: Ejb3JoinColumn{logicalColumnName=&apos;itemCollection_KEY&apos;, referencedColumn=&apos;null&apos;, mappedBy=&apos;null&apos;}
09:55:19.219 [main] DEBUG org.hibernate.cfg.Ejb3Column - Binding column: Ejb3JoinColumn{logicalColumnName=&apos;null&apos;, referencedColumn=&apos;null&apos;, mappedBy=&apos;checkOut&apos;}
09:55:19.219 [main] DEBUG org.hibernate.cfg.Ejb3Column - Binding column: Ejb3JoinColumn{logicalColumnName=&apos;null&apos;, referencedColumn=&apos;null&apos;, mappedBy=&apos;checkOut&apos;}
09:55:19.235 [main] DEBUG o.h.cfg.annotations.CollectionBinder - Collection role: com.bleum.canton.checkout.entity.CheckOut.itemCollection
09:55:19.235 [main] DEBUG o.h.cfg.annotations.PropertyBinder - Building property itemCollection
09:55:19.235 [main] DEBUG org.hibernate.cfg.Ejb3Column - Binding column: Ejb3JoinColumn{logicalColumnName=&apos;PAYMENT_METHOD_ID&apos;, referencedColumn=&apos;&apos;, mappedBy=&apos;&apos;}
09:55:19.235 [main] DEBUG org.hibernate.cfg.Ejb3Column - Binding column: Ejb3Column{table=org.hibernate.mapping.Table(CheckOut), mappingColumn=paymentMethod, insertable=true, updatable=true, unique=false}
09:55:19.235 [main] DEBUG o.h.cfg.annotations.PropertyBinder - Building property paymentMethod
09:55:19.235 [main] DEBUG org.hibernate.cfg.Ejb3Column - Binding column: Ejb3JoinColumn{logicalColumnName=&apos;SHIPPING_METHOD_ID&apos;, referencedColumn=&apos;&apos;, mappedBy=&apos;&apos;}
09:55:19.235 [main] DEBUG org.hibernate.cfg.Ejb3Column - Binding column: Ejb3Column{table=org.hibernate.mapping.Table(CheckOut), mappingColumn=shippingMethod, insertable=true, updatable=true, unique=false}
09:55:19.235 [main] DEBUG o.h.cfg.annotations.PropertyBinder - Building property shippingMethod
09:55:19.235 [main] INFO  org.hibernate.cfg.AnnotationBinder - Binding entity from annotated class: com.bleum.canton.checkout.entity.CheckOutItemDetail
09:55:19.235 [main] DEBUG org.hibernate.cfg.Ejb3Column - Binding column: Ejb3DiscriminatorColumn{logicalColumnName&apos;DTYPE&apos;, discriminatorTypeName=&apos;string&apos;}
09:55:19.235 [main] DEBUG org.hibernate.cfg.AnnotationBinder - no value specified for &apos;javax.persistence.sharedCache.mode&apos;; using UNSPECIFIED
09:55:19.235 [main] DEBUG o.h.cfg.annotations.EntityBinder - Import with entity name CheckOutItemDetail
09:55:19.235 [main] INFO  o.h.cfg.annotations.EntityBinder - Bind entity com.bleum.canton.checkout.entity.CheckOutItemDetail on table ItemCollecion
09:55:19.235 [main] DEBUG org.hibernate.cfg.Ejb3Column - Binding column: Ejb3Column{table=org.hibernate.mapping.Table(ItemCollecion), mappingColumn=ID, insertable=true, updatable=true, unique=false}
09:55:19.235 [main] DEBUG o.h.cfg.annotations.PropertyBinder - binding property id with lazy=false
09:55:19.235 [main] DEBUG o.h.c.annotations.SimpleValueBinder - building SimpleValue for id
09:55:19.235 [main] DEBUG o.h.cfg.annotations.PropertyBinder - Building property id
09:55:19.235 [main] DEBUG org.hibernate.cfg.Ejb3Column - Binding column: Ejb3Column{table=org.hibernate.mapping.Table(ItemCollecion), mappingColumn=created_date, insertable=true, updatable=false, unique=false}
09:55:19.235 [main] DEBUG o.h.cfg.annotations.PropertyBinder - binding property createdDate with lazy=false
09:55:19.235 [main] DEBUG o.h.c.annotations.SimpleValueBinder - building SimpleValue for createdDate
09:55:19.235 [main] DEBUG o.h.cfg.annotations.PropertyBinder - Building property createdDate
09:55:19.235 [main] DEBUG org.hibernate.cfg.Ejb3Column - Binding column: Ejb3Column{table=org.hibernate.mapping.Table(ItemCollecion), mappingColumn=last_modified_date, insertable=true, updatable=true, unique=false}
09:55:19.235 [main] DEBUG o.h.cfg.annotations.PropertyBinder - binding property lastModifiedDate with lazy=false
09:55:19.235 [main] DEBUG o.h.c.annotations.SimpleValueBinder - building SimpleValue for lastModifiedDate
09:55:19.235 [main] DEBUG o.h.cfg.annotations.PropertyBinder - Building property lastModifiedDate
09:55:19.235 [main] DEBUG org.hibernate.cfg.Ejb3Column - Binding column: Ejb3JoinColumn{logicalColumnName=&apos;CHECKOUT_ITEM_ID&apos;, referencedColumn=&apos;&apos;, mappedBy=&apos;&apos;}
09:55:19.235 [main] DEBUG org.hibernate.cfg.Ejb3Column - Binding column: Ejb3Column{table=org.hibernate.mapping.Table(ItemCollecion), mappingColumn=checkOut, insertable=true, updatable=true, unique=false}
09:55:19.235 [main] DEBUG o.h.cfg.annotations.PropertyBinder - Building property checkOut
09:55:19.235 [main] DEBUG org.hibernate.cfg.Ejb3Column - Binding column: Ejb3Column{table=org.hibernate.mapping.Table(ItemCollecion), mappingColumn=PRODUCT_ITEM_ID, insertable=true, updatable=true, unique=false}
09:55:19.235 [main] DEBUG o.h.cfg.annotations.PropertyBinder - binding property productItemId with lazy=false
09:55:19.235 [main] DEBUG o.h.c.annotations.SimpleValueBinder - building SimpleValue for productItemId
09:55:19.235 [main] DEBUG o.h.cfg.annotations.PropertyBinder - Building property productItemId
09:55:19.235 [main] INFO  org.hibernate.cfg.AnnotationBinder - Binding entity from annotated class: com.bleum.canton.checkout.entity.Invoice
09:55:19.235 [main] DEBUG org.hibernate.cfg.Ejb3Column - Binding column: Ejb3DiscriminatorColumn{logicalColumnName&apos;DTYPE&apos;, discriminatorTypeName=&apos;string&apos;}
09:55:19.235 [main] DEBUG org.hibernate.cfg.AnnotationBinder - no value specified for &apos;javax.persistence.sharedCache.mode&apos;; using UNSPECIFIED
09:55:19.235 [main] DEBUG o.h.cfg.annotations.EntityBinder - Import with entity name Invoice
09:55:19.235 [main] INFO  o.h.cfg.annotations.EntityBinder - Bind entity com.bleum.canton.checkout.entity.Invoice on table Invoice
09:55:19.235 [main] DEBUG org.hibernate.cfg.Ejb3Column - Binding column: Ejb3Column{table=org.hibernate.mapping.Table(Invoice), mappingColumn=ID, insertable=true, updatable=true, unique=false}
09:55:19.235 [main] DEBUG o.h.cfg.annotations.PropertyBinder - binding property id with lazy=false
09:55:19.235 [main] DEBUG o.h.c.annotations.SimpleValueBinder - building SimpleValue for id
09:55:19.235 [main] DEBUG o.h.cfg.annotations.PropertyBinder - Building property id
09:55:19.235 [main] DEBUG org.hibernate.cfg.Ejb3Column - Binding column: Ejb3Column{table=org.hibernate.mapping.Table(Invoice), mappingColumn=created_date, insertable=true, updatable=false, unique=false}
09:55:19.235 [main] DEBUG o.h.cfg.annotations.PropertyBinder - binding property createdDate with lazy=false
09:55:19.235 [main] DEBUG o.h.c.annotations.SimpleValueBinder - building SimpleValue for createdDate
09:55:19.235 [main] DEBUG o.h.cfg.annotations.PropertyBinder - Building property createdDate
09:55:19.235 [main] DEBUG org.hibernate.cfg.Ejb3Column - Binding column: Ejb3Column{table=org.hibernate.mapping.Table(Invoice), mappingColumn=last_modified_date, insertable=true, updatable=true, unique=false}
09:55:19.235 [main] DEBUG o.h.cfg.annotations.PropertyBinder - binding property lastModifiedDate with lazy=false
09:55:19.235 [main] DEBUG o.h.c.annotations.SimpleValueBinder - building SimpleValue for lastModifiedDate
09:55:19.235 [main] DEBUG o.h.cfg.annotations.PropertyBinder - Building property lastModifiedDate
09:55:19.235 [main] DEBUG org.hibernate.cfg.Ejb3Column - Binding column: Ejb3Column{table=org.hibernate.mapping.Table(Invoice), mappingColumn=DESCRIPTION, insertable=true, updatable=true, unique=false}
09:55:19.235 [main] DEBUG o.h.cfg.annotations.PropertyBinder - binding property description with lazy=false
09:55:19.235 [main] DEBUG o.h.c.annotations.SimpleValueBinder - building SimpleValue for description
09:55:19.235 [main] DEBUG o.h.cfg.annotations.PropertyBinder - Building property description
09:55:19.235 [main] DEBUG org.hibernate.cfg.Ejb3Column - Binding column: Ejb3Column{table=org.hibernate.mapping.Table(Invoice), mappingColumn=NAME, insertable=true, updatable=true, unique=false}
09:55:19.235 [main] DEBUG o.h.cfg.annotations.PropertyBinder - binding property name with lazy=false
09:55:19.235 [main] DEBUG o.h.c.annotations.SimpleValueBinder - building SimpleValue for name
09:55:19.235 [main] DEBUG o.h.cfg.annotations.PropertyBinder - Building property name
09:55:19.235 [main] DEBUG org.hibernate.cfg.Ejb3Column - Binding column: Ejb3Column{table=org.hibernate.mapping.Table(Invoice), mappingColumn=TAX, insertable=true, updatable=true, unique=false}
09:55:19.235 [main] DEBUG o.h.cfg.annotations.PropertyBinder - binding property tax with lazy=false
09:55:19.235 [main] DEBUG o.h.c.annotations.SimpleValueBinder - building SimpleValue for tax
09:55:19.235 [main] DEBUG o.h.cfg.annotations.PropertyBinder - Building property tax
09:55:19.235 [main] DEBUG org.hibernate.cfg.Ejb3Column - Binding column: Ejb3Column{table=org.hibernate.mapping.Table(Invoice), mappingColumn=TYPE, insertable=true, updatable=true, unique=false}
09:55:19.235 [main] DEBUG o.h.cfg.annotations.PropertyBinder - binding property type with lazy=false
09:55:19.235 [main] DEBUG o.h.c.annotations.SimpleValueBinder - building SimpleValue for type
09:55:19.235 [main] DEBUG o.h.cfg.annotations.PropertyBinder - Building property type
09:55:19.235 [main] INFO  org.hibernate.cfg.AnnotationBinder - Binding entity from annotated class: com.bleum.canton.checkout.entity.PaymentMethod
09:55:19.235 [main] DEBUG org.hibernate.cfg.Ejb3Column - Binding column: Ejb3DiscriminatorColumn{logicalColumnName&apos;DTYPE&apos;, discriminatorTypeName=&apos;string&apos;}
09:55:19.235 [main] DEBUG org.hibernate.cfg.AnnotationBinder - no value specified for &apos;javax.persistence.sharedCache.mode&apos;; using UNSPECIFIED
09:55:19.235 [main] DEBUG o.h.cfg.annotations.EntityBinder - Import with entity name PaymentMethod
09:55:19.235 [main] INFO  o.h.cfg.annotations.EntityBinder - Bind entity com.bleum.canton.checkout.entity.PaymentMethod on table PaymentMethod
09:55:19.235 [main] DEBUG org.hibernate.cfg.Ejb3Column - Binding column: Ejb3Column{table=org.hibernate.mapping.Table(PaymentMethod), mappingColumn=ID, insertable=true, updatable=true, unique=false}
09:55:19.235 [main] DEBUG o.h.cfg.annotations.PropertyBinder - binding property id with lazy=false
09:55:19.235 [main] DEBUG o.h.c.annotations.SimpleValueBinder - building SimpleValue for id
09:55:19.235 [main] DEBUG o.h.cfg.annotations.PropertyBinder - Building property id
09:55:19.235 [main] DEBUG org.hibernate.cfg.Ejb3Column - Binding column: Ejb3Column{table=org.hibernate.mapping.Table(PaymentMethod), mappingColumn=created_date, insertable=true, updatable=false, unique=false}
09:55:19.235 [main] DEBUG o.h.cfg.annotations.PropertyBinder - binding property createdDate with lazy=false
09:55:19.235 [main] DEBUG o.h.c.annotations.SimpleValueBinder - building SimpleValue for createdDate
09:55:19.235 [main] DEBUG o.h.cfg.annotations.PropertyBinder - Building property createdDate
09:55:19.235 [main] DEBUG org.hibernate.cfg.Ejb3Column - Binding column: Ejb3Column{table=org.hibernate.mapping.Table(PaymentMethod), mappingColumn=last_modified_date, insertable=true, updatable=true, unique=false}
09:55:19.235 [main] DEBUG o.h.cfg.annotations.PropertyBinder - binding property lastModifiedDate with lazy=false
09:55:19.235 [main] DEBUG o.h.c.annotations.SimpleValueBinder - building SimpleValue for lastModifiedDate
09:55:19.235 [main] DEBUG o.h.cfg.annotations.PropertyBinder - Building property lastModifiedDate
09:55:19.235 [main] DEBUG org.hibernate.cfg.Ejb3Column - Binding column: Ejb3Column{table=org.hibernate.mapping.Table(PaymentMethod), mappingColumn=Name, insertable=true, updatable=true, unique=false}
09:55:19.235 [main] DEBUG o.h.cfg.annotations.PropertyBinder - binding property name with lazy=false
09:55:19.235 [main] DEBUG o.h.c.annotations.SimpleValueBinder - building SimpleValue for name
09:55:19.235 [main] DEBUG o.h.cfg.annotations.PropertyBinder - Building property name
09:55:19.235 [main] INFO  org.hibernate.cfg.AnnotationBinder - Binding entity from annotated class: com.bleum.canton.checkout.entity.ShippingMethod
09:55:19.235 [main] DEBUG org.hibernate.cfg.Ejb3Column - Binding column: Ejb3DiscriminatorColumn{logicalColumnName&apos;DTYPE&apos;, discriminatorTypeName=&apos;string&apos;}
09:55:19.235 [main] DEBUG org.hibernate.cfg.AnnotationBinder - no value specified for &apos;javax.persistence.sharedCache.mode&apos;; using UNSPECIFIED
09:55:19.235 [main] DEBUG o.h.cfg.annotations.EntityBinder - Import with entity name ShippingMethod
09:55:19.235 [main] INFO  o.h.cfg.annotations.EntityBinder - Bind entity com.bleum.canton.checkout.entity.ShippingMethod on table ShippingMethod
09:55:19.235 [main] DEBUG org.hibernate.cfg.Ejb3Column - Binding column: Ejb3Column{table=org.hibernate.mapping.Table(ShippingMethod), mappingColumn=ID, insertable=true, updatable=true, unique=false}
09:55:19.235 [main] DEBUG o.h.cfg.annotations.PropertyBinder - binding property id with lazy=false
09:55:19.235 [main] DEBUG o.h.c.annotations.SimpleValueBinder - building SimpleValue for id
09:55:19.235 [main] DEBUG o.h.cfg.annotations.PropertyBinder - Building property id
09:55:19.235 [main] DEBUG org.hibernate.cfg.Ejb3Column - Binding column: Ejb3Column{table=org.hibernate.mapping.Table(ShippingMethod), mappingColumn=created_date, insertable=true, updatable=false, unique=false}
09:55:19.235 [main] DEBUG o.h.cfg.annotations.PropertyBinder - binding property createdDate with lazy=false
09:55:19.235 [main] DEBUG o.h.c.annotations.SimpleValueBinder - building SimpleValue for createdDate
09:55:19.235 [main] DEBUG o.h.cfg.annotations.PropertyBinder - Building property createdDate
09:55:19.235 [main] DEBUG org.hibernate.cfg.Ejb3Column - Binding column: Ejb3Column{table=org.hibernate.mapping.Table(ShippingMethod), mappingColumn=last_modified_date, insertable=true, updatable=true, unique=false}
09:55:19.235 [main] DEBUG o.h.cfg.annotations.PropertyBinder - binding property lastModifiedDate with lazy=false
09:55:19.235 [main] DEBUG o.h.c.annotations.SimpleValueBinder - building SimpleValue for lastModifiedDate
09:55:19.235 [main] DEBUG o.h.cfg.annotations.PropertyBinder - Building property lastModifiedDate
09:55:19.235 [main] DEBUG org.hibernate.cfg.Ejb3Column - Binding column: Ejb3Column{table=org.hibernate.mapping.Table(ShippingMethod), mappingColumn=Name, insertable=true, updatable=true, unique=false}
09:55:19.235 [main] DEBUG o.h.cfg.annotations.PropertyBinder - binding property name with lazy=false
09:55:19.235 [main] DEBUG o.h.c.annotations.SimpleValueBinder - building SimpleValue for name
09:55:19.235 [main] DEBUG o.h.cfg.annotations.PropertyBinder - Building property name
09:55:19.235 [main] INFO  org.hibernate.cfg.AnnotationBinder - Binding entity from annotated class: com.bleum.canton.itempage.entity.Category
09:55:19.235 [main] DEBUG org.hibernate.cfg.Ejb3Column - Binding column: Ejb3DiscriminatorColumn{logicalColumnName&apos;DTYPE&apos;, discriminatorTypeName=&apos;string&apos;}
09:55:19.235 [main] DEBUG org.hibernate.cfg.AnnotationBinder - no value specified for &apos;javax.persistence.sharedCache.mode&apos;; using UNSPECIFIED
09:55:19.235 [main] DEBUG o.h.cfg.annotations.EntityBinder - Import with entity name Category
09:55:19.235 [main] INFO  o.h.cfg.annotations.EntityBinder - Bind entity com.bleum.canton.itempage.entity.Category on table CATEGORY
09:55:19.235 [main] DEBUG org.hibernate.cfg.Ejb3Column - Binding column: Ejb3Column{table=org.hibernate.mapping.Table(CATEGORY), mappingColumn=ID, insertable=true, updatable=true, unique=false}
09:55:19.235 [main] DEBUG o.h.cfg.annotations.PropertyBinder - binding property id with lazy=false
09:55:19.235 [main] DEBUG o.h.c.annotations.SimpleValueBinder - building SimpleValue for id
09:55:19.235 [main] DEBUG o.h.cfg.annotations.PropertyBinder - Building property id
09:55:19.235 [main] DEBUG org.hibernate.cfg.Ejb3Column - Binding column: Ejb3Column{table=org.hibernate.mapping.Table(CATEGORY), mappingColumn=CATEGORYNAME, insertable=true, updatable=true, unique=false}
09:55:19.235 [main] DEBUG o.h.cfg.annotations.PropertyBinder - binding property categoryName with lazy=false
09:55:19.235 [main] DEBUG o.h.c.annotations.SimpleValueBinder - building SimpleValue for categoryName
09:55:19.235 [main] DEBUG o.h.cfg.annotations.PropertyBinder - Building property categoryName
09:55:19.250 [main] DEBUG org.hibernate.cfg.Ejb3Column - Binding column: Ejb3Column{table=org.hibernate.mapping.Table(CATEGORY), mappingColumn=LEVEL, insertable=true, updatable=true, unique=false}
09:55:19.250 [main] DEBUG o.h.cfg.annotations.PropertyBinder - binding property level with lazy=false
09:55:19.250 [main] DEBUG o.h.c.annotations.SimpleValueBinder - building SimpleValue for level
09:55:19.250 [main] DEBUG o.h.cfg.annotations.PropertyBinder - Building property level
09:55:19.250 [main] DEBUG org.hibernate.cfg.Ejb3Column - Binding column: Ejb3Column{table=org.hibernate.mapping.Table(CATEGORY), mappingColumn=PARENTID, insertable=true, updatable=true, unique=false}
09:55:19.250 [main] DEBUG o.h.cfg.annotations.PropertyBinder - binding property parentID with lazy=false
09:55:19.250 [main] DEBUG o.h.c.annotations.SimpleValueBinder - building SimpleValue for parentID
09:55:19.250 [main] DEBUG o.h.cfg.annotations.PropertyBinder - Building property parentID
09:55:19.250 [main] INFO  org.hibernate.cfg.AnnotationBinder - Binding entity from annotated class: com.bleum.canton.itempage.entity.Item
09:55:19.250 [main] DEBUG org.hibernate.cfg.Ejb3Column - Binding column: Ejb3DiscriminatorColumn{logicalColumnName&apos;DTYPE&apos;, discriminatorTypeName=&apos;string&apos;}
09:55:19.250 [main] DEBUG org.hibernate.cfg.AnnotationBinder - no value specified for &apos;javax.persistence.sharedCache.mode&apos;; using UNSPECIFIED
09:55:19.250 [main] DEBUG o.h.cfg.annotations.EntityBinder - Import with entity name Item
09:55:19.250 [main] INFO  o.h.cfg.annotations.EntityBinder - Bind entity com.bleum.canton.itempage.entity.Item on table ITEM
09:55:19.250 [main] DEBUG org.hibernate.cfg.Ejb3Column - Binding column: Ejb3Column{table=org.hibernate.mapping.Table(ITEM), mappingColumn=ID, insertable=true, updatable=true, unique=false}
09:55:19.250 [main] DEBUG o.h.cfg.annotations.PropertyBinder - binding property id with lazy=false
09:55:19.250 [main] DEBUG o.h.c.annotations.SimpleValueBinder - building SimpleValue for id
09:55:19.250 [main] DEBUG o.h.cfg.annotations.PropertyBinder - Building property id
09:55:19.250 [main] DEBUG org.hibernate.cfg.Ejb3Column - Binding column: Ejb3Column{table=org.hibernate.mapping.Table(ITEM), mappingColumn=ITEMLABEL, insertable=true, updatable=true, unique=false}
09:55:19.250 [main] DEBUG o.h.cfg.annotations.PropertyBinder - binding property ItemLabel with lazy=false
09:55:19.250 [main] DEBUG o.h.c.annotations.SimpleValueBinder - building SimpleValue for ItemLabel
09:55:19.250 [main] DEBUG o.h.cfg.annotations.PropertyBinder - Building property ItemLabel
09:55:19.250 [main] DEBUG org.hibernate.cfg.Ejb3Column - Binding column: Ejb3Column{table=org.hibernate.mapping.Table(ITEM), mappingColumn=ITEMNAME, insertable=true, updatable=true, unique=false}
09:55:19.250 [main] DEBUG o.h.cfg.annotations.PropertyBinder - binding property ItemName with lazy=false
09:55:19.250 [main] DEBUG o.h.c.annotations.SimpleValueBinder - building SimpleValue for ItemName
09:55:19.250 [main] DEBUG o.h.cfg.annotations.PropertyBinder - Building property ItemName
09:55:19.250 [main] DEBUG org.hibernate.cfg.Ejb3Column - Binding column: Ejb3JoinColumn{logicalColumnName=&apos;ITEMIMAGE&apos;, referencedColumn=&apos;&apos;, mappedBy=&apos;&apos;}
09:55:19.250 [main] DEBUG org.hibernate.cfg.Ejb3Column - Binding column: Ejb3Column{table=org.hibernate.mapping.Table(ITEM), mappingColumn=images, insertable=true, updatable=true, unique=false}
09:55:19.250 [main] DEBUG org.hibernate.cfg.Ejb3Column - Binding column: Ejb3Column{table=org.hibernate.mapping.Table(ITEM), mappingColumn=null, insertable=true, updatable=true, unique=false}
09:55:19.250 [main] DEBUG org.hibernate.cfg.Ejb3Column - Binding column: Ejb3Column{table=org.hibernate.mapping.Table(ITEM), mappingColumn=element, insertable=true, updatable=true, unique=false}
09:55:19.250 [main] DEBUG org.hibernate.cfg.Ejb3Column - Binding column: Ejb3Column{table=org.hibernate.mapping.Table(ITEM), mappingColumn=images_KEY, insertable=true, updatable=true, unique=false}
09:55:19.250 [main] DEBUG org.hibernate.cfg.Ejb3Column - Binding column: Ejb3JoinColumn{logicalColumnName=&apos;images_KEY&apos;, referencedColumn=&apos;null&apos;, mappedBy=&apos;null&apos;}
09:55:19.250 [main] DEBUG org.hibernate.cfg.Ejb3Column - Binding column: Ejb3JoinColumn{logicalColumnName=&apos;null&apos;, referencedColumn=&apos;null&apos;, mappedBy=&apos;&apos;}
09:55:19.250 [main] DEBUG org.hibernate.cfg.Ejb3Column - Binding column: Ejb3JoinColumn{logicalColumnName=&apos;null&apos;, referencedColumn=&apos;null&apos;, mappedBy=&apos;&apos;}
09:55:19.250 [main] DEBUG o.h.cfg.annotations.CollectionBinder - Collection role: com.bleum.canton.itempage.entity.Item.images
09:55:19.250 [main] DEBUG o.h.cfg.annotations.PropertyBinder - Building property images
09:55:19.250 [main] DEBUG org.hibernate.cfg.Ejb3Column - Binding column: Ejb3Column{table=org.hibernate.mapping.Table(ITEM), mappingColumn=PRICE, insertable=true, updatable=true, unique=false}
09:55:19.250 [main] DEBUG o.h.cfg.annotations.PropertyBinder - binding property price with lazy=false
09:55:19.250 [main] DEBUG o.h.c.annotations.SimpleValueBinder - building SimpleValue for price
09:55:19.250 [main] DEBUG o.h.cfg.annotations.PropertyBinder - Building property price
09:55:19.250 [main] DEBUG org.hibernate.cfg.Ejb3Column - Binding column: Ejb3JoinColumn{logicalColumnName=&apos;PRODUCT&apos;, referencedColumn=&apos;&apos;, mappedBy=&apos;&apos;}
09:55:19.250 [main] DEBUG org.hibernate.cfg.Ejb3Column - Binding column: Ejb3Column{table=org.hibernate.mapping.Table(ITEM), mappingColumn=product, insertable=true, updatable=true, unique=false}
09:55:19.250 [main] DEBUG o.h.cfg.annotations.PropertyBinder - Building property product
09:55:19.250 [main] DEBUG org.hibernate.cfg.Ejb3Column - Binding column: Ejb3Column{table=org.hibernate.mapping.Table(ITEM), mappingColumn=STOCKLEFT, insertable=true, updatable=true, unique=false}
09:55:19.250 [main] DEBUG o.h.cfg.annotations.PropertyBinder - binding property stockLeft with lazy=false
09:55:19.250 [main] DEBUG o.h.c.annotations.SimpleValueBinder - building SimpleValue for stockLeft
09:55:19.250 [main] DEBUG o.h.cfg.annotations.PropertyBinder - Building property stockLeft
09:55:19.250 [main] INFO  org.hibernate.cfg.AnnotationBinder - Binding entity from annotated class: com.bleum.canton.itempage.entity.ItemImage
09:55:19.250 [main] DEBUG org.hibernate.cfg.Ejb3Column - Binding column: Ejb3DiscriminatorColumn{logicalColumnName&apos;DTYPE&apos;, discriminatorTypeName=&apos;string&apos;}
09:55:19.250 [main] DEBUG org.hibernate.cfg.AnnotationBinder - no value specified for &apos;javax.persistence.sharedCache.mode&apos;; using UNSPECIFIED
09:55:19.250 [main] DEBUG o.h.cfg.annotations.EntityBinder - Import with entity name ItemImage
09:55:19.250 [main] INFO  o.h.cfg.annotations.EntityBinder - Bind entity com.bleum.canton.itempage.entity.ItemImage on table ITEMIMAGE
09:55:19.250 [main] DEBUG org.hibernate.cfg.Ejb3Column - Binding column: Ejb3Column{table=org.hibernate.mapping.Table(ITEMIMAGE), mappingColumn=ID, insertable=true, updatable=true, unique=false}
09:55:19.250 [main] DEBUG o.h.cfg.annotations.PropertyBinder - binding property id with lazy=false
09:55:19.250 [main] DEBUG o.h.c.annotations.SimpleValueBinder - building SimpleValue for id
09:55:19.250 [main] DEBUG o.h.cfg.annotations.PropertyBinder - Building property id
09:55:19.250 [main] DEBUG org.hibernate.cfg.Ejb3Column - Binding column: Ejb3JoinColumn{logicalColumnName=&apos;ITEM&apos;, referencedColumn=&apos;&apos;, mappedBy=&apos;&apos;}
09:55:19.250 [main] DEBUG org.hibernate.cfg.Ejb3Column - Binding column: Ejb3Column{table=org.hibernate.mapping.Table(ITEMIMAGE), mappingColumn=item, insertable=true, updatable=true, unique=false}
09:55:19.250 [main] DEBUG o.h.cfg.annotations.PropertyBinder - Building property item
09:55:19.250 [main] DEBUG org.hibernate.cfg.Ejb3Column - Binding column: Ejb3Column{table=org.hibernate.mapping.Table(ITEMIMAGE), mappingColumn=TYPE, insertable=true, updatable=true, unique=false}
09:55:19.250 [main] DEBUG o.h.cfg.annotations.PropertyBinder - binding property type with lazy=false
09:55:19.250 [main] DEBUG o.h.c.annotations.SimpleValueBinder - building SimpleValue for type
09:55:19.250 [main] DEBUG o.h.cfg.annotations.PropertyBinder - Building property type
09:55:19.250 [main] DEBUG org.hibernate.cfg.Ejb3Column - Binding column: Ejb3Column{table=org.hibernate.mapping.Table(ITEMIMAGE), mappingColumn=URL, insertable=true, updatable=true, unique=false}
09:55:19.250 [main] DEBUG o.h.cfg.annotations.PropertyBinder - binding property url with lazy=false
09:55:19.250 [main] DEBUG o.h.c.annotations.SimpleValueBinder - building SimpleValue for url
09:55:19.250 [main] DEBUG o.h.cfg.annotations.PropertyBinder - Building property url
09:55:19.250 [main] INFO  org.hibernate.cfg.AnnotationBinder - Binding entity from annotated class: com.bleum.canton.itempage.entity.ItemRichContent
09:55:19.250 [main] DEBUG org.hibernate.cfg.Ejb3Column - Binding column: Ejb3DiscriminatorColumn{logicalColumnName&apos;DTYPE&apos;, discriminatorTypeName=&apos;string&apos;}
09:55:19.250 [main] DEBUG org.hibernate.cfg.AnnotationBinder - no value specified for &apos;javax.persistence.sharedCache.mode&apos;; using UNSPECIFIED
09:55:19.250 [main] DEBUG o.h.cfg.annotations.EntityBinder - Import with entity name ItemRichContent
09:55:19.250 [main] INFO  o.h.cfg.annotations.EntityBinder - Bind entity com.bleum.canton.itempage.entity.ItemRichContent on table ITEMRICHCONTENT
09:55:19.250 [main] DEBUG org.hibernate.cfg.Ejb3Column - Binding column: Ejb3Column{table=org.hibernate.mapping.Table(ITEMRICHCONTENT), mappingColumn=ID, insertable=true, updatable=true, unique=false}
09:55:19.250 [main] DEBUG o.h.cfg.annotations.PropertyBinder - binding property id with lazy=false
09:55:19.250 [main] DEBUG o.h.c.annotations.SimpleValueBinder - building SimpleValue for id
09:55:19.250 [main] DEBUG o.h.cfg.annotations.PropertyBinder - Building property id
09:55:19.250 [main] DEBUG org.hibernate.cfg.Ejb3Column - Binding column: Ejb3Column{table=org.hibernate.mapping.Table(ITEMRICHCONTENT), mappingColumn=IRCNAME, insertable=true, updatable=true, unique=false}
09:55:19.250 [main] DEBUG o.h.cfg.annotations.PropertyBinder - binding property IRCName with lazy=false
09:55:19.250 [main] DEBUG o.h.c.annotations.SimpleValueBinder - building SimpleValue for IRCName
09:55:19.250 [main] DEBUG o.h.cfg.annotations.PropertyBinder - Building property IRCName
09:55:19.250 [main] DEBUG org.hibernate.cfg.Ejb3Column - Binding column: Ejb3JoinColumn{logicalColumnName=&apos;CATEGORY&apos;, referencedColumn=&apos;&apos;, mappedBy=&apos;&apos;}
09:55:19.250 [main] DEBUG org.hibernate.cfg.Ejb3Column - Binding column: Ejb3Column{table=org.hibernate.mapping.Table(ITEMRICHCONTENT), mappingColumn=category, insertable=true, updatable=true, unique=false}
09:55:19.250 [main] DEBUG o.h.cfg.annotations.PropertyBinder - Building property category
09:55:19.250 [main] INFO  org.hibernate.cfg.AnnotationBinder - Binding entity from annotated class: com.bleum.canton.itempage.entity.Product
09:55:19.250 [main] DEBUG org.hibernate.cfg.Ejb3Column - Binding column: Ejb3DiscriminatorColumn{logicalColumnName&apos;DTYPE&apos;, discriminatorTypeName=&apos;string&apos;}
09:55:19.250 [main] DEBUG org.hibernate.cfg.AnnotationBinder - no value specified for &apos;javax.persistence.sharedCache.mode&apos;; using UNSPECIFIED
09:55:19.250 [main] DEBUG o.h.cfg.annotations.EntityBinder - Import with entity name Product
09:55:19.360 [main] DEBUG c.b.c.c.s.DaoBeanDefinitionRegistryPostProcessor - starting register dao bean...
09:55:19.454 [main] DEBUG c.b.c.c.spring.DaoComponentProvider - check candidate:com.bleum.canton.sample.dao.CustomerDao
09:55:19.454 [main] DEBUG c.b.c.c.spring.DaoComponentProvider - Identified candidate component class: file [D:\ATG\ATG9.1\estore\target\classes\com\bleum\canton\sample\dao\CustomerDao.class]
09:55:19.454 [main] DEBUG c.b.c.c.s.DaoBeanDefinitionRegistryPostProcessor - candidates size:1
09:55:19.454 [main] DEBUG c.b.c.c.s.DaoBeanDefinitionRegistryPostProcessor - Registr bean for dao interface:com.bleum.canton.sample.dao.CustomerDao
09:55:19.454 [main] DEBUG c.b.c.c.s.DaoBeanDefinitionRegistryPostProcessor - entity type:com.bleum.canton.sample.entity.SampleCustomer
09:55:19.454 [main] DEBUG c.b.c.c.s.DaoBeanDefinitionRegistryPostProcessor - beanName:CustomerDao
09:55:19.454 [main] DEBUG c.b.c.c.s.DaoBeanDefinitionRegistryPostProcessor - done register dao bean...
09:55:19.454 [main] DEBUG c.b.c.c.s.DaoBeanDefinitionRegistryPostProcessor - Registered beans start--------------&gt;
09:55:19.454 [main] DEBUG c.b.c.c.s.DaoBeanDefinitionRegistryPostProcessor - checkOutProcessor
09:55:19.454 [main] DEBUG c.b.c.c.s.DaoBeanDefinitionRegistryPostProcessor - itempageServiceImp
09:55:19.454 [main] DEBUG c.b.c.c.s.DaoBeanDefinitionRegistryPostProcessor - productManagementService
09:55:19.454 [main] DEBUG c.b.c.c.s.DaoBeanDefinitionRegistryPostProcessor - searchService
09:55:19.454 [main] DEBUG c.b.c.c.s.DaoBeanDefinitionRegistryPostProcessor - xmlIndexService
09:55:19.454 [main] DEBUG c.b.c.c.s.DaoBeanDefinitionRegistryPostProcessor - shoppingCartService
09:55:19.454 [main] DEBUG c.b.c.c.s.DaoBeanDefinitionRegistryPostProcessor - org.springframework.context.annotation.internalConfigurationAnnotationProcessor
09:55:19.454 [main] DEBUG c.b.c.c.s.DaoBeanDefinitionRegistryPostProcessor - org.springframework.context.annotation.internalAutowiredAnnotationProcessor
09:55:19.454 [main] DEBUG c.b.c.c.s.DaoBeanDefinitionRegistryPostProcessor - org.springframework.context.annotation.internalRequiredAnnotationProcessor
09:55:19.454 [main] DEBUG c.b.c.c.s.DaoBeanDefinitionRegistryPostProcessor - org.springframework.context.annotation.internalCommonAnnotationProcessor
09:55:19.454 [main] DEBUG c.b.c.c.s.DaoBeanDefinitionRegistryPostProcessor - org.springframework.context.annotation.internalPersistenceAnnotationProcessor
09:55:19.454 [main] DEBUG c.b.c.c.s.DaoBeanDefinitionRegistryPostProcessor - checkOutDaoImpl
09:55:19.454 [main] DEBUG c.b.c.c.s.DaoBeanDefinitionRegistryPostProcessor - checkOutItemsDaoImpl
09:55:19.454 [main] DEBUG c.b.c.c.s.DaoBeanDefinitionRegistryPostProcessor - categoryDaoImpl
09:55:19.454 [main] DEBUG c.b.c.c.s.DaoBeanDefinitionRegistryPostProcessor - itemDaoImp
09:55:19.454 [main] DEBUG c.b.c.c.s.DaoBeanDefinitionRegistryPostProcessor - productDaoImp
09:55:19.454 [main] DEBUG c.b.c.c.s.DaoBeanDefinitionRegistryPostProcessor - productIRCDaoImp
09:55:19.454 [main] DEBUG c.b.c.c.s.DaoBeanDefinitionRegistryPostProcessor - productRCDaoImp
09:55:19.454 [main] DEBUG c.b.c.c.s.DaoBeanDefinitionRegistryPostProcessor - customerDao
09:55:19.454 [main] DEBUG c.b.c.c.s.DaoBeanDefinitionRegistryPostProcessor - customerProfileDao
09:55:19.454 [main] DEBUG c.b.c.c.s.DaoBeanDefinitionRegistryPostProcessor - homeAddrDao
09:55:19.454 [main] DEBUG c.b.c.c.s.DaoBeanDefinitionRegistryPostProcessor - customerPwdSecurity
09:55:19.454 [main] DEBUG c.b.c.c.s.DaoBeanDefinitionRegistryPostProcessor - productDao
09:55:19.454 [main] DEBUG c.b.c.c.s.DaoBeanDefinitionRegistryPostProcessor - productStorageDao
09:55:19.454 [main] DEBUG c.b.c.c.s.DaoBeanDefinitionRegistryPostProcessor - userImplementedCustomerDao
09:55:19.454 [main] DEBUG c.b.c.c.s.DaoBeanDefinitionRegistryPostProcessor - searchDao
09:55:19.454 [main] DEBUG c.b.c.c.s.DaoBeanDefinitionRegistryPostProcessor - shoppingCartDao
09:55:19.454 [main] DEBUG c.b.c.c.s.DaoBeanDefinitionRegistryPostProcessor - org.springframework.context.support.PropertySourcesPlaceholderConfigurer#0
09:55:19.454 [main] DEBUG c.b.c.c.s.DaoBeanDefinitionRegistryPostProcessor - productDataSource
09:55:19.454 [main] DEBUG c.b.c.c.s.DaoBeanDefinitionRegistryPostProcessor - storageDataSource
09:55:19.454 [main] DEBUG c.b.c.c.s.DaoBeanDefinitionRegistryPostProcessor - productSessionFactory
09:55:19.454 [main] DEBUG c.b.c.c.s.DaoBeanDefinitionRegistryPostProcessor - storageSessionFactory
09:55:19.454 [main] DEBUG c.b.c.c.s.DaoBeanDefinitionRegistryPostProcessor - atomikosTransactionManager
09:55:19.454 [main] DEBUG c.b.c.c.s.DaoBeanDefinitionRegistryPostProcessor - atomikosUserTransaction
09:55:19.454 [main] DEBUG c.b.c.c.s.DaoBeanDefinitionRegistryPostProcessor - transactionManager
09:55:19.454 [main] DEBUG c.b.c.c.s.DaoBeanDefinitionRegistryPostProcessor - org.springframework.aop.config.internalAutoProxyCreator
09:55:19.454 [main] DEBUG c.b.c.c.s.DaoBeanDefinitionRegistryPostProcessor - org.springframework.transaction.annotation.AnnotationTransactionAttributeSource#0
09:55:19.454 [main] DEBUG c.b.c.c.s.DaoBeanDefinitionRegistryPostProcessor - org.springframework.transaction.interceptor.TransactionInterceptor#0
09:55:19.454 [main] DEBUG c.b.c.c.s.DaoBeanDefinitionRegistryPostProcessor - org.springframework.transaction.config.internalTransactionAdvisor
09:55:19.454 [main] DEBUG c.b.c.c.s.DaoBeanDefinitionRegistryPostProcessor - org.springframework.dao.annotation.PersistenceExceptionTranslationPostProcessor#0
09:55:19.454 [main] DEBUG c.b.c.c.s.DaoBeanDefinitionRegistryPostProcessor - daoInterceptor
09:55:19.454 [main] DEBUG c.b.c.c.s.DaoBeanDefinitionRegistryPostProcessor - abstractDaoTarget
09:55:19.454 [main] DEBUG c.b.c.c.s.DaoBeanDefinitionRegistryPostProcessor - abstractDao
09:55:19.454 [main] DEBUG c.b.c.c.s.DaoBeanDefinitionRegistryPostProcessor - com.bleum.canton.common.spring.DaoBeanDefinitionRegistryPostProcessor#0
09:55:19.454 [main] DEBUG c.b.c.c.s.DaoBeanDefinitionRegistryPostProcessor - org.springframework.context.annotation.ConfigurationClassPostProcessor$ImportAwareBeanPostProcessor#0
09:55:19.454 [main] DEBUG c.b.c.c.s.DaoBeanDefinitionRegistryPostProcessor - CustomerDao
09:55:19.454 [main] DEBUG c.b.c.c.s.DaoBeanDefinitionRegistryPostProcessor - Registered beans end--------------&gt;
09:55:19.469 [main] DEBUG o.h.i.f.DefaultIdentifierGeneratorFactory - Registering IdentifierGenerator strategy [uuid2] -&gt; [class org.hibernate.id.UUIDGenerator]
09:55:19.469 [main] DEBUG o.h.i.f.DefaultIdentifierGeneratorFactory - Registering IdentifierGenerator strategy [guid] -&gt; [class org.hibernate.id.GUIDGenerator]
09:55:19.469 [main] DEBUG o.h.i.f.DefaultIdentifierGeneratorFactory - Registering IdentifierGenerator strategy [uuid] -&gt; [class org.hibernate.id.UUIDHexGenerator]
09:55:19.469 [main] DEBUG o.h.i.f.DefaultIdentifierGeneratorFactory - Registering IdentifierGenerator strategy [uuid.hex] -&gt; [class org.hibernate.id.UUIDHexGenerator]
09:55:19.469 [main] DEBUG o.h.i.f.DefaultIdentifierGeneratorFactory - Registering IdentifierGenerator strategy [hilo] -&gt; [class org.hibernate.id.TableHiLoGenerator]
09:55:19.469 [main] DEBUG o.h.i.f.DefaultIdentifierGeneratorFactory - Registering IdentifierGenerator strategy [assigned] -&gt; [class org.hibernate.id.Assigned]
09:55:19.469 [main] DEBUG o.h.i.f.DefaultIdentifierGeneratorFactory - Registering IdentifierGenerator strategy [identity] -&gt; [class org.hibernate.id.IdentityGenerator]
09:55:19.469 [main] DEBUG o.h.i.f.DefaultIdentifierGeneratorFactory - Registering IdentifierGenerator strategy [select] -&gt; [class org.hibernate.id.SelectGenerator]
09:55:19.469 [main] DEBUG o.h.i.f.DefaultIdentifierGeneratorFactory - Registering IdentifierGenerator strategy [sequence] -&gt; [class org.hibernate.id.SequenceGenerator]
09:55:19.469 [main] DEBUG o.h.i.f.DefaultIdentifierGeneratorFactory - Registering IdentifierGenerator strategy [seqhilo] -&gt; [class org.hibernate.id.SequenceHiLoGenerator]
09:55:19.469 [main] DEBUG o.h.i.f.DefaultIdentifierGeneratorFactory - Registering IdentifierGenerator strategy [increment] -&gt; [class org.hibernate.id.IncrementGenerator]
09:55:19.469 [main] DEBUG o.h.i.f.DefaultIdentifierGeneratorFactory - Registering IdentifierGenerator strategy [foreign] -&gt; [class org.hibernate.id.ForeignGenerator]
09:55:19.469 [main] DEBUG o.h.i.f.DefaultIdentifierGeneratorFactory - Registering IdentifierGenerator strategy [sequence-identity] -&gt; [class org.hibernate.id.SequenceIdentityGenerator]
09:55:19.469 [main] DEBUG o.h.i.f.DefaultIdentifierGeneratorFactory - Registering IdentifierGenerator strategy [enhanced-sequence] -&gt; [class org.hibernate.id.enhanced.SequenceStyleGenerator]
09:55:19.469 [main] DEBUG o.h.i.f.DefaultIdentifierGeneratorFactory - Registering IdentifierGenerator strategy [enhanced-table] -&gt; [class org.hibernate.id.enhanced.TableGenerator]
09:55:19.469 [main] DEBUG org.hibernate.util.DTDEntityResolver - trying to resolve system-id [http://www.hibernate.org/dtd/hibernate-mapping-3.0.dtd]
09:55:19.469 [main] DEBUG org.hibernate.util.DTDEntityResolver - recognized hibernate namespace; attempting to resolve on classpath under org/hibernate/
09:55:19.469 [main] DEBUG org.hibernate.util.DTDEntityResolver - located [http://www.hibernate.org/dtd/hibernate-mapping-3.0.dtd] in classpath
09:55:19.500 [main] DEBUG org.hibernate.cfg.Configuration - Processing hbm.xml files
09:55:19.500 [main] INFO  org.hibernate.cfg.HbmBinder - Mapping class: com.bleum.canton.sample.entity.Product -&gt; T_PRODUCT
09:55:19.500 [main] DEBUG org.hibernate.cfg.HbmBinder - Mapped property: id -&gt; ID
09:55:19.500 [main] DEBUG org.hibernate.cfg.HbmBinder - Mapped property: productName -&gt; PRODUCT_NAME
09:55:19.500 [main] DEBUG org.hibernate.cfg.HbmBinder - Mapped property: skuId -&gt; SKU_ID
09:55:19.500 [main] DEBUG org.hibernate.cfg.Configuration - Process annotated classes
09:55:19.500 [main] INFO  org.hibernate.cfg.AnnotationBinder - Binding entity from annotated class: com.bleum.canton.checkout.entity.CheckOut
09:55:19.500 [main] DEBUG org.hibernate.cfg.Ejb3Column - Binding column: Ejb3DiscriminatorColumn{logicalColumnName&apos;DTYPE&apos;, discriminatorTypeName=&apos;string&apos;}
09:55:19.500 [main] DEBUG org.hibernate.cfg.AnnotationBinder - no value specified for &apos;javax.persistence.sharedCache.mode&apos;; using UNSPECIFIED
09:55:19.500 [main] DEBUG o.h.cfg.annotations.EntityBinder - Import with entity name CheckOut
09:55:19.500 [main] INFO  o.h.cfg.annotations.EntityBinder - Bind entity com.bleum.canton.checkout.entity.CheckOut on table CheckOut
09:55:19.500 [main] DEBUG org.hibernate.cfg.Ejb3Column - Binding column: Ejb3Column{table=org.hibernate.mapping.Table(CheckOut), mappingColumn=ID, insertable=true, updatable=true, unique=false}
09:55:19.516 [main] DEBUG o.h.cfg.annotations.PropertyBinder - binding property id with lazy=false
09:55:19.516 [main] DEBUG o.h.c.annotations.SimpleValueBinder - building SimpleValue for id
09:55:19.516 [main] DEBUG o.h.cfg.annotations.PropertyBinder - Building property id
09:55:19.516 [main] DEBUG org.hibernate.cfg.Ejb3Column - Binding column: Ejb3Column{table=org.hibernate.mapping.Table(CheckOut), mappingColumn=created_date, insertable=true, updatable=false, unique=false}
09:55:19.516 [main] DEBUG o.h.cfg.annotations.PropertyBinder - binding property createdDate with lazy=false
09:55:19.516 [main] DEBUG o.h.c.annotations.SimpleValueBinder - building SimpleValue for createdDate
09:55:19.516 [main] DEBUG o.h.cfg.annotations.PropertyBinder - Building property createdDate
09:55:19.516 [main] DEBUG org.hibernate.cfg.Ejb3Column - Binding column: Ejb3Column{table=org.hibernate.mapping.Table(CheckOut), mappingColumn=last_modified_date, insertable=true, updatable=true, unique=false}
09:55:19.516 [main] DEBUG o.h.cfg.annotations.PropertyBinder - binding property lastModifiedDate with lazy=false
09:55:19.516 [main] DEBUG o.h.c.annotations.SimpleValueBinder - building SimpleValue for lastModifiedDate
09:55:19.516 [main] DEBUG o.h.cfg.annotations.PropertyBinder - Building property lastModifiedDate
09:55:19.516 [main] DEBUG org.hibernate.cfg.Ejb3Column - Binding column: Ejb3Column{table=org.hibernate.mapping.Table(CheckOut), mappingColumn=AMOUNT, insertable=true, updatable=true, unique=false}
09:55:19.516 [main] DEBUG o.h.cfg.annotations.PropertyBinder - binding property amount with lazy=false
09:55:19.516 [main] DEBUG o.h.c.annotations.SimpleValueBinder - building SimpleValue for amount
09:55:19.516 [main] DEBUG o.h.cfg.annotations.PropertyBinder - Building property amount
09:55:19.516 [main] DEBUG org.hibernate.cfg.Ejb3Column - Binding column: Ejb3Column{table=org.hibernate.mapping.Table(CheckOut), mappingColumn=CUSTOMER_ID, insertable=true, updatable=true, unique=false}
09:55:19.516 [main] DEBUG o.h.cfg.annotations.PropertyBinder - binding property customerId with lazy=false
09:55:19.516 [main] DEBUG o.h.c.annotations.SimpleValueBinder - building SimpleValue for customerId
09:55:19.516 [main] DEBUG o.h.cfg.annotations.PropertyBinder - Building property customerId
09:55:19.516 [main] DEBUG org.hibernate.cfg.Ejb3Column - Binding column: Ejb3JoinColumn{logicalColumnName=&apos;INVOICE_ID&apos;, referencedColumn=&apos;&apos;, mappedBy=&apos;&apos;}
09:55:19.516 [main] DEBUG org.hibernate.cfg.Ejb3Column - Binding column: Ejb3Column{table=org.hibernate.mapping.Table(CheckOut), mappingColumn=invoice, insertable=true, updatable=true, unique=false}
09:55:19.516 [main] DEBUG o.h.cfg.annotations.PropertyBinder - Building property invoice
09:55:19.516 [main] DEBUG org.hibernate.cfg.Ejb3Column - Binding column: Ejb3JoinColumn{logicalColumnName=&apos;null&apos;, referencedColumn=&apos;null&apos;, mappedBy=&apos;checkOut&apos;}
09:55:19.516 [main] DEBUG org.hibernate.cfg.Ejb3Column - Binding column: Ejb3Column{table=org.hibernate.mapping.Table(CheckOut), mappingColumn=itemCollection, insertable=true, updatable=true, unique=false}
09:55:19.516 [main] DEBUG org.hibernate.cfg.Ejb3Column - Binding column: Ejb3Column{table=org.hibernate.mapping.Table(CheckOut), mappingColumn=null, insertable=true, updatable=true, unique=false}
09:55:19.516 [main] DEBUG org.hibernate.cfg.Ejb3Column - Binding column: Ejb3Column{table=org.hibernate.mapping.Table(CheckOut), mappingColumn=element, insertable=true, updatable=true, unique=false}
09:55:19.516 [main] DEBUG org.hibernate.cfg.Ejb3Column - Binding column: Ejb3Column{table=org.hibernate.mapping.Table(CheckOut), mappingColumn=itemCollection_KEY, insertable=true, updatable=true, unique=false}
09:55:19.516 [main] DEBUG org.hibernate.cfg.Ejb3Column - Binding column: Ejb3JoinColumn{logicalColumnName=&apos;itemCollection_KEY&apos;, referencedColumn=&apos;null&apos;, mappedBy=&apos;null&apos;}
09:55:19.516 [main] DEBUG org.hibernate.cfg.Ejb3Column - Binding column: Ejb3JoinColumn{logicalColumnName=&apos;null&apos;, referencedColumn=&apos;null&apos;, mappedBy=&apos;checkOut&apos;}
09:55:19.516 [main] DEBUG org.hibernate.cfg.Ejb3Column - Binding column: Ejb3JoinColumn{logicalColumnName=&apos;null&apos;, referencedColumn=&apos;null&apos;, mappedBy=&apos;checkOut&apos;}
09:55:19.516 [main] DEBUG o.h.cfg.annotations.CollectionBinder - Collection role: com.bleum.canton.checkout.entity.CheckOut.itemCollection
09:55:19.516 [main] DEBUG o.h.cfg.annotations.PropertyBinder - Building property itemCollection
09:55:19.516 [main] DEBUG org.hibernate.cfg.Ejb3Column - Binding column: Ejb3JoinColumn{logicalColumnName=&apos;PAYMENT_METHOD_ID&apos;, referencedColumn=&apos;&apos;, mappedBy=&apos;&apos;}
09:55:19.516 [main] DEBUG org.hibernate.cfg.Ejb3Column - Binding column: Ejb3Column{table=org.hibernate.mapping.Table(CheckOut), mappingColumn=paymentMethod, insertable=true, updatable=true, unique=false}
09:55:19.516 [main] DEBUG o.h.cfg.annotations.PropertyBinder - Building property paymentMethod
09:55:19.516 [main] DEBUG org.hibernate.cfg.Ejb3Column - Binding column: Ejb3JoinColumn{logicalColumnName=&apos;SHIPPING_METHOD_ID&apos;, referencedColumn=&apos;&apos;, mappedBy=&apos;&apos;}
09:55:19.516 [main] DEBUG org.hibernate.cfg.Ejb3Column - Binding column: Ejb3Column{table=org.hibernate.mapping.Table(CheckOut), mappingColumn=shippingMethod, insertable=true, updatable=true, unique=false}
09:55:19.516 [main] DEBUG o.h.cfg.annotations.PropertyBinder - Building property shippingMethod
09:55:19.516 [main] INFO  org.hibernate.cfg.AnnotationBinder - Binding entity from annotated class: com.bleum.canton.checkout.entity.CheckOutItemDetail
09:55:19.516 [main] DEBUG org.hibernate.cfg.Ejb3Column - Binding column: Ejb3DiscriminatorColumn{logicalColumnName&apos;DTYPE&apos;, discriminatorTypeName=&apos;string&apos;}
09:55:19.516 [main] DEBUG org.hibernate.cfg.AnnotationBinder - no value specified for &apos;javax.persistence.sharedCache.mode&apos;; using UNSPECIFIED
09:55:19.516 [main] DEBUG o.h.cfg.annotations.EntityBinder - Import with entity name CheckOutItemDetail
09:55:19.516 [main] INFO  o.h.cfg.annotations.EntityBinder - Bind entity com.bleum.canton.checkout.entity.CheckOutItemDetail on table ItemCollecion
09:55:19.516 [main] DEBUG org.hibernate.cfg.Ejb3Column - Binding column: Ejb3Column{table=org.hibernate.mapping.Table(ItemCollecion), mappingColumn=ID, insertable=true, updatable=true, unique=false}
09:55:19.516 [main] DEBUG o.h.cfg.annotations.PropertyBinder - binding property id with lazy=false
09:55:19.516 [main] DEBUG o.h.c.annotations.SimpleValueBinder - building SimpleValue for id
09:55:19.516 [main] DEBUG o.h.cfg.annotations.PropertyBinder - Building property id
09:55:19.516 [main] DEBUG org.hibernate.cfg.Ejb3Column - Binding column: Ejb3Column{table=org.hibernate.mapping.Table(ItemCollecion), mappingColumn=created_date, insertable=true, updatable=false, unique=false}
09:55:19.516 [main] DEBUG o.h.cfg.annotations.PropertyBinder - binding property createdDate with lazy=false
09:55:19.516 [main] DEBUG o.h.c.annotations.SimpleValueBinder - building SimpleValue for createdDate
09:55:19.516 [main] DEBUG o.h.cfg.annotations.PropertyBinder - Building property createdDate
09:55:19.516 [main] DEBUG org.hibernate.cfg.Ejb3Column - Binding column: Ejb3Column{table=org.hibernate.mapping.Table(ItemCollecion), mappingColumn=last_modified_date, insertable=true, updatable=true, unique=false}
09:55:19.516 [main] DEBUG o.h.cfg.annotations.PropertyBinder - binding property lastModifiedDate with lazy=false
09:55:19.516 [main] DEBUG o.h.c.annotations.SimpleValueBinder - building SimpleValue for lastModifiedDate
09:55:19.516 [main] DEBUG o.h.cfg.annotations.PropertyBinder - Building property lastModifiedDate
09:55:19.516 [main] DEBUG org.hibernate.cfg.Ejb3Column - Binding column: Ejb3JoinColumn{logicalColumnName=&apos;CHECKOUT_ITEM_ID&apos;, referencedColumn=&apos;&apos;, mappedBy=&apos;&apos;}
09:55:19.516 [main] DEBUG org.hibernate.cfg.Ejb3Column - Binding column: Ejb3Column{table=org.hibernate.mapping.Table(ItemCollecion), mappingColumn=checkOut, insertable=true, updatable=true, unique=false}
09:55:19.516 [main] DEBUG o.h.cfg.annotations.PropertyBinder - Building property checkOut
09:55:19.516 [main] DEBUG org.hibernate.cfg.Ejb3Column - Binding column: Ejb3Column{table=org.hibernate.mapping.Table(ItemCollecion), mappingColumn=PRODUCT_ITEM_ID, insertable=true, updatable=true, unique=false}
09:55:19.516 [main] DEBUG o.h.cfg.annotations.PropertyBinder - binding property productItemId with lazy=false
09:55:19.516 [main] DEBUG o.h.c.annotations.SimpleValueBinder - building SimpleValue for productItemId
09:55:19.516 [main] DEBUG o.h.cfg.annotations.PropertyBinder - Building property productItemId
09:55:19.516 [main] INFO  org.hibernate.cfg.AnnotationBinder - Binding entity from annotated class: com.bleum.canton.checkout.entity.Invoice
09:55:19.516 [main] DEBUG org.hibernate.cfg.Ejb3Column - Binding column: Ejb3DiscriminatorColumn{logicalColumnName&apos;DTYPE&apos;, discriminatorTypeName=&apos;string&apos;}
09:55:19.516 [main] DEBUG org.hibernate.cfg.AnnotationBinder - no value specified for &apos;javax.persistence.sharedCache.mode&apos;; using UNSPECIFIED
09:55:19.516 [main] DEBUG o.h.cfg.annotations.EntityBinder - Import with entity name Invoice
09:55:19.516 [main] INFO  o.h.cfg.annotations.EntityBinder - Bind entity com.bleum.canton.checkout.entity.Invoice on table Invoice
09:55:19.516 [main] DEBUG org.hibernate.cfg.Ejb3Column - Binding column: Ejb3Column{table=org.hibernate.mapping.Table(Invoice), mappingColumn=ID, insertable=true, updatable=true, unique=false}
09:55:19.516 [main] DEBUG o.h.cfg.annotations.PropertyBinder - binding property id with lazy=false
09:55:19.516 [main] DEBUG o.h.c.annotations.SimpleValueBinder - building SimpleValue for id
09:55:19.516 [main] DEBUG o.h.cfg.annotations.PropertyBinder - Building property id
09:55:19.516 [main] DEBUG org.hibernate.cfg.Ejb3Column - Binding column: Ejb3Column{table=org.hibernate.mapping.Table(Invoice), mappingColumn=created_date, insertable=true, updatable=false, unique=false}
09:55:19.516 [main] DEBUG o.h.cfg.annotations.PropertyBinder - binding property createdDate with lazy=false
09:55:19.516 [main] DEBUG o.h.c.annotations.SimpleValueBinder - building SimpleValue for createdDate
09:55:19.516 [main] DEBUG o.h.cfg.annotations.PropertyBinder - Building property createdDate
09:55:19.516 [main] DEBUG org.hibernate.cfg.Ejb3Column - Binding column: Ejb3Column{table=org.hibernate.mapping.Table(Invoice), mappingColumn=last_modified_date, insertable=true, updatable=true, unique=false}
09:55:19.516 [main] DEBUG o.h.cfg.annotations.PropertyBinder - binding property lastModifiedDate with lazy=false
09:55:19.516 [main] DEBUG o.h.c.annotations.SimpleValueBinder - building SimpleValue for lastModifiedDate
09:55:19.516 [main] DEBUG o.h.cfg.annotations.PropertyBinder - Building property lastModifiedDate
09:55:19.516 [main] DEBUG org.hibernate.cfg.Ejb3Column - Binding column: Ejb3Column{table=org.hibernate.mapping.Table(Invoice), mappingColumn=DESCRIPTION, insertable=true, updatable=true, unique=false}
09:55:19.516 [main] DEBUG o.h.cfg.annotations.PropertyBinder - binding property description with lazy=false
09:55:19.516 [main] DEBUG o.h.c.annotations.SimpleValueBinder - building SimpleValue for description
09:55:19.516 [main] DEBUG o.h.cfg.annotations.PropertyBinder - Building property description
09:55:19.516 [main] DEBUG org.hibernate.cfg.Ejb3Column - Binding column: Ejb3Column{table=org.hibernate.mapping.Table(Invoice), mappingColumn=NAME, insertable=true, updatable=true, unique=false}
09:55:19.516 [main] DEBUG o.h.cfg.annotations.PropertyBinder - binding property name with lazy=false
09:55:19.516 [main] DEBUG o.h.c.annotations.SimpleValueBinder - building SimpleValue for name
09:55:19.516 [main] DEBUG o.h.cfg.annotations.PropertyBinder - Building property name
09:55:19.516 [main] DEBUG org.hibernate.cfg.Ejb3Column - Binding column: Ejb3Column{table=org.hibernate.mapping.Table(Invoice), mappingColumn=TAX, insertable=true, updatable=true, unique=false}
09:55:19.516 [main] DEBUG o.h.cfg.annotations.PropertyBinder - binding property tax with lazy=false
09:55:19.516 [main] DEBUG o.h.c.annotations.SimpleValueBinder - building SimpleValue for tax
09:55:19.516 [main] DEBUG o.h.cfg.annotations.PropertyBinder - Building property tax
09:55:19.516 [main] DEBUG org.hibernate.cfg.Ejb3Column - Binding column: Ejb3Column{table=org.hibernate.mapping.Table(Invoice), mappingColumn=TYPE, insertable=true, updatable=true, unique=false}
09:55:19.516 [main] DEBUG o.h.cfg.annotations.PropertyBinder - binding property type with lazy=false
09:55:19.516 [main] DEBUG o.h.c.annotations.SimpleValueBinder - building SimpleValue for type
09:55:19.516 [main] DEBUG o.h.cfg.annotations.PropertyBinder - Building property type
09:55:19.516 [main] INFO  org.hibernate.cfg.AnnotationBinder - Binding entity from annotated class: com.bleum.canton.checkout.entity.PaymentMethod
09:55:19.516 [main] DEBUG org.hibernate.cfg.Ejb3Column - Binding column: Ejb3DiscriminatorColumn{logicalColumnName&apos;DTYPE&apos;, discriminatorTypeName=&apos;string&apos;}
09:55:19.516 [main] DEBUG org.hibernate.cfg.AnnotationBinder - no value specified for &apos;javax.persistence.sharedCache.mode&apos;; using UNSPECIFIED
09:55:19.516 [main] DEBUG o.h.cfg.annotations.EntityBinder - Import with entity name PaymentMethod
09:55:19.516 [main] INFO  o.h.cfg.annotations.EntityBinder - Bind entity com.bleum.canton.checkout.entity.PaymentMethod on table PaymentMethod
09:55:19.516 [main] DEBUG org.hibernate.cfg.Ejb3Column - Binding column: Ejb3Column{table=org.hibernate.mapping.Table(PaymentMethod), mappingColumn=ID, insertable=true, updatable=true, unique=false}
09:55:19.516 [main] DEBUG o.h.cfg.annotations.PropertyBinder - binding property id with lazy=false
09:55:19.516 [main] DEBUG o.h.c.annotations.SimpleValueBinder - building SimpleValue for id
09:55:19.516 [main] DEBUG o.h.cfg.annotations.PropertyBinder - Building property id
09:55:19.516 [main] DEBUG org.hibernate.cfg.Ejb3Column - Binding column: Ejb3Column{table=org.hibernate.mapping.Table(PaymentMethod), mappingColumn=created_date, insertable=true, updatable=false, unique=false}
09:55:19.516 [main] DEBUG o.h.cfg.annotations.PropertyBinder - binding property createdDate with lazy=false
09:55:19.516 [main] DEBUG o.h.c.annotations.SimpleValueBinder - building SimpleValue for createdDate
09:55:19.516 [main] DEBUG o.h.cfg.annotations.PropertyBinder - Building property createdDate
09:55:19.516 [main] DEBUG org.hibernate.cfg.Ejb3Column - Binding column: Ejb3Column{table=org.hibernate.mapping.Table(PaymentMethod), mappingColumn=last_modified_date, insertable=true, updatable=true, unique=false}
09:55:19.516 [main] DEBUG o.h.cfg.annotations.PropertyBinder - binding property lastModifiedDate with lazy=false
09:55:19.516 [main] DEBUG o.h.c.annotations.SimpleValueBinder - building SimpleValue for lastModifiedDate
09:55:19.516 [main] DEBUG o.h.cfg.annotations.PropertyBinder - Building property lastModifiedDate
09:55:19.516 [main] DEBUG org.hibernate.cfg.Ejb3Column - Binding column: Ejb3Column{table=org.hibernate.mapping.Table(PaymentMethod), mappingColumn=Name, insertable=true, updatable=true, unique=false}
09:55:19.516 [main] DEBUG o.h.cfg.annotations.PropertyBinder - binding property name with lazy=false
09:55:19.516 [main] DEBUG o.h.c.annotations.SimpleValueBinder - building SimpleValue for name
09:55:19.516 [main] DEBUG o.h.cfg.annotations.PropertyBinder - Building property name
09:55:19.516 [main] INFO  org.hibernate.cfg.AnnotationBinder - Binding entity from annotated class: com.bleum.canton.checkout.entity.ShippingMethod
09:55:19.516 [main] DEBUG org.hibernate.cfg.Ejb3Column - Binding column: Ejb3DiscriminatorColumn{logicalColumnName&apos;DTYPE&apos;, discriminatorTypeName=&apos;string&apos;}
09:55:19.516 [main] DEBUG org.hibernate.cfg.AnnotationBinder - no value specified for &apos;javax.persistence.sharedCache.mode&apos;; using UNSPECIFIED
09:55:19.516 [main] DEBUG o.h.cfg.annotations.EntityBinder - Import with entity name ShippingMethod
09:55:19.516 [main] INFO  o.h.cfg.annotations.EntityBinder - Bind entity com.bleum.canton.checkout.entity.ShippingMethod on table ShippingMethod
09:55:19.516 [main] DEBUG org.hibernate.cfg.Ejb3Column - Binding column: Ejb3Column{table=org.hibernate.mapping.Table(ShippingMethod), mappingColumn=ID, insertable=true, updatable=true, unique=false}
09:55:19.516 [main] DEBUG o.h.cfg.annotations.PropertyBinder - binding property id with lazy=false
09:55:19.516 [main] DEBUG o.h.c.annotations.SimpleValueBinder - building SimpleValue for id
09:55:19.516 [main] DEBUG o.h.cfg.annotations.PropertyBinder - Building property id
09:55:19.516 [main] DEBUG org.hibernate.cfg.Ejb3Column - Binding column: Ejb3Column{table=org.hibernate.mapping.Table(ShippingMethod), mappingColumn=created_date, insertable=true, updatable=false, unique=false}
09:55:19.516 [main] DEBUG o.h.cfg.annotations.PropertyBinder - binding property createdDate with lazy=false
09:55:19.516 [main] DEBUG o.h.c.annotations.SimpleValueBinder - building SimpleValue for createdDate
09:55:19.516 [main] DEBUG o.h.cfg.annotations.PropertyBinder - Building property createdDate
09:55:19.516 [main] DEBUG org.hibernate.cfg.Ejb3Column - Binding column: Ejb3Column{table=org.hibernate.mapping.Table(ShippingMethod), mappingColumn=last_modified_date, insertable=true, updatable=true, unique=false}
09:55:19.516 [main] DEBUG o.h.cfg.annotations.PropertyBinder - binding property lastModifiedDate with lazy=false
09:55:19.516 [main] DEBUG o.h.c.annotations.SimpleValueBinder - building SimpleValue for lastModifiedDate
09:55:19.516 [main] DEBUG o.h.cfg.annotations.PropertyBinder - Building property lastModifiedDate
09:55:19.516 [main] DEBUG org.hibernate.cfg.Ejb3Column - Binding column: Ejb3Column{table=org.hibernate.mapping.Table(ShippingMethod), mappingColumn=Name, insertable=true, updatable=true, unique=false}
09:55:19.516 [main] DEBUG o.h.cfg.annotations.PropertyBinder - binding property name with lazy=false
09:55:19.516 [main] DEBUG o.h.c.annotations.SimpleValueBinder - building SimpleValue for name
09:55:19.516 [main] DEBUG o.h.cfg.annotations.PropertyBinder - Building property name
09:55:19.516 [main] INFO  org.hibernate.cfg.AnnotationBinder - Binding entity from annotated class: com.bleum.canton.itempage.entity.Category
09:55:19.516 [main] DEBUG org.hibernate.cfg.Ejb3Column - Binding column: Ejb3DiscriminatorColumn{logicalColumnName&apos;DTYPE&apos;, discriminatorTypeName=&apos;string&apos;}
09:55:19.516 [main] DEBUG org.hibernate.cfg.AnnotationBinder - no value specified for &apos;javax.persistence.sharedCache.mode&apos;; using UNSPECIFIED
09:55:19.516 [main] DEBUG o.h.cfg.annotations.EntityBinder - Import with entity name Category
09:55:19.516 [main] INFO  o.h.cfg.annotations.EntityBinder - Bind entity com.bleum.canton.itempage.entity.Category on table CATEGORY
09:55:19.516 [main] DEBUG org.hibernate.cfg.Ejb3Column - Binding column: Ejb3Column{table=org.hibernate.mapping.Table(CATEGORY), mappingColumn=ID, insertable=true, updatable=true, unique=false}
09:55:19.516 [main] DEBUG o.h.cfg.annotations.PropertyBinder - binding property id with lazy=false
09:55:19.516 [main] DEBUG o.h.c.annotations.SimpleValueBinder - building SimpleValue for id
09:55:19.516 [main] DEBUG o.h.cfg.annotations.PropertyBinder - Building property id
09:55:19.516 [main] DEBUG org.hibernate.cfg.Ejb3Column - Binding column: Ejb3Column{table=org.hibernate.mapping.Table(CATEGORY), mappingColumn=CATEGORYNAME, insertable=true, updatable=true, unique=false}
09:55:19.516 [main] DEBUG o.h.cfg.annotations.PropertyBinder - binding property categoryName with lazy=false
09:55:19.516 [main] DEBUG o.h.c.annotations.SimpleValueBinder - building SimpleValue for categoryName
09:55:19.516 [main] DEBUG o.h.cfg.annotations.PropertyBinder - Building property categoryName
09:55:19.516 [main] DEBUG org.hibernate.cfg.Ejb3Column - Binding column: Ejb3Column{table=org.hibernate.mapping.Table(CATEGORY), mappingColumn=LEVEL, insertable=true, updatable=true, unique=false}
09:55:19.516 [main] DEBUG o.h.cfg.annotations.PropertyBinder - binding property level with lazy=false
09:55:19.516 [main] DEBUG o.h.c.annotations.SimpleValueBinder - building SimpleValue for level
09:55:19.516 [main] DEBUG o.h.cfg.annotations.PropertyBinder - Building property level
09:55:19.516 [main] DEBUG org.hibernate.cfg.Ejb3Column - Binding column: Ejb3Column{table=org.hibernate.mapping.Table(CATEGORY), mappingColumn=PARENTID, insertable=true, updatable=true, unique=false}
09:55:19.516 [main] DEBUG o.h.cfg.annotations.PropertyBinder - binding property parentID with lazy=false
09:55:19.516 [main] DEBUG o.h.c.annotations.SimpleValueBinder - building SimpleValue for parentID
09:55:19.516 [main] DEBUG o.h.cfg.annotations.PropertyBinder - Building property parentID
09:55:19.532 [main] INFO  org.hibernate.cfg.AnnotationBinder - Binding entity from annotated class: com.bleum.canton.itempage.entity.Item
09:55:19.532 [main] DEBUG org.hibernate.cfg.Ejb3Column - Binding column: Ejb3DiscriminatorColumn{logicalColumnName&apos;DTYPE&apos;, discriminatorTypeName=&apos;string&apos;}
09:55:19.532 [main] DEBUG org.hibernate.cfg.AnnotationBinder - no value specified for &apos;javax.persistence.sharedCache.mode&apos;; using UNSPECIFIED
09:55:19.532 [main] DEBUG o.h.cfg.annotations.EntityBinder - Import with entity name Item
09:55:19.532 [main] INFO  o.h.cfg.annotations.EntityBinder - Bind entity com.bleum.canton.itempage.entity.Item on table ITEM
09:55:19.532 [main] DEBUG org.hibernate.cfg.Ejb3Column - Binding column: Ejb3Column{table=org.hibernate.mapping.Table(ITEM), mappingColumn=ID, insertable=true, updatable=true, unique=false}
09:55:19.532 [main] DEBUG o.h.cfg.annotations.PropertyBinder - binding property id with lazy=false
09:55:19.532 [main] DEBUG o.h.c.annotations.SimpleValueBinder - building SimpleValue for id
09:55:19.532 [main] DEBUG o.h.cfg.annotations.PropertyBinder - Building property id
09:55:19.532 [main] DEBUG org.hibernate.cfg.Ejb3Column - Binding column: Ejb3Column{table=org.hibernate.mapping.Table(ITEM), mappingColumn=ITEMLABEL, insertable=true, updatable=true, unique=false}
09:55:19.532 [main] DEBUG o.h.cfg.annotations.PropertyBinder - binding property ItemLabel with lazy=false
09:55:19.532 [main] DEBUG o.h.c.annotations.SimpleValueBinder - building SimpleValue for ItemLabel
09:55:19.532 [main] DEBUG o.h.cfg.annotations.PropertyBinder - Building property ItemLabel
09:55:19.532 [main] DEBUG org.hibernate.cfg.Ejb3Column - Binding column: Ejb3Column{table=org.hibernate.mapping.Table(ITEM), mappingColumn=ITEMNAME, insertable=true, updatable=true, unique=false}
09:55:19.532 [main] DEBUG o.h.cfg.annotations.PropertyBinder - binding property ItemName with lazy=false
09:55:19.532 [main] DEBUG o.h.c.annotations.SimpleValueBinder - building SimpleValue for ItemName
09:55:19.532 [main] DEBUG o.h.cfg.annotations.PropertyBinder - Building property ItemName
09:55:19.532 [main] DEBUG org.hibernate.cfg.Ejb3Column - Binding column: Ejb3JoinColumn{logicalColumnName=&apos;ITEMIMAGE&apos;, referencedColumn=&apos;&apos;, mappedBy=&apos;&apos;}
09:55:19.532 [main] DEBUG org.hibernate.cfg.Ejb3Column - Binding column: Ejb3Column{table=org.hibernate.mapping.Table(ITEM), mappingColumn=images, insertable=true, updatable=true, unique=false}
09:55:19.532 [main] DEBUG org.hibernate.cfg.Ejb3Column - Binding column: Ejb3Column{table=org.hibernate.mapping.Table(ITEM), mappingColumn=null, insertable=true, updatable=true, unique=false}
09:55:19.532 [main] DEBUG org.hibernate.cfg.Ejb3Column - Binding column: Ejb3Column{table=org.hibernate.mapping.Table(ITEM), mappingColumn=element, insertable=true, updatable=true, unique=false}
09:55:19.532 [main] DEBUG org.hibernate.cfg.Ejb3Column - Binding column: Ejb3Column{table=org.hibernate.mapping.Table(ITEM), mappingColumn=images_KEY, insertable=true, updatable=true, unique=false}
09:55:19.532 [main] DEBUG org.hibernate.cfg.Ejb3Column - Binding column: Ejb3JoinColumn{logicalColumnName=&apos;images_KEY&apos;, referencedColumn=&apos;null&apos;, mappedBy=&apos;null&apos;}
09:55:19.532 [main] DEBUG org.hibernate.cfg.Ejb3Column - Binding column: Ejb3JoinColumn{logicalColumnName=&apos;null&apos;, referencedColumn=&apos;null&apos;, mappedBy=&apos;&apos;}
09:55:19.532 [main] DEBUG org.hibernate.cfg.Ejb3Column - Binding column: Ejb3JoinColumn{logicalColumnName=&apos;null&apos;, referencedColumn=&apos;null&apos;, mappedBy=&apos;&apos;}
09:55:19.532 [main] DEBUG o.h.cfg.annotations.CollectionBinder - Collection role: com.bleum.canton.itempage.entity.Item.images
09:55:19.532 [main] DEBUG o.h.cfg.annotations.PropertyBinder - Building property images
09:55:19.532 [main] DEBUG org.hibernate.cfg.Ejb3Column - Binding column: Ejb3Column{table=org.hibernate.mapping.Table(ITEM), mappingColumn=PRICE, insertable=true, updatable=true, unique=false}
09:55:19.532 [main] DEBUG o.h.cfg.annotations.PropertyBinder - binding property price with lazy=false
09:55:19.532 [main] DEBUG o.h.c.annotations.SimpleValueBinder - building SimpleValue for price
09:55:19.532 [main] DEBUG o.h.cfg.annotations.PropertyBinder - Building property price
09:55:19.532 [main] DEBUG org.hibernate.cfg.Ejb3Column - Binding column: Ejb3JoinColumn{logicalColumnName=&apos;PRODUCT&apos;, referencedColumn=&apos;&apos;, mappedBy=&apos;&apos;}
09:55:19.532 [main] DEBUG org.hibernate.cfg.Ejb3Column - Binding column: Ejb3Column{table=org.hibernate.mapping.Table(ITEM), mappingColumn=product, insertable=true, updatable=true, unique=false}
09:55:19.532 [main] DEBUG o.h.cfg.annotations.PropertyBinder - Building property product
09:55:19.532 [main] DEBUG org.hibernate.cfg.Ejb3Column - Binding column: Ejb3Column{table=org.hibernate.mapping.Table(ITEM), mappingColumn=STOCKLEFT, insertable=true, updatable=true, unique=false}
09:55:19.532 [main] DEBUG o.h.cfg.annotations.PropertyBinder - binding property stockLeft with lazy=false
09:55:19.532 [main] DEBUG o.h.c.annotations.SimpleValueBinder - building SimpleValue for stockLeft
09:55:19.532 [main] DEBUG o.h.cfg.annotations.PropertyBinder - Building property stockLeft
09:55:19.532 [main] INFO  org.hibernate.cfg.AnnotationBinder - Binding entity from annotated class: com.bleum.canton.itempage.entity.ItemImage
09:55:19.532 [main] DEBUG org.hibernate.cfg.Ejb3Column - Binding column: Ejb3DiscriminatorColumn{logicalColumnName&apos;DTYPE&apos;, discriminatorTypeName=&apos;string&apos;}
09:55:19.532 [main] DEBUG org.hibernate.cfg.AnnotationBinder - no value specified for &apos;javax.persistence.sharedCache.mode&apos;; using UNSPECIFIED
09:55:19.532 [main] DEBUG o.h.cfg.annotations.EntityBinder - Import with entity name ItemImage
09:55:19.532 [main] INFO  o.h.cfg.annotations.EntityBinder - Bind entity com.bleum.canton.itempage.entity.ItemImage on table ITEMIMAGE
09:55:19.532 [main] DEBUG org.hibernate.cfg.Ejb3Column - Binding column: Ejb3Column{table=org.hibernate.mapping.Table(ITEMIMAGE), mappingColumn=ID, insertable=true, updatable=true, unique=false}
09:55:19.532 [main] DEBUG o.h.cfg.annotations.PropertyBinder - binding property id with lazy=false
09:55:19.532 [main] DEBUG o.h.c.annotations.SimpleValueBinder - building SimpleValue for id
09:55:19.532 [main] DEBUG o.h.cfg.annotations.PropertyBinder - Building property id
09:55:19.532 [main] DEBUG org.hibernate.cfg.Ejb3Column - Binding column: Ejb3JoinColumn{logicalColumnName=&apos;ITEM&apos;, referencedColumn=&apos;&apos;, mappedBy=&apos;&apos;}
09:55:19.532 [main] DEBUG org.hibernate.cfg.Ejb3Column - Binding column: Ejb3Column{table=org.hibernate.mapping.Table(ITEMIMAGE), mappingColumn=item, insertable=true, updatable=true, unique=false}
09:55:19.532 [main] DEBUG o.h.cfg.annotations.PropertyBinder - Building property item
09:55:19.532 [main] DEBUG org.hibernate.cfg.Ejb3Column - Binding column: Ejb3Column{table=org.hibernate.mapping.Table(ITEMIMAGE), mappingColumn=TYPE, insertable=true, updatable=true, unique=false}
09:55:19.532 [main] DEBUG o.h.cfg.annotations.PropertyBinder - binding property type with lazy=false
09:55:19.532 [main] DEBUG o.h.c.annotations.SimpleValueBinder - building SimpleValue for type
09:55:19.532 [main] DEBUG o.h.cfg.annotations.PropertyBinder - Building property type
09:55:19.532 [main] DEBUG org.hibernate.cfg.Ejb3Column - Binding column: Ejb3Column{table=org.hibernate.mapping.Table(ITEMIMAGE), mappingColumn=URL, insertable=true, updatable=true, unique=false}
09:55:19.532 [main] DEBUG o.h.cfg.annotations.PropertyBinder - binding property url with lazy=false
09:55:19.532 [main] DEBUG o.h.c.annotations.SimpleValueBinder - building SimpleValue for url
09:55:19.532 [main] DEBUG o.h.cfg.annotations.PropertyBinder - Building property url
09:55:19.532 [main] INFO  org.hibernate.cfg.AnnotationBinder - Binding entity from annotated class: com.bleum.canton.itempage.entity.ItemRichContent
09:55:19.532 [main] DEBUG org.hibernate.cfg.Ejb3Column - Binding column: Ejb3DiscriminatorColumn{logicalColumnName&apos;DTYPE&apos;, discriminatorTypeName=&apos;string&apos;}
09:55:19.532 [main] DEBUG org.hibernate.cfg.AnnotationBinder - no value specified for &apos;javax.persistence.sharedCache.mode&apos;; using UNSPECIFIED
09:55:19.532 [main] DEBUG o.h.cfg.annotations.EntityBinder - Import with entity name ItemRichContent
09:55:19.532 [main] INFO  o.h.cfg.annotations.EntityBinder - Bind entity com.bleum.canton.itempage.entity.ItemRichContent on table ITEMRICHCONTENT
09:55:19.532 [main] DEBUG org.hibernate.cfg.Ejb3Column - Binding column: Ejb3Column{table=org.hibernate.mapping.Table(ITEMRICHCONTENT), mappingColumn=ID, insertable=true, updatable=true, unique=false}
09:55:19.532 [main] DEBUG o.h.cfg.annotations.PropertyBinder - binding property id with lazy=false
09:55:19.532 [main] DEBUG o.h.c.annotations.SimpleValueBinder - building SimpleValue for id
09:55:19.532 [main] DEBUG o.h.cfg.annotations.PropertyBinder - Building property id
09:55:19.532 [main] DEBUG org.hibernate.cfg.Ejb3Column - Binding column: Ejb3Column{table=org.hibernate.mapping.Table(ITEMRICHCONTENT), mappingColumn=IRCNAME, insertable=true, updatable=true, unique=false}
09:55:19.532 [main] DEBUG o.h.cfg.annotations.PropertyBinder - binding property IRCName with lazy=false
09:55:19.532 [main] DEBUG o.h.c.annotations.SimpleValueBinder - building SimpleValue for IRCName
09:55:19.532 [main] DEBUG o.h.cfg.annotations.PropertyBinder - Building property IRCName
09:55:19.532 [main] DEBUG org.hibernate.cfg.Ejb3Column - Binding column: Ejb3JoinColumn{logicalColumnName=&apos;CATEGORY&apos;, referencedColumn=&apos;&apos;, mappedBy=&apos;&apos;}
09:55:19.532 [main] DEBUG org.hibernate.cfg.Ejb3Column - Binding column: Ejb3Column{table=org.hibernate.mapping.Table(ITEMRICHCONTENT), mappingColumn=category, insertable=true, updatable=true, unique=false}
09:55:19.532 [main] DEBUG o.h.cfg.annotations.PropertyBinder - Building property category
09:55:19.532 [main] INFO  org.hibernate.cfg.AnnotationBinder - Binding entity from annotated class: com.bleum.canton.itempage.entity.Product
09:55:19.532 [main] DEBUG org.hibernate.cfg.Ejb3Column - Binding column: Ejb3DiscriminatorColumn{logicalColumnName&apos;DTYPE&apos;, discriminatorTypeName=&apos;string&apos;}
09:55:19.532 [main] DEBUG org.hibernate.cfg.AnnotationBinder - no value specified for &apos;javax.persistence.sharedCache.mode&apos;; using UNSPECIFIED
09:55:19.532 [main] DEBUG o.h.cfg.annotations.EntityBinder - Import with entity name Product
09:55:19.625 [main] DEBUG c.b.c.c.s.DaoBeanDefinitionRegistryPostProcessor - starting register dao bean...
09:55:19.704 [main] DEBUG c.b.c.c.spring.DaoComponentProvider - check candidate:com.bleum.canton.sample.dao.CustomerDao
09:55:19.704 [main] DEBUG c.b.c.c.spring.DaoComponentProvider - Identified candidate component class: file [D:\ATG\ATG9.1\estore\target\classes\com\bleum\canton\sample\dao\CustomerDao.class]
09:55:19.719 [main] DEBUG c.b.c.c.s.DaoBeanDefinitionRegistryPostProcessor - candidates size:1
09:55:19.719 [main] DEBUG c.b.c.c.s.DaoBeanDefinitionRegistryPostProcessor - Registr bean for dao interface:com.bleum.canton.sample.dao.CustomerDao
09:55:19.719 [main] DEBUG c.b.c.c.s.DaoBeanDefinitionRegistryPostProcessor - entity type:com.bleum.canton.sample.entity.SampleCustomer
09:55:19.719 [main] DEBUG c.b.c.c.s.DaoBeanDefinitionRegistryPostProcessor - beanName:CustomerDao
09:55:19.719 [main] DEBUG c.b.c.c.s.DaoBeanDefinitionRegistryPostProcessor - done register dao bean...
09:55:19.719 [main] DEBUG c.b.c.c.s.DaoBeanDefinitionRegistryPostProcessor - Registered beans start--------------&gt;
09:55:19.719 [main] DEBUG c.b.c.c.s.DaoBeanDefinitionRegistryPostProcessor - checkOutProcessor
09:55:19.719 [main] DEBUG c.b.c.c.s.DaoBeanDefinitionRegistryPostProcessor - itempageServiceImp
09:55:19.719 [main] DEBUG c.b.c.c.s.DaoBeanDefinitionRegistryPostProcessor - productManagementService
09:55:19.719 [main] DEBUG c.b.c.c.s.DaoBeanDefinitionRegistryPostProcessor - searchService
09:55:19.719 [main] DEBUG c.b.c.c.s.DaoBeanDefinitionRegistryPostProcessor - xmlIndexService
09:55:19.719 [main] DEBUG c.b.c.c.s.DaoBeanDefinitionRegistryPostProcessor - shoppingCartService
09:55:19.719 [main] DEBUG c.b.c.c.s.DaoBeanDefinitionRegistryPostProcessor - org.springframework.context.annotation.internalConfigurationAnnotationProcessor
09:55:19.719 [main] DEBUG c.b.c.c.s.DaoBeanDefinitionRegistryPostProcessor - org.springframework.context.annotation.internalAutowiredAnnotationProcessor
09:55:19.719 [main] DEBUG c.b.c.c.s.DaoBeanDefinitionRegistryPostProcessor - org.springframework.context.annotation.internalRequiredAnnotationProcessor
09:55:19.719 [main] DEBUG c.b.c.c.s.DaoBeanDefinitionRegistryPostProcessor - org.springframework.context.annotation.internalCommonAnnotationProcessor
09:55:19.719 [main] DEBUG c.b.c.c.s.DaoBeanDefinitionRegistryPostProcessor - org.springframework.context.annotation.internalPersistenceAnnotationProcessor
09:55:19.719 [main] DEBUG c.b.c.c.s.DaoBeanDefinitionRegistryPostProcessor - checkOutDaoImpl
09:55:19.719 [main] DEBUG c.b.c.c.s.DaoBeanDefinitionRegistryPostProcessor - checkOutItemsDaoImpl
09:55:19.719 [main] DEBUG c.b.c.c.s.DaoBeanDefinitionRegistryPostProcessor - categoryDaoImpl
09:55:19.719 [main] DEBUG c.b.c.c.s.DaoBeanDefinitionRegistryPostProcessor - itemDaoImp
09:55:19.719 [main] DEBUG c.b.c.c.s.DaoBeanDefinitionRegistryPostProcessor - productDaoImp
09:55:19.719 [main] DEBUG c.b.c.c.s.DaoBeanDefinitionRegistryPostProcessor - productIRCDaoImp
09:55:19.719 [main] DEBUG c.b.c.c.s.DaoBeanDefinitionRegistryPostProcessor - productRCDaoImp
09:55:19.719 [main] DEBUG c.b.c.c.s.DaoBeanDefinitionRegistryPostProcessor - customerDao
09:55:19.719 [main] DEBUG c.b.c.c.s.DaoBeanDefinitionRegistryPostProcessor - customerProfileDao
09:55:19.719 [main] DEBUG c.b.c.c.s.DaoBeanDefinitionRegistryPostProcessor - homeAddrDao
09:55:19.719 [main] DEBUG c.b.c.c.s.DaoBeanDefinitionRegistryPostProcessor - customerPwdSecurity
09:55:19.719 [main] DEBUG c.b.c.c.s.DaoBeanDefinitionRegistryPostProcessor - productDao
09:55:19.719 [main] DEBUG c.b.c.c.s.DaoBeanDefinitionRegistryPostProcessor - productStorageDao
09:55:19.719 [main] DEBUG c.b.c.c.s.DaoBeanDefinitionRegistryPostProcessor - userImplementedCustomerDao
09:55:19.719 [main] DEBUG c.b.c.c.s.DaoBeanDefinitionRegistryPostProcessor - searchDao
09:55:19.719 [main] DEBUG c.b.c.c.s.DaoBeanDefinitionRegistryPostProcessor - shoppingCartDao
09:55:19.719 [main] DEBUG c.b.c.c.s.DaoBeanDefinitionRegistryPostProcessor - org.springframework.context.support.PropertySourcesPlaceholderConfigurer#0
09:55:19.719 [main] DEBUG c.b.c.c.s.DaoBeanDefinitionRegistryPostProcessor - productDataSource
09:55:19.719 [main] DEBUG c.b.c.c.s.DaoBeanDefinitionRegistryPostProcessor - storageDataSource
09:55:19.719 [main] DEBUG c.b.c.c.s.DaoBeanDefinitionRegistryPostProcessor - productSessionFactory
09:55:19.719 [main] DEBUG c.b.c.c.s.DaoBeanDefinitionRegistryPostProcessor - storageSessionFactory
09:55:19.719 [main] DEBUG c.b.c.c.s.DaoBeanDefinitionRegistryPostProcessor - atomikosTransactionManager
09:55:19.719 [main] DEBUG c.b.c.c.s.DaoBeanDefinitionRegistryPostProcessor - atomikosUserTransaction
09:55:19.719 [main] DEBUG c.b.c.c.s.DaoBeanDefinitionRegistryPostProcessor - transactionManager
09:55:19.719 [main] DEBUG c.b.c.c.s.DaoBeanDefinitionRegistryPostProcessor - org.springframework.aop.config.internalAutoProxyCreator
09:55:19.719 [main] DEBUG c.b.c.c.s.DaoBeanDefinitionRegistryPostProcessor - org.springframework.transaction.annotation.AnnotationTransactionAttributeSource#0
09:55:19.719 [main] DEBUG c.b.c.c.s.DaoBeanDefinitionRegistryPostProcessor - org.springframework.transaction.interceptor.TransactionInterceptor#0
09:55:19.719 [main] DEBUG c.b.c.c.s.DaoBeanDefinitionRegistryPostProcessor - org.springframework.transaction.config.internalTransactionAdvisor
09:55:19.719 [main] DEBUG c.b.c.c.s.DaoBeanDefinitionRegistryPostProcessor - org.springframework.dao.annotation.PersistenceExceptionTranslationPostProcessor#0
09:55:19.719 [main] DEBUG c.b.c.c.s.DaoBeanDefinitionRegistryPostProcessor - daoInterceptor
09:55:19.719 [main] DEBUG c.b.c.c.s.DaoBeanDefinitionRegistryPostProcessor - abstractDaoTarget
09:55:19.719 [main] DEBUG c.b.c.c.s.DaoBeanDefinitionRegistryPostProcessor - abstractDao
09:55:19.719 [main] DEBUG c.b.c.c.s.DaoBeanDefinitionRegistryPostProcessor - com.bleum.canton.common.spring.DaoBeanDefinitionRegistryPostProcessor#0
09:55:19.719 [main] DEBUG c.b.c.c.s.DaoBeanDefinitionRegistryPostProcessor - org.springframework.context.annotation.ConfigurationClassPostProcessor$ImportAwareBeanPostProcessor#0
09:55:19.719 [main] DEBUG c.b.c.c.s.DaoBeanDefinitionRegistryPostProcessor - CustomerDao
09:55:19.719 [main] DEBUG c.b.c.c.s.DaoBeanDefinitionRegistryPostProcessor - Registered beans end--------------&gt;
09:55:19.735 [main] DEBUG o.h.i.f.DefaultIdentifierGeneratorFactory - Registering IdentifierGenerator strategy [uuid2] -&gt; [class org.hibernate.id.UUIDGenerator]
09:55:19.735 [main] DEBUG o.h.i.f.DefaultIdentifierGeneratorFactory - Registering IdentifierGenerator strategy [guid] -&gt; [class org.hibernate.id.GUIDGenerator]
09:55:19.735 [main] DEBUG o.h.i.f.DefaultIdentifierGeneratorFactory - Registering IdentifierGenerator strategy [uuid] -&gt; [class org.hibernate.id.UUIDHexGenerator]
09:55:19.735 [main] DEBUG o.h.i.f.DefaultIdentifierGeneratorFactory - Registering IdentifierGenerator strategy [uuid.hex] -&gt; [class org.hibernate.id.UUIDHexGenerator]
09:55:19.735 [main] DEBUG o.h.i.f.DefaultIdentifierGeneratorFactory - Registering IdentifierGenerator strategy [hilo] -&gt; [class org.hibernate.id.TableHiLoGenerator]
09:55:19.735 [main] DEBUG o.h.i.f.DefaultIdentifierGeneratorFactory - Registering IdentifierGenerator strategy [assigned] -&gt; [class org.hibernate.id.Assigned]
09:55:19.735 [main] DEBUG o.h.i.f.DefaultIdentifierGeneratorFactory - Registering IdentifierGenerator strategy [identity] -&gt; [class org.hibernate.id.IdentityGenerator]
09:55:19.735 [main] DEBUG o.h.i.f.DefaultIdentifierGeneratorFactory - Registering IdentifierGenerator strategy [select] -&gt; [class org.hibernate.id.SelectGenerator]
09:55:19.735 [main] DEBUG o.h.i.f.DefaultIdentifierGeneratorFactory - Registering IdentifierGenerator strategy [sequence] -&gt; [class org.hibernate.id.SequenceGenerator]
09:55:19.735 [main] DEBUG o.h.i.f.DefaultIdentifierGeneratorFactory - Registering IdentifierGenerator strategy [seqhilo] -&gt; [class org.hibernate.id.SequenceHiLoGenerator]
09:55:19.735 [main] DEBUG o.h.i.f.DefaultIdentifierGeneratorFactory - Registering IdentifierGenerator strategy [increment] -&gt; [class org.hibernate.id.IncrementGenerator]
09:55:19.735 [main] DEBUG o.h.i.f.DefaultIdentifierGeneratorFactory - Registering IdentifierGenerator strategy [foreign] -&gt; [class org.hibernate.id.ForeignGenerator]
09:55:19.735 [main] DEBUG o.h.i.f.DefaultIdentifierGeneratorFactory - Registering IdentifierGenerator strategy [sequence-identity] -&gt; [class org.hibernate.id.SequenceIdentityGenerator]
09:55:19.735 [main] DEBUG o.h.i.f.DefaultIdentifierGeneratorFactory - Registering IdentifierGenerator strategy [enhanced-sequence] -&gt; [class org.hibernate.id.enhanced.SequenceStyleGenerator]
09:55:19.735 [main] DEBUG o.h.i.f.DefaultIdentifierGeneratorFactory - Registering IdentifierGenerator strategy [enhanced-table] -&gt; [class org.hibernate.id.enhanced.TableGenerator]
09:55:19.735 [main] DEBUG org.hibernate.util.DTDEntityResolver - trying to resolve system-id [http://www.hibernate.org/dtd/hibernate-mapping-3.0.dtd]
09:55:19.735 [main] DEBUG org.hibernate.util.DTDEntityResolver - recognized hibernate namespace; attempting to resolve on classpath under org/hibernate/
09:55:19.735 [main] DEBUG org.hibernate.util.DTDEntityResolver - located [http://www.hibernate.org/dtd/hibernate-mapping-3.0.dtd] in classpath
09:55:19.750 [main] DEBUG org.hibernate.cfg.Configuration - Processing hbm.xml files
09:55:19.750 [main] INFO  org.hibernate.cfg.HbmBinder - Mapping class: com.bleum.canton.sample.entity.Product -&gt; T_PRODUCT
09:55:19.766 [main] DEBUG org.hibernate.cfg.HbmBinder - Mapped property: id -&gt; ID
09:55:19.766 [main] DEBUG org.hibernate.cfg.HbmBinder - Mapped property: productName -&gt; PRODUCT_NAME
09:55:19.766 [main] DEBUG org.hibernate.cfg.HbmBinder - Mapped property: skuId -&gt; SKU_ID
09:55:19.766 [main] DEBUG org.hibernate.cfg.Configuration - Process annotated classes
09:55:19.766 [main] INFO  org.hibernate.cfg.AnnotationBinder - Binding entity from annotated class: com.bleum.canton.checkout.entity.CheckOut
09:55:19.766 [main] DEBUG org.hibernate.cfg.Ejb3Column - Binding column: Ejb3DiscriminatorColumn{logicalColumnName&apos;DTYPE&apos;, discriminatorTypeName=&apos;string&apos;}
09:55:19.766 [main] DEBUG org.hibernate.cfg.AnnotationBinder - no value specified for &apos;javax.persistence.sharedCache.mode&apos;; using UNSPECIFIED
09:55:19.766 [main] DEBUG o.h.cfg.annotations.EntityBinder - Import with entity name CheckOut
09:55:19.766 [main] INFO  o.h.cfg.annotations.EntityBinder - Bind entity com.bleum.canton.checkout.entity.CheckOut on table CheckOut
09:55:19.766 [main] DEBUG org.hibernate.cfg.Ejb3Column - Binding column: Ejb3Column{table=org.hibernate.mapping.Table(CheckOut), mappingColumn=ID, insertable=true, updatable=true, unique=false}
09:55:19.766 [main] DEBUG o.h.cfg.annotations.PropertyBinder - binding property id with lazy=false
09:55:19.766 [main] DEBUG o.h.c.annotations.SimpleValueBinder - building SimpleValue for id
09:55:19.766 [main] DEBUG o.h.cfg.annotations.PropertyBinder - Building property id
09:55:19.766 [main] DEBUG org.hibernate.cfg.Ejb3Column - Binding column: Ejb3Column{table=org.hibernate.mapping.Table(CheckOut), mappingColumn=created_date, insertable=true, updatable=false, unique=false}
09:55:19.766 [main] DEBUG o.h.cfg.annotations.PropertyBinder - binding property createdDate with lazy=false
09:55:19.766 [main] DEBUG o.h.c.annotations.SimpleValueBinder - building SimpleValue for createdDate
09:55:19.766 [main] DEBUG o.h.cfg.annotations.PropertyBinder - Building property createdDate
09:55:19.766 [main] DEBUG org.hibernate.cfg.Ejb3Column - Binding column: Ejb3Column{table=org.hibernate.mapping.Table(CheckOut), mappingColumn=last_modified_date, insertable=true, updatable=true, unique=false}
09:55:19.766 [main] DEBUG o.h.cfg.annotations.PropertyBinder - binding property lastModifiedDate with lazy=false
09:55:19.766 [main] DEBUG o.h.c.annotations.SimpleValueBinder - building SimpleValue for lastModifiedDate
09:55:19.766 [main] DEBUG o.h.cfg.annotations.PropertyBinder - Building property lastModifiedDate
09:55:19.766 [main] DEBUG org.hibernate.cfg.Ejb3Column - Binding column: Ejb3Column{table=org.hibernate.mapping.Table(CheckOut), mappingColumn=AMOUNT, insertable=true, updatable=true, unique=false}
09:55:19.766 [main] DEBUG o.h.cfg.annotations.PropertyBinder - binding property amount with lazy=false
09:55:19.766 [main] DEBUG o.h.c.annotations.SimpleValueBinder - building SimpleValue for amount
09:55:19.766 [main] DEBUG o.h.cfg.annotations.PropertyBinder - Building property amount
09:55:19.766 [main] DEBUG org.hibernate.cfg.Ejb3Column - Binding column: Ejb3Column{table=org.hibernate.mapping.Table(CheckOut), mappingColumn=CUSTOMER_ID, insertable=true, updatable=true, unique=false}
09:55:19.766 [main] DEBUG o.h.cfg.annotations.PropertyBinder - binding property customerId with lazy=false
09:55:19.766 [main] DEBUG o.h.c.annotations.SimpleValueBinder - building SimpleValue for customerId
09:55:19.766 [main] DEBUG o.h.cfg.annotations.PropertyBinder - Building property customerId
09:55:19.766 [main] DEBUG org.hibernate.cfg.Ejb3Column - Binding column: Ejb3JoinColumn{logicalColumnName=&apos;INVOICE_ID&apos;, referencedColumn=&apos;&apos;, mappedBy=&apos;&apos;}
09:55:19.766 [main] DEBUG org.hibernate.cfg.Ejb3Column - Binding column: Ejb3Column{table=org.hibernate.mapping.Table(CheckOut), mappingColumn=invoice, insertable=true, updatable=true, unique=false}
09:55:19.766 [main] DEBUG o.h.cfg.annotations.PropertyBinder - Building property invoice
09:55:19.766 [main] DEBUG org.hibernate.cfg.Ejb3Column - Binding column: Ejb3JoinColumn{logicalColumnName=&apos;null&apos;, referencedColumn=&apos;null&apos;, mappedBy=&apos;checkOut&apos;}
09:55:19.766 [main] DEBUG org.hibernate.cfg.Ejb3Column - Binding column: Ejb3Column{table=org.hibernate.mapping.Table(CheckOut), mappingColumn=itemCollection, insertable=true, updatable=true, unique=false}
09:55:19.766 [main] DEBUG org.hibernate.cfg.Ejb3Column - Binding column: Ejb3Column{table=org.hibernate.mapping.Table(CheckOut), mappingColumn=null, insertable=true, updatable=true, unique=false}
09:55:19.766 [main] DEBUG org.hibernate.cfg.Ejb3Column - Binding column: Ejb3Column{table=org.hibernate.mapping.Table(CheckOut), mappingColumn=element, insertable=true, updatable=true, unique=false}
09:55:19.766 [main] DEBUG org.hibernate.cfg.Ejb3Column - Binding column: Ejb3Column{table=org.hibernate.mapping.Table(CheckOut), mappingColumn=itemCollection_KEY, insertable=true, updatable=true, unique=false}
09:55:19.766 [main] DEBUG org.hibernate.cfg.Ejb3Column - Binding column: Ejb3JoinColumn{logicalColumnName=&apos;itemCollection_KEY&apos;, referencedColumn=&apos;null&apos;, mappedBy=&apos;null&apos;}
09:55:19.766 [main] DEBUG org.hibernate.cfg.Ejb3Column - Binding column: Ejb3JoinColumn{logicalColumnName=&apos;null&apos;, referencedColumn=&apos;null&apos;, mappedBy=&apos;checkOut&apos;}
09:55:19.766 [main] DEBUG org.hibernate.cfg.Ejb3Column - Binding column: Ejb3JoinColumn{logicalColumnName=&apos;null&apos;, referencedColumn=&apos;null&apos;, mappedBy=&apos;checkOut&apos;}
09:55:19.766 [main] DEBUG o.h.cfg.annotations.CollectionBinder - Collection role: com.bleum.canton.checkout.entity.CheckOut.itemCollection
09:55:19.766 [main] DEBUG o.h.cfg.annotations.PropertyBinder - Building property itemCollection
09:55:19.766 [main] DEBUG org.hibernate.cfg.Ejb3Column - Binding column: Ejb3JoinColumn{logicalColumnName=&apos;PAYMENT_METHOD_ID&apos;, referencedColumn=&apos;&apos;, mappedBy=&apos;&apos;}
09:55:19.766 [main] DEBUG org.hibernate.cfg.Ejb3Column - Binding column: Ejb3Column{table=org.hibernate.mapping.Table(CheckOut), mappingColumn=paymentMethod, insertable=true, updatable=true, unique=false}
09:55:19.766 [main] DEBUG o.h.cfg.annotations.PropertyBinder - Building property paymentMethod
09:55:19.766 [main] DEBUG org.hibernate.cfg.Ejb3Column - Binding column: Ejb3JoinColumn{logicalColumnName=&apos;SHIPPING_METHOD_ID&apos;, referencedColumn=&apos;&apos;, mappedBy=&apos;&apos;}
09:55:19.766 [main] DEBUG org.hibernate.cfg.Ejb3Column - Binding column: Ejb3Column{table=org.hibernate.mapping.Table(CheckOut), mappingColumn=shippingMethod, insertable=true, updatable=true, unique=false}
09:55:19.766 [main] DEBUG o.h.cfg.annotations.PropertyBinder - Building property shippingMethod
09:55:19.766 [main] INFO  org.hibernate.cfg.AnnotationBinder - Binding entity from annotated class: com.bleum.canton.checkout.entity.CheckOutItemDetail
09:55:19.766 [main] DEBUG org.hibernate.cfg.Ejb3Column - Binding column: Ejb3DiscriminatorColumn{logicalColumnName&apos;DTYPE&apos;, discriminatorTypeName=&apos;string&apos;}
09:55:19.766 [main] DEBUG org.hibernate.cfg.AnnotationBinder - no value specified for &apos;javax.persistence.sharedCache.mode&apos;; using UNSPECIFIED
09:55:19.766 [main] DEBUG o.h.cfg.annotations.EntityBinder - Import with entity name CheckOutItemDetail
09:55:19.766 [main] INFO  o.h.cfg.annotations.EntityBinder - Bind entity com.bleum.canton.checkout.entity.CheckOutItemDetail on table ItemCollecion
09:55:19.766 [main] DEBUG org.hibernate.cfg.Ejb3Column - Binding column: Ejb3Column{table=org.hibernate.mapping.Table(ItemCollecion), mappingColumn=ID, insertable=true, updatable=true, unique=false}
09:55:19.766 [main] DEBUG o.h.cfg.annotations.PropertyBinder - binding property id with lazy=false
09:55:19.766 [main] DEBUG o.h.c.annotations.SimpleValueBinder - building SimpleValue for id
09:55:19.766 [main] DEBUG o.h.cfg.annotations.PropertyBinder - Building property id
09:55:19.766 [main] DEBUG org.hibernate.cfg.Ejb3Column - Binding column: Ejb3Column{table=org.hibernate.mapping.Table(ItemCollecion), mappingColumn=created_date, insertable=true, updatable=false, unique=false}
09:55:19.766 [main] DEBUG o.h.cfg.annotations.PropertyBinder - binding property createdDate with lazy=false
09:55:19.766 [main] DEBUG o.h.c.annotations.SimpleValueBinder - building SimpleValue for createdDate
09:55:19.766 [main] DEBUG o.h.cfg.annotations.PropertyBinder - Building property createdDate
09:55:19.766 [main] DEBUG org.hibernate.cfg.Ejb3Column - Binding column: Ejb3Column{table=org.hibernate.mapping.Table(ItemCollecion), mappingColumn=last_modified_date, insertable=true, updatable=true, unique=false}
09:55:19.766 [main] DEBUG o.h.cfg.annotations.PropertyBinder - binding property lastModifiedDate with lazy=false
09:55:19.766 [main] DEBUG o.h.c.annotations.SimpleValueBinder - building SimpleValue for lastModifiedDate
09:55:19.766 [main] DEBUG o.h.cfg.annotations.PropertyBinder - Building property lastModifiedDate
09:55:19.766 [main] DEBUG org.hibernate.cfg.Ejb3Column - Binding column: Ejb3JoinColumn{logicalColumnName=&apos;CHECKOUT_ITEM_ID&apos;, referencedColumn=&apos;&apos;, mappedBy=&apos;&apos;}
09:55:19.766 [main] DEBUG org.hibernate.cfg.Ejb3Column - Binding column: Ejb3Column{table=org.hibernate.mapping.Table(ItemCollecion), mappingColumn=checkOut, insertable=true, updatable=true, unique=false}
09:55:19.766 [main] DEBUG o.h.cfg.annotations.PropertyBinder - Building property checkOut
09:55:19.766 [main] DEBUG org.hibernate.cfg.Ejb3Column - Binding column: Ejb3Column{table=org.hibernate.mapping.Table(ItemCollecion), mappingColumn=PRODUCT_ITEM_ID, insertable=true, updatable=true, unique=false}
09:55:19.766 [main] DEBUG o.h.cfg.annotations.PropertyBinder - binding property productItemId with lazy=false
09:55:19.766 [main] DEBUG o.h.c.annotations.SimpleValueBinder - building SimpleValue for productItemId
09:55:19.766 [main] DEBUG o.h.cfg.annotations.PropertyBinder - Building property productItemId
09:55:19.766 [main] INFO  org.hibernate.cfg.AnnotationBinder - Binding entity from annotated class: com.bleum.canton.checkout.entity.Invoice
09:55:19.766 [main] DEBUG org.hibernate.cfg.Ejb3Column - Binding column: Ejb3DiscriminatorColumn{logicalColumnName&apos;DTYPE&apos;, discriminatorTypeName=&apos;string&apos;}
09:55:19.766 [main] DEBUG org.hibernate.cfg.AnnotationBinder - no value specified for &apos;javax.persistence.sharedCache.mode&apos;; using UNSPECIFIED
09:55:19.766 [main] DEBUG o.h.cfg.annotations.EntityBinder - Import with entity name Invoice
09:55:19.766 [main] INFO  o.h.cfg.annotations.EntityBinder - Bind entity com.bleum.canton.checkout.entity.Invoice on table Invoice
09:55:19.766 [main] DEBUG org.hibernate.cfg.Ejb3Column - Binding column: Ejb3Column{table=org.hibernate.mapping.Table(Invoice), mappingColumn=ID, insertable=true, updatable=true, unique=false}
09:55:19.766 [main] DEBUG o.h.cfg.annotations.PropertyBinder - binding property id with lazy=false
09:55:19.766 [main] DEBUG o.h.c.annotations.SimpleValueBinder - building SimpleValue for id
09:55:19.766 [main] DEBUG o.h.cfg.annotations.PropertyBinder - Building property id
09:55:19.766 [main] DEBUG org.hibernate.cfg.Ejb3Column - Binding column: Ejb3Column{table=org.hibernate.mapping.Table(Invoice), mappingColumn=created_date, insertable=true, updatable=false, unique=false}
09:55:19.766 [main] DEBUG o.h.cfg.annotations.PropertyBinder - binding property createdDate with lazy=false
09:55:19.766 [main] DEBUG o.h.c.annotations.SimpleValueBinder - building SimpleValue for createdDate
09:55:19.766 [main] DEBUG o.h.cfg.annotations.PropertyBinder - Building property createdDate
09:55:19.766 [main] DEBUG org.hibernate.cfg.Ejb3Column - Binding column: Ejb3Column{table=org.hibernate.mapping.Table(Invoice), mappingColumn=last_modified_date, insertable=true, updatable=true, unique=false}
09:55:19.766 [main] DEBUG o.h.cfg.annotations.PropertyBinder - binding property lastModifiedDate with lazy=false
09:55:19.766 [main] DEBUG o.h.c.annotations.SimpleValueBinder - building SimpleValue for lastModifiedDate
09:55:19.766 [main] DEBUG o.h.cfg.annotations.PropertyBinder - Building property lastModifiedDate
09:55:19.766 [main] DEBUG org.hibernate.cfg.Ejb3Column - Binding column: Ejb3Column{table=org.hibernate.mapping.Table(Invoice), mappingColumn=DESCRIPTION, insertable=true, updatable=true, unique=false}
09:55:19.766 [main] DEBUG o.h.cfg.annotations.PropertyBinder - binding property description with lazy=false
09:55:19.766 [main] DEBUG o.h.c.annotations.SimpleValueBinder - building SimpleValue for description
09:55:19.766 [main] DEBUG o.h.cfg.annotations.PropertyBinder - Building property description
09:55:19.766 [main] DEBUG org.hibernate.cfg.Ejb3Column - Binding column: Ejb3Column{table=org.hibernate.mapping.Table(Invoice), mappingColumn=NAME, insertable=true, updatable=true, unique=false}
09:55:19.766 [main] DEBUG o.h.cfg.annotations.PropertyBinder - binding property name with lazy=false
09:55:19.766 [main] DEBUG o.h.c.annotations.SimpleValueBinder - building SimpleValue for name
09:55:19.766 [main] DEBUG o.h.cfg.annotations.PropertyBinder - Building property name
09:55:19.766 [main] DEBUG org.hibernate.cfg.Ejb3Column - Binding column: Ejb3Column{table=org.hibernate.mapping.Table(Invoice), mappingColumn=TAX, insertable=true, updatable=true, unique=false}
09:55:19.766 [main] DEBUG o.h.cfg.annotations.PropertyBinder - binding property tax with lazy=false
09:55:19.766 [main] DEBUG o.h.c.annotations.SimpleValueBinder - building SimpleValue for tax
09:55:19.766 [main] DEBUG o.h.cfg.annotations.PropertyBinder - Building property tax
09:55:19.766 [main] DEBUG org.hibernate.cfg.Ejb3Column - Binding column: Ejb3Column{table=org.hibernate.mapping.Table(Invoice), mappingColumn=TYPE, insertable=true, updatable=true, unique=false}
09:55:19.766 [main] DEBUG o.h.cfg.annotations.PropertyBinder - binding property type with lazy=false
09:55:19.766 [main] DEBUG o.h.c.annotations.SimpleValueBinder - building SimpleValue for type
09:55:19.766 [main] DEBUG o.h.cfg.annotations.PropertyBinder - Building property type
09:55:19.766 [main] INFO  org.hibernate.cfg.AnnotationBinder - Binding entity from annotated class: com.bleum.canton.checkout.entity.PaymentMethod
09:55:19.766 [main] DEBUG org.hibernate.cfg.Ejb3Column - Binding column: Ejb3DiscriminatorColumn{logicalColumnName&apos;DTYPE&apos;, discriminatorTypeName=&apos;string&apos;}
09:55:19.766 [main] DEBUG org.hibernate.cfg.AnnotationBinder - no value specified for &apos;javax.persistence.sharedCache.mode&apos;; using UNSPECIFIED
09:55:19.766 [main] DEBUG o.h.cfg.annotations.EntityBinder - Import with entity name PaymentMethod
09:55:19.766 [main] INFO  o.h.cfg.annotations.EntityBinder - Bind entity com.bleum.canton.checkout.entity.PaymentMethod on table PaymentMethod
09:55:19.766 [main] DEBUG org.hibernate.cfg.Ejb3Column - Binding column: Ejb3Column{table=org.hibernate.mapping.Table(PaymentMethod), mappingColumn=ID, insertable=true, updatable=true, unique=false}
09:55:19.766 [main] DEBUG o.h.cfg.annotations.PropertyBinder - binding property id with lazy=false
09:55:19.766 [main] DEBUG o.h.c.annotations.SimpleValueBinder - building SimpleValue for id
09:55:19.766 [main] DEBUG o.h.cfg.annotations.PropertyBinder - Building property id
09:55:19.766 [main] DEBUG org.hibernate.cfg.Ejb3Column - Binding column: Ejb3Column{table=org.hibernate.mapping.Table(PaymentMethod), mappingColumn=created_date, insertable=true, updatable=false, unique=false}
09:55:19.766 [main] DEBUG o.h.cfg.annotations.PropertyBinder - binding property createdDate with lazy=false
09:55:19.766 [main] DEBUG o.h.c.annotations.SimpleValueBinder - building SimpleValue for createdDate
09:55:19.766 [main] DEBUG o.h.cfg.annotations.PropertyBinder - Building property createdDate
09:55:19.766 [main] DEBUG org.hibernate.cfg.Ejb3Column - Binding column: Ejb3Column{table=org.hibernate.mapping.Table(PaymentMethod), mappingColumn=last_modified_date, insertable=true, updatable=true, unique=false}
09:55:19.766 [main] DEBUG o.h.cfg.annotations.PropertyBinder - binding property lastModifiedDate with lazy=false
09:55:19.766 [main] DEBUG o.h.c.annotations.SimpleValueBinder - building SimpleValue for lastModifiedDate
09:55:19.766 [main] DEBUG o.h.cfg.annotations.PropertyBinder - Building property lastModifiedDate
09:55:19.766 [main] DEBUG org.hibernate.cfg.Ejb3Column - Binding column: Ejb3Column{table=org.hibernate.mapping.Table(PaymentMethod), mappingColumn=Name, insertable=true, updatable=true, unique=false}
09:55:19.766 [main] DEBUG o.h.cfg.annotations.PropertyBinder - binding property name with lazy=false
09:55:19.766 [main] DEBUG o.h.c.annotations.SimpleValueBinder - building SimpleValue for name
09:55:19.766 [main] DEBUG o.h.cfg.annotations.PropertyBinder - Building property name
09:55:19.766 [main] INFO  org.hibernate.cfg.AnnotationBinder - Binding entity from annotated class: com.bleum.canton.checkout.entity.ShippingMethod
09:55:19.766 [main] DEBUG org.hibernate.cfg.Ejb3Column - Binding column: Ejb3DiscriminatorColumn{logicalColumnName&apos;DTYPE&apos;, discriminatorTypeName=&apos;string&apos;}
09:55:19.766 [main] DEBUG org.hibernate.cfg.AnnotationBinder - no value specified for &apos;javax.persistence.sharedCache.mode&apos;; using UNSPECIFIED
09:55:19.766 [main] DEBUG o.h.cfg.annotations.EntityBinder - Import with entity name ShippingMethod
09:55:19.766 [main] INFO  o.h.cfg.annotations.EntityBinder - Bind entity com.bleum.canton.checkout.entity.ShippingMethod on table ShippingMethod
09:55:19.766 [main] DEBUG org.hibernate.cfg.Ejb3Column - Binding column: Ejb3Column{table=org.hibernate.mapping.Table(ShippingMethod), mappingColumn=ID, insertable=true, updatable=true, unique=false}
09:55:19.766 [main] DEBUG o.h.cfg.annotations.PropertyBinder - binding property id with lazy=false
09:55:19.766 [main] DEBUG o.h.c.annotations.SimpleValueBinder - building SimpleValue for id
09:55:19.766 [main] DEBUG o.h.cfg.annotations.PropertyBinder - Building property id
09:55:19.766 [main] DEBUG org.hibernate.cfg.Ejb3Column - Binding column: Ejb3Column{table=org.hibernate.mapping.Table(ShippingMethod), mappingColumn=created_date, insertable=true, updatable=false, unique=false}
09:55:19.766 [main] DEBUG o.h.cfg.annotations.PropertyBinder - binding property createdDate with lazy=false
09:55:19.766 [main] DEBUG o.h.c.annotations.SimpleValueBinder - building SimpleValue for createdDate
09:55:19.766 [main] DEBUG o.h.cfg.annotations.PropertyBinder - Building property createdDate
09:55:19.766 [main] DEBUG org.hibernate.cfg.Ejb3Column - Binding column: Ejb3Column{table=org.hibernate.mapping.Table(ShippingMethod), mappingColumn=last_modified_date, insertable=true, updatable=true, unique=false}
09:55:19.766 [main] DEBUG o.h.cfg.annotations.PropertyBinder - binding property lastModifiedDate with lazy=false
09:55:19.766 [main] DEBUG o.h.c.annotations.SimpleValueBinder - building SimpleValue for lastModifiedDate
09:55:19.766 [main] DEBUG o.h.cfg.annotations.PropertyBinder - Building property lastModifiedDate
09:55:19.766 [main] DEBUG org.hibernate.cfg.Ejb3Column - Binding column: Ejb3Column{table=org.hibernate.mapping.Table(ShippingMethod), mappingColumn=Name, insertable=true, updatable=true, unique=false}
09:55:19.766 [main] DEBUG o.h.cfg.annotations.PropertyBinder - binding property name with lazy=false
09:55:19.766 [main] DEBUG o.h.c.annotations.SimpleValueBinder - building SimpleValue for name
09:55:19.766 [main] DEBUG o.h.cfg.annotations.PropertyBinder - Building property name
09:55:19.766 [main] INFO  org.hibernate.cfg.AnnotationBinder - Binding entity from annotated class: com.bleum.canton.itempage.entity.Category
09:55:19.766 [main] DEBUG org.hibernate.cfg.Ejb3Column - Binding column: Ejb3DiscriminatorColumn{logicalColumnName&apos;DTYPE&apos;, discriminatorTypeName=&apos;string&apos;}
09:55:19.766 [main] DEBUG org.hibernate.cfg.AnnotationBinder - no value specified for &apos;javax.persistence.sharedCache.mode&apos;; using UNSPECIFIED
09:55:19.766 [main] DEBUG o.h.cfg.annotations.EntityBinder - Import with entity name Category
09:55:19.766 [main] INFO  o.h.cfg.annotations.EntityBinder - Bind entity com.bleum.canton.itempage.entity.Category on table CATEGORY
09:55:19.782 [main] DEBUG org.hibernate.cfg.Ejb3Column - Binding column: Ejb3Column{table=org.hibernate.mapping.Table(CATEGORY), mappingColumn=ID, insertable=true, updatable=true, unique=false}
09:55:19.782 [main] DEBUG o.h.cfg.annotations.PropertyBinder - binding property id with lazy=false
09:55:19.782 [main] DEBUG o.h.c.annotations.SimpleValueBinder - building SimpleValue for id
09:55:19.782 [main] DEBUG o.h.cfg.annotations.PropertyBinder - Building property id
09:55:19.782 [main] DEBUG org.hibernate.cfg.Ejb3Column - Binding column: Ejb3Column{table=org.hibernate.mapping.Table(CATEGORY), mappingColumn=CATEGORYNAME, insertable=true, updatable=true, unique=false}
09:55:19.782 [main] DEBUG o.h.cfg.annotations.PropertyBinder - binding property categoryName with lazy=false
09:55:19.782 [main] DEBUG o.h.c.annotations.SimpleValueBinder - building SimpleValue for categoryName
09:55:19.782 [main] DEBUG o.h.cfg.annotations.PropertyBinder - Building property categoryName
09:55:19.782 [main] DEBUG org.hibernate.cfg.Ejb3Column - Binding column: Ejb3Column{table=org.hibernate.mapping.Table(CATEGORY), mappingColumn=LEVEL, insertable=true, updatable=true, unique=false}
09:55:19.782 [main] DEBUG o.h.cfg.annotations.PropertyBinder - binding property level with lazy=false
09:55:19.782 [main] DEBUG o.h.c.annotations.SimpleValueBinder - building SimpleValue for level
09:55:19.782 [main] DEBUG o.h.cfg.annotations.PropertyBinder - Building property level
09:55:19.782 [main] DEBUG org.hibernate.cfg.Ejb3Column - Binding column: Ejb3Column{table=org.hibernate.mapping.Table(CATEGORY), mappingColumn=PARENTID, insertable=true, updatable=true, unique=false}
09:55:19.782 [main] DEBUG o.h.cfg.annotations.PropertyBinder - binding property parentID with lazy=false
09:55:19.782 [main] DEBUG o.h.c.annotations.SimpleValueBinder - building SimpleValue for parentID
09:55:19.782 [main] DEBUG o.h.cfg.annotations.PropertyBinder - Building property parentID
09:55:19.782 [main] INFO  org.hibernate.cfg.AnnotationBinder - Binding entity from annotated class: com.bleum.canton.itempage.entity.Item
09:55:19.782 [main] DEBUG org.hibernate.cfg.Ejb3Column - Binding column: Ejb3DiscriminatorColumn{logicalColumnName&apos;DTYPE&apos;, discriminatorTypeName=&apos;string&apos;}
09:55:19.782 [main] DEBUG org.hibernate.cfg.AnnotationBinder - no value specified for &apos;javax.persistence.sharedCache.mode&apos;; using UNSPECIFIED
09:55:19.782 [main] DEBUG o.h.cfg.annotations.EntityBinder - Import with entity name Item
09:55:19.782 [main] INFO  o.h.cfg.annotations.EntityBinder - Bind entity com.bleum.canton.itempage.entity.Item on table ITEM
09:55:19.782 [main] DEBUG org.hibernate.cfg.Ejb3Column - Binding column: Ejb3Column{table=org.hibernate.mapping.Table(ITEM), mappingColumn=ID, insertable=true, updatable=true, unique=false}
09:55:19.782 [main] DEBUG o.h.cfg.annotations.PropertyBinder - binding property id with lazy=false
09:55:19.782 [main] DEBUG o.h.c.annotations.SimpleValueBinder - building SimpleValue for id
09:55:19.782 [main] DEBUG o.h.cfg.annotations.PropertyBinder - Building property id
09:55:19.782 [main] DEBUG org.hibernate.cfg.Ejb3Column - Binding column: Ejb3Column{table=org.hibernate.mapping.Table(ITEM), mappingColumn=ITEMLABEL, insertable=true, updatable=true, unique=false}
09:55:19.782 [main] DEBUG o.h.cfg.annotations.PropertyBinder - binding property ItemLabel with lazy=false
09:55:19.782 [main] DEBUG o.h.c.annotations.SimpleValueBinder - building SimpleValue for ItemLabel
09:55:19.782 [main] DEBUG o.h.cfg.annotations.PropertyBinder - Building property ItemLabel
09:55:19.782 [main] DEBUG org.hibernate.cfg.Ejb3Column - Binding column: Ejb3Column{table=org.hibernate.mapping.Table(ITEM), mappingColumn=ITEMNAME, insertable=true, updatable=true, unique=false}
09:55:19.782 [main] DEBUG o.h.cfg.annotations.PropertyBinder - binding property ItemName with lazy=false
09:55:19.782 [main] DEBUG o.h.c.annotations.SimpleValueBinder - building SimpleValue for ItemName
09:55:19.782 [main] DEBUG o.h.cfg.annotations.PropertyBinder - Building property ItemName
09:55:19.782 [main] DEBUG org.hibernate.cfg.Ejb3Column - Binding column: Ejb3JoinColumn{logicalColumnName=&apos;ITEMIMAGE&apos;, referencedColumn=&apos;&apos;, mappedBy=&apos;&apos;}
09:55:19.782 [main] DEBUG org.hibernate.cfg.Ejb3Column - Binding column: Ejb3Column{table=org.hibernate.mapping.Table(ITEM), mappingColumn=images, insertable=true, updatable=true, unique=false}
09:55:19.782 [main] DEBUG org.hibernate.cfg.Ejb3Column - Binding column: Ejb3Column{table=org.hibernate.mapping.Table(ITEM), mappingColumn=null, insertable=true, updatable=true, unique=false}
09:55:19.782 [main] DEBUG org.hibernate.cfg.Ejb3Column - Binding column: Ejb3Column{table=org.hibernate.mapping.Table(ITEM), mappingColumn=element, insertable=true, updatable=true, unique=false}
09:55:19.782 [main] DEBUG org.hibernate.cfg.Ejb3Column - Binding column: Ejb3Column{table=org.hibernate.mapping.Table(ITEM), mappingColumn=images_KEY, insertable=true, updatable=true, unique=false}
09:55:19.782 [main] DEBUG org.hibernate.cfg.Ejb3Column - Binding column: Ejb3JoinColumn{logicalColumnName=&apos;images_KEY&apos;, referencedColumn=&apos;null&apos;, mappedBy=&apos;null&apos;}
09:55:19.782 [main] DEBUG org.hibernate.cfg.Ejb3Column - Binding column: Ejb3JoinColumn{logicalColumnName=&apos;null&apos;, referencedColumn=&apos;null&apos;, mappedBy=&apos;&apos;}
09:55:19.782 [main] DEBUG org.hibernate.cfg.Ejb3Column - Binding column: Ejb3JoinColumn{logicalColumnName=&apos;null&apos;, referencedColumn=&apos;null&apos;, mappedBy=&apos;&apos;}
09:55:19.782 [main] DEBUG o.h.cfg.annotations.CollectionBinder - Collection role: com.bleum.canton.itempage.entity.Item.images
09:55:19.782 [main] DEBUG o.h.cfg.annotations.PropertyBinder - Building property images
09:55:19.782 [main] DEBUG org.hibernate.cfg.Ejb3Column - Binding column: Ejb3Column{table=org.hibernate.mapping.Table(ITEM), mappingColumn=PRICE, insertable=true, updatable=true, unique=false}
09:55:19.782 [main] DEBUG o.h.cfg.annotations.PropertyBinder - binding property price with lazy=false
09:55:19.782 [main] DEBUG o.h.c.annotations.SimpleValueBinder - building SimpleValue for price
09:55:19.782 [main] DEBUG o.h.cfg.annotations.PropertyBinder - Building property price
09:55:19.782 [main] DEBUG org.hibernate.cfg.Ejb3Column - Binding column: Ejb3JoinColumn{logicalColumnName=&apos;PRODUCT&apos;, referencedColumn=&apos;&apos;, mappedBy=&apos;&apos;}
09:55:19.782 [main] DEBUG org.hibernate.cfg.Ejb3Column - Binding column: Ejb3Column{table=org.hibernate.mapping.Table(ITEM), mappingColumn=product, insertable=true, updatable=true, unique=false}
09:55:19.782 [main] DEBUG o.h.cfg.annotations.PropertyBinder - Building property product
09:55:19.782 [main] DEBUG org.hibernate.cfg.Ejb3Column - Binding column: Ejb3Column{table=org.hibernate.mapping.Table(ITEM), mappingColumn=STOCKLEFT, insertable=true, updatable=true, unique=false}
09:55:19.782 [main] DEBUG o.h.cfg.annotations.PropertyBinder - binding property stockLeft with lazy=false
09:55:19.782 [main] DEBUG o.h.c.annotations.SimpleValueBinder - building SimpleValue for stockLeft
09:55:19.782 [main] DEBUG o.h.cfg.annotations.PropertyBinder - Building property stockLeft
09:55:19.782 [main] INFO  org.hibernate.cfg.AnnotationBinder - Binding entity from annotated class: com.bleum.canton.itempage.entity.ItemImage
09:55:19.782 [main] DEBUG org.hibernate.cfg.Ejb3Column - Binding column: Ejb3DiscriminatorColumn{logicalColumnName&apos;DTYPE&apos;, discriminatorTypeName=&apos;string&apos;}
09:55:19.782 [main] DEBUG org.hibernate.cfg.AnnotationBinder - no value specified for &apos;javax.persistence.sharedCache.mode&apos;; using UNSPECIFIED
09:55:19.782 [main] DEBUG o.h.cfg.annotations.EntityBinder - Import with entity name ItemImage
09:55:19.782 [main] INFO  o.h.cfg.annotations.EntityBinder - Bind entity com.bleum.canton.itempage.entity.ItemImage on table ITEMIMAGE
09:55:19.782 [main] DEBUG org.hibernate.cfg.Ejb3Column - Binding column: Ejb3Column{table=org.hibernate.mapping.Table(ITEMIMAGE), mappingColumn=ID, insertable=true, updatable=true, unique=false}
09:55:19.782 [main] DEBUG o.h.cfg.annotations.PropertyBinder - binding property id with lazy=false
09:55:19.782 [main] DEBUG o.h.c.annotations.SimpleValueBinder - building SimpleValue for id
09:55:19.782 [main] DEBUG o.h.cfg.annotations.PropertyBinder - Building property id
09:55:19.782 [main] DEBUG org.hibernate.cfg.Ejb3Column - Binding column: Ejb3JoinColumn{logicalColumnName=&apos;ITEM&apos;, referencedColumn=&apos;&apos;, mappedBy=&apos;&apos;}
09:55:19.782 [main] DEBUG org.hibernate.cfg.Ejb3Column - Binding column: Ejb3Column{table=org.hibernate.mapping.Table(ITEMIMAGE), mappingColumn=item, insertable=true, updatable=true, unique=false}
09:55:19.782 [main] DEBUG o.h.cfg.annotations.PropertyBinder - Building property item
09:55:19.782 [main] DEBUG org.hibernate.cfg.Ejb3Column - Binding column: Ejb3Column{table=org.hibernate.mapping.Table(ITEMIMAGE), mappingColumn=TYPE, insertable=true, updatable=true, unique=false}
09:55:19.782 [main] DEBUG o.h.cfg.annotations.PropertyBinder - binding property type with lazy=false
09:55:19.782 [main] DEBUG o.h.c.annotations.SimpleValueBinder - building SimpleValue for type
09:55:19.782 [main] DEBUG o.h.cfg.annotations.PropertyBinder - Building property type
09:55:19.782 [main] DEBUG org.hibernate.cfg.Ejb3Column - Binding column: Ejb3Column{table=org.hibernate.mapping.Table(ITEMIMAGE), mappingColumn=URL, insertable=true, updatable=true, unique=false}
09:55:19.782 [main] DEBUG o.h.cfg.annotations.PropertyBinder - binding property url with lazy=false
09:55:19.782 [main] DEBUG o.h.c.annotations.SimpleValueBinder - building SimpleValue for url
09:55:19.782 [main] DEBUG o.h.cfg.annotations.PropertyBinder - Building property url
09:55:19.782 [main] INFO  org.hibernate.cfg.AnnotationBinder - Binding entity from annotated class: com.bleum.canton.itempage.entity.ItemRichContent
09:55:19.782 [main] DEBUG org.hibernate.cfg.Ejb3Column - Binding column: Ejb3DiscriminatorColumn{logicalColumnName&apos;DTYPE&apos;, discriminatorTypeName=&apos;string&apos;}
09:55:19.782 [main] DEBUG org.hibernate.cfg.AnnotationBinder - no value specified for &apos;javax.persistence.sharedCache.mode&apos;; using UNSPECIFIED
09:55:19.782 [main] DEBUG o.h.cfg.annotations.EntityBinder - Import with entity name ItemRichContent
09:55:19.782 [main] INFO  o.h.cfg.annotations.EntityBinder - Bind entity com.bleum.canton.itempage.entity.ItemRichContent on table ITEMRICHCONTENT
09:55:19.782 [main] DEBUG org.hibernate.cfg.Ejb3Column - Binding column: Ejb3Column{table=org.hibernate.mapping.Table(ITEMRICHCONTENT), mappingColumn=ID, insertable=true, updatable=true, unique=false}
09:55:19.782 [main] DEBUG o.h.cfg.annotations.PropertyBinder - binding property id with lazy=false
09:55:19.782 [main] DEBUG o.h.c.annotations.SimpleValueBinder - building SimpleValue for id
09:55:19.782 [main] DEBUG o.h.cfg.annotations.PropertyBinder - Building property id
09:55:19.782 [main] DEBUG org.hibernate.cfg.Ejb3Column - Binding column: Ejb3Column{table=org.hibernate.mapping.Table(ITEMRICHCONTENT), mappingColumn=IRCNAME, insertable=true, updatable=true, unique=false}
09:55:19.782 [main] DEBUG o.h.cfg.annotations.PropertyBinder - binding property IRCName with lazy=false
09:55:19.782 [main] DEBUG o.h.c.annotations.SimpleValueBinder - building SimpleValue for IRCName
09:55:19.782 [main] DEBUG o.h.cfg.annotations.PropertyBinder - Building property IRCName
09:55:19.782 [main] DEBUG org.hibernate.cfg.Ejb3Column - Binding column: Ejb3JoinColumn{logicalColumnName=&apos;CATEGORY&apos;, referencedColumn=&apos;&apos;, mappedBy=&apos;&apos;}
09:55:19.782 [main] DEBUG org.hibernate.cfg.Ejb3Column - Binding column: Ejb3Column{table=org.hibernate.mapping.Table(ITEMRICHCONTENT), mappingColumn=category, insertable=true, updatable=true, unique=false}
09:55:19.782 [main] DEBUG o.h.cfg.annotations.PropertyBinder - Building property category
09:55:19.782 [main] INFO  org.hibernate.cfg.AnnotationBinder - Binding entity from annotated class: com.bleum.canton.itempage.entity.Product
09:55:19.782 [main] DEBUG org.hibernate.cfg.Ejb3Column - Binding column: Ejb3DiscriminatorColumn{logicalColumnName&apos;DTYPE&apos;, discriminatorTypeName=&apos;string&apos;}
09:55:19.782 [main] DEBUG org.hibernate.cfg.AnnotationBinder - no value specified for &apos;javax.persistence.sharedCache.mode&apos;; using UNSPECIFIED
09:55:19.782 [main] DEBUG o.h.cfg.annotations.EntityBinder - Import with entity name Product
</system-out>
  </testcase>
  <testcase time="0" classname="junit.framework.TestSuite$1" name="warning">
    <failure message="Exception in constructor: testUserImplementedDao (org.springframework.beans.factory.BeanCreationException: Error creating bean with name &apos;org.springframework.dao.annotation.PersistenceExceptionTranslationPostProcessor#0&apos; defined in class path resource [com/bleum/canton/app-global-config-test.xml]: Initialization of bean failed; nested exception is org.springframework.beans.factory.BeanCreationException: Error creating bean with name &apos;productSessionFactory&apos; defined in class path resource [com/bleum/canton/app-global-config-test.xml]: Invocation of init method failed; nested exception is org.hibernate.AnnotationException: Use of the same entity name twice: Product
	at org.springframework.beans.factory.support.AbstractAutowireCapableBeanFactory.doCreateBean(AbstractAutowireCapableBeanFactory.java:527)
	at org.springframework.beans.factory.support.AbstractAutowireCapableBeanFactory.createBean(AbstractAutowireCapableBeanFactory.java:456)
	at org.springframework.beans.factory.support.AbstractBeanFactory$1.getObject(AbstractBeanFactory.java:294)
	at org.springframework.beans.factory.support.DefaultSingletonBeanRegistry.getSingleton(DefaultSingletonBeanRegistry.java:225)
	at org.springframework.beans.factory.support.AbstractBeanFactory.doGetBean(AbstractBeanFactory.java:291)
	at org.springframework.beans.factory.support.AbstractBeanFactory.getBean(AbstractBeanFactory.java:197)
	at org.springframework.context.support.AbstractApplicationContext.registerBeanPostProcessors(AbstractApplicationContext.java:728)
	at org.springframework.context.support.AbstractApplicationContext.refresh(AbstractApplicationContext.java:449)
	at org.springframework.context.support.ClassPathXmlApplicationContext.&lt;init&gt;(ClassPathXmlApplicationContext.java:139)
	at org.springframework.context.support.ClassPathXmlApplicationContext.&lt;init&gt;(ClassPathXmlApplicationContext.java:83)
	at com.bleum.canton.common.dao.DaoTest.&lt;init&gt;(DaoTest.java:17)
	at sun.reflect.NativeConstructorAccessorImpl.newInstance0(Native Method)
	at sun.reflect.NativeConstructorAccessorImpl.newInstance(NativeConstructorAccessorImpl.java:39)
	at sun.reflect.DelegatingConstructorAccessorImpl.newInstance(DelegatingConstructorAccessorImpl.java:27)
	at java.lang.reflect.Constructor.newInstance(Constructor.java:513)
	at junit.framework.TestSuite.createTest(TestSuite.java:65)
	at junit.framework.TestSuite.addTestMethod(TestSuite.java:294)
	at junit.framework.TestSuite.addTestsFromTestCase(TestSuite.java:150)
	at junit.framework.TestSuite.&lt;init&gt;(TestSuite.java:129)
	at org.junit.internal.runners.JUnit38ClassRunner.&lt;init&gt;(JUnit38ClassRunner.java:71)
	at org.junit.internal.builders.JUnit3Builder.runnerForClass(JUnit3Builder.java:14)
	at org.junit.runners.model.RunnerBuilder.safeRunnerForClass(RunnerBuilder.java:57)
	at org.junit.internal.builders.AllDefaultPossibilitiesBuilder.runnerForClass(AllDefaultPossibilitiesBuilder.java:29)
	at org.junit.runners.model.RunnerBuilder.safeRunnerForClass(RunnerBuilder.java:57)
	at org.junit.internal.requests.ClassRequest.getRunner(ClassRequest.java:24)
	at org.apache.maven.surefire.junit4.JUnit4TestSet.execute(JUnit4TestSet.java:33)
	at org.apache.maven.surefire.junit4.JUnit4Provider.executeTestSet(JUnit4Provider.java:115)
	at org.apache.maven.surefire.junit4.JUnit4Provider.invoke(JUnit4Provider.java:97)
	at sun.reflect.NativeMethodAccessorImpl.invoke0(Native Method)
	at sun.reflect.NativeMethodAccessorImpl.invoke(NativeMethodAccessorImpl.java:39)
	at sun.reflect.DelegatingMethodAccessorImpl.invoke(DelegatingMethodAccessorImpl.java:25)
	at java.lang.reflect.Method.invoke(Method.java:597)
	at org.apache.maven.surefire.booter.ProviderFactory$ClassLoaderProxy.invoke(ProviderFactory.java:103)
	at $Proxy0.invoke(Unknown Source)
	at org.apache.maven.surefire.booter.SurefireStarter.invokeProvider(SurefireStarter.java:150)
	at org.apache.maven.surefire.booter.SurefireStarter.runSuitesInProcess(SurefireStarter.java:91)
	at org.apache.maven.surefire.booter.ForkedBooter.main(ForkedBooter.java:69)
Caused by: org.springframework.beans.factory.BeanCreationException: Error creating bean with name &apos;productSessionFactory&apos; defined in class path resource [com/bleum/canton/app-global-config-test.xml]: Invocation of init method failed; nested exception is org.hibernate.AnnotationException: Use of the same entity name twice: Product
	at org.springframework.beans.factory.support.AbstractAutowireCapableBeanFactory.initializeBean(AbstractAutowireCapableBeanFactory.java:1455)
	at org.springframework.beans.factory.support.AbstractAutowireCapableBeanFactory.doCreateBean(AbstractAutowireCapableBeanFactory.java:519)
	at org.springframework.beans.factory.support.AbstractAutowireCapableBeanFactory.createBean(AbstractAutowireCapableBeanFactory.java:456)
	at org.springframework.beans.factory.support.AbstractBeanFactory$1.getObject(AbstractBeanFactory.java:294)
	at org.springframework.beans.factory.support.DefaultSingletonBeanRegistry.getSingleton(DefaultSingletonBeanRegistry.java:225)
	at org.springframework.beans.factory.support.AbstractBeanFactory.doGetBean(AbstractBeanFactory.java:291)
	at org.springframework.beans.factory.support.AbstractBeanFactory.getBean(AbstractBeanFactory.java:197)
	at org.springframework.beans.factory.support.DefaultListableBeanFactory.getBeansOfType(DefaultListableBeanFactory.java:400)
	at org.springframework.beans.factory.BeanFactoryUtils.beansOfTypeIncludingAncestors(BeanFactoryUtils.java:275)
	at org.springframework.dao.support.PersistenceExceptionTranslationInterceptor.detectPersistenceExceptionTranslators(PersistenceExceptionTranslationInterceptor.java:139)
	at org.springframework.dao.support.PersistenceExceptionTranslationInterceptor.&lt;init&gt;(PersistenceExceptionTranslationInterceptor.java:79)
	at org.springframework.dao.annotation.PersistenceExceptionTranslationAdvisor.&lt;init&gt;(PersistenceExceptionTranslationAdvisor.java:70)
	at org.springframework.dao.annotation.PersistenceExceptionTranslationPostProcessor.setBeanFactory(PersistenceExceptionTranslationPostProcessor.java:103)
	at org.springframework.beans.factory.support.AbstractAutowireCapableBeanFactory.invokeAwareMethods(AbstractAutowireCapableBeanFactory.java:1475)
	at org.springframework.beans.factory.support.AbstractAutowireCapableBeanFactory.initializeBean(AbstractAutowireCapableBeanFactory.java:1443)
	at org.springframework.beans.factory.support.AbstractAutowireCapableBeanFactory.doCreateBean(AbstractAutowireCapableBeanFactory.java:519)
	... 36 more
Caused by: org.hibernate.AnnotationException: Use of the same entity name twice: Product
	at org.hibernate.cfg.annotations.EntityBinder.bindEntity(EntityBinder.java:373)
	at org.hibernate.cfg.AnnotationBinder.bindClass(AnnotationBinder.java:586)
	at org.hibernate.cfg.Configuration$MetadataSourceQueue.processAnnotatedClassesQueue(Configuration.java:4035)
	at org.hibernate.cfg.Configuration$MetadataSourceQueue.processMetadata(Configuration.java:3989)
	at org.hibernate.cfg.Configuration.secondPassCompile(Configuration.java:1398)
	at org.hibernate.cfg.Configuration.buildMappings(Configuration.java:1375)
	at org.springframework.orm.hibernate3.LocalSessionFactoryBean.buildSessionFactory(LocalSessionFactoryBean.java:717)
	at org.springframework.orm.hibernate3.AbstractSessionFactoryBean.afterPropertiesSet(AbstractSessionFactoryBean.java:211)
	at org.springframework.beans.factory.support.AbstractAutowireCapableBeanFactory.invokeInitMethods(AbstractAutowireCapableBeanFactory.java:1514)
	at org.springframework.beans.factory.support.AbstractAutowireCapableBeanFactory.initializeBean(AbstractAutowireCapableBeanFactory.java:1452)
	... 51 more
Caused by: org.hibernate.DuplicateMappingException: duplicate import: Product refers to both com.bleum.canton.itempage.entity.Product and com.bleum.canton.sample.entity.Product (try using auto-import=&quot;false&quot;)
	at org.hibernate.cfg.Configuration$MappingsImpl.addImport(Configuration.java:3190)
	at org.hibernate.cfg.annotations.EntityBinder.bindEntity(EntityBinder.java:366)
	... 60 more
)" type="junit.framework.AssertionFailedError">junit.framework.AssertionFailedError: Exception in constructor: testUserImplementedDao (org.springframework.beans.factory.BeanCreationException: Error creating bean with name &apos;org.springframework.dao.annotation.PersistenceExceptionTranslationPostProcessor#0&apos; defined in class path resource [com/bleum/canton/app-global-config-test.xml]: Initialization of bean failed; nested exception is org.springframework.beans.factory.BeanCreationException: Error creating bean with name &apos;productSessionFactory&apos; defined in class path resource [com/bleum/canton/app-global-config-test.xml]: Invocation of init method failed; nested exception is org.hibernate.AnnotationException: Use of the same entity name twice: Product
	at org.springframework.beans.factory.support.AbstractAutowireCapableBeanFactory.doCreateBean(AbstractAutowireCapableBeanFactory.java:527)
	at org.springframework.beans.factory.support.AbstractAutowireCapableBeanFactory.createBean(AbstractAutowireCapableBeanFactory.java:456)
	at org.springframework.beans.factory.support.AbstractBeanFactory$1.getObject(AbstractBeanFactory.java:294)
	at org.springframework.beans.factory.support.DefaultSingletonBeanRegistry.getSingleton(DefaultSingletonBeanRegistry.java:225)
	at org.springframework.beans.factory.support.AbstractBeanFactory.doGetBean(AbstractBeanFactory.java:291)
	at org.springframework.beans.factory.support.AbstractBeanFactory.getBean(AbstractBeanFactory.java:197)
	at org.springframework.context.support.AbstractApplicationContext.registerBeanPostProcessors(AbstractApplicationContext.java:728)
	at org.springframework.context.support.AbstractApplicationContext.refresh(AbstractApplicationContext.java:449)
	at org.springframework.context.support.ClassPathXmlApplicationContext.&lt;init&gt;(ClassPathXmlApplicationContext.java:139)
	at org.springframework.context.support.ClassPathXmlApplicationContext.&lt;init&gt;(ClassPathXmlApplicationContext.java:83)
	at com.bleum.canton.common.dao.DaoTest.&lt;init&gt;(DaoTest.java:17)
	at sun.reflect.NativeConstructorAccessorImpl.newInstance0(Native Method)
	at sun.reflect.NativeConstructorAccessorImpl.newInstance(NativeConstructorAccessorImpl.java:39)
	at sun.reflect.DelegatingConstructorAccessorImpl.newInstance(DelegatingConstructorAccessorImpl.java:27)
	at java.lang.reflect.Constructor.newInstance(Constructor.java:513)
	at junit.framework.TestSuite.createTest(TestSuite.java:65)
	at junit.framework.TestSuite.addTestMethod(TestSuite.java:294)
	at junit.framework.TestSuite.addTestsFromTestCase(TestSuite.java:150)
	at junit.framework.TestSuite.&lt;init&gt;(TestSuite.java:129)
	at org.junit.internal.runners.JUnit38ClassRunner.&lt;init&gt;(JUnit38ClassRunner.java:71)
	at org.junit.internal.builders.JUnit3Builder.runnerForClass(JUnit3Builder.java:14)
	at org.junit.runners.model.RunnerBuilder.safeRunnerForClass(RunnerBuilder.java:57)
	at org.junit.internal.builders.AllDefaultPossibilitiesBuilder.runnerForClass(AllDefaultPossibilitiesBuilder.java:29)
	at org.junit.runners.model.RunnerBuilder.safeRunnerForClass(RunnerBuilder.java:57)
	at org.junit.internal.requests.ClassRequest.getRunner(ClassRequest.java:24)
	at org.apache.maven.surefire.junit4.JUnit4TestSet.execute(JUnit4TestSet.java:33)
	at org.apache.maven.surefire.junit4.JUnit4Provider.executeTestSet(JUnit4Provider.java:115)
	at org.apache.maven.surefire.junit4.JUnit4Provider.invoke(JUnit4Provider.java:97)
	at sun.reflect.NativeMethodAccessorImpl.invoke0(Native Method)
	at sun.reflect.NativeMethodAccessorImpl.invoke(NativeMethodAccessorImpl.java:39)
	at sun.reflect.DelegatingMethodAccessorImpl.invoke(DelegatingMethodAccessorImpl.java:25)
	at java.lang.reflect.Method.invoke(Method.java:597)
	at org.apache.maven.surefire.booter.ProviderFactory$ClassLoaderProxy.invoke(ProviderFactory.java:103)
	at $Proxy0.invoke(Unknown Source)
	at org.apache.maven.surefire.booter.SurefireStarter.invokeProvider(SurefireStarter.java:150)
	at org.apache.maven.surefire.booter.SurefireStarter.runSuitesInProcess(SurefireStarter.java:91)
	at org.apache.maven.surefire.booter.ForkedBooter.main(ForkedBooter.java:69)
Caused by: org.springframework.beans.factory.BeanCreationException: Error creating bean with name &apos;productSessionFactory&apos; defined in class path resource [com/bleum/canton/app-global-config-test.xml]: Invocation of init method failed; nested exception is org.hibernate.AnnotationException: Use of the same entity name twice: Product
	at org.springframework.beans.factory.support.AbstractAutowireCapableBeanFactory.initializeBean(AbstractAutowireCapableBeanFactory.java:1455)
	at org.springframework.beans.factory.support.AbstractAutowireCapableBeanFactory.doCreateBean(AbstractAutowireCapableBeanFactory.java:519)
	at org.springframework.beans.factory.support.AbstractAutowireCapableBeanFactory.createBean(AbstractAutowireCapableBeanFactory.java:456)
	at org.springframework.beans.factory.support.AbstractBeanFactory$1.getObject(AbstractBeanFactory.java:294)
	at org.springframework.beans.factory.support.DefaultSingletonBeanRegistry.getSingleton(DefaultSingletonBeanRegistry.java:225)
	at org.springframework.beans.factory.support.AbstractBeanFactory.doGetBean(AbstractBeanFactory.java:291)
	at org.springframework.beans.factory.support.AbstractBeanFactory.getBean(AbstractBeanFactory.java:197)
	at org.springframework.beans.factory.support.DefaultListableBeanFactory.getBeansOfType(DefaultListableBeanFactory.java:400)
	at org.springframework.beans.factory.BeanFactoryUtils.beansOfTypeIncludingAncestors(BeanFactoryUtils.java:275)
	at org.springframework.dao.support.PersistenceExceptionTranslationInterceptor.detectPersistenceExceptionTranslators(PersistenceExceptionTranslationInterceptor.java:139)
	at org.springframework.dao.support.PersistenceExceptionTranslationInterceptor.&lt;init&gt;(PersistenceExceptionTranslationInterceptor.java:79)
	at org.springframework.dao.annotation.PersistenceExceptionTranslationAdvisor.&lt;init&gt;(PersistenceExceptionTranslationAdvisor.java:70)
	at org.springframework.dao.annotation.PersistenceExceptionTranslationPostProcessor.setBeanFactory(PersistenceExceptionTranslationPostProcessor.java:103)
	at org.springframework.beans.factory.support.AbstractAutowireCapableBeanFactory.invokeAwareMethods(AbstractAutowireCapableBeanFactory.java:1475)
	at org.springframework.beans.factory.support.AbstractAutowireCapableBeanFactory.initializeBean(AbstractAutowireCapableBeanFactory.java:1443)
	at org.springframework.beans.factory.support.AbstractAutowireCapableBeanFactory.doCreateBean(AbstractAutowireCapableBeanFactory.java:519)
	... 36 more
Caused by: org.hibernate.AnnotationException: Use of the same entity name twice: Product
	at org.hibernate.cfg.annotations.EntityBinder.bindEntity(EntityBinder.java:373)
	at org.hibernate.cfg.AnnotationBinder.bindClass(AnnotationBinder.java:586)
	at org.hibernate.cfg.Configuration$MetadataSourceQueue.processAnnotatedClassesQueue(Configuration.java:4035)
	at org.hibernate.cfg.Configuration$MetadataSourceQueue.processMetadata(Configuration.java:3989)
	at org.hibernate.cfg.Configuration.secondPassCompile(Configuration.java:1398)
	at org.hibernate.cfg.Configuration.buildMappings(Configuration.java:1375)
	at org.springframework.orm.hibernate3.LocalSessionFactoryBean.buildSessionFactory(LocalSessionFactoryBean.java:717)
	at org.springframework.orm.hibernate3.AbstractSessionFactoryBean.afterPropertiesSet(AbstractSessionFactoryBean.java:211)
	at org.springframework.beans.factory.support.AbstractAutowireCapableBeanFactory.invokeInitMethods(AbstractAutowireCapableBeanFactory.java:1514)
	at org.springframework.beans.factory.support.AbstractAutowireCapableBeanFactory.initializeBean(AbstractAutowireCapableBeanFactory.java:1452)
	... 51 more
Caused by: org.hibernate.DuplicateMappingException: duplicate import: Product refers to both com.bleum.canton.itempage.entity.Product and com.bleum.canton.sample.entity.Product (try using auto-import=&quot;false&quot;)
	at org.hibernate.cfg.Configuration$MappingsImpl.addImport(Configuration.java:3190)
	at org.hibernate.cfg.annotations.EntityBinder.bindEntity(EntityBinder.java:366)
	... 60 more
)
	at junit.framework.Assert.fail(Assert.java:50)
	at junit.framework.TestSuite$1.runTest(TestSuite.java:97)
	at junit.framework.TestCase.runBare(TestCase.java:134)
	at junit.framework.TestResult$1.protect(TestResult.java:110)
	at junit.framework.TestResult.runProtected(TestResult.java:128)
	at junit.framework.TestResult.run(TestResult.java:113)
	at junit.framework.TestCase.run(TestCase.java:124)
	at junit.framework.TestSuite.runTest(TestSuite.java:243)
	at junit.framework.TestSuite.run(TestSuite.java:238)
	at org.junit.internal.runners.JUnit38ClassRunner.run(JUnit38ClassRunner.java:83)
	at org.apache.maven.surefire.junit4.JUnit4TestSet.execute(JUnit4TestSet.java:35)
	at org.apache.maven.surefire.junit4.JUnit4Provider.executeTestSet(JUnit4Provider.java:115)
	at org.apache.maven.surefire.junit4.JUnit4Provider.invoke(JUnit4Provider.java:97)
	at sun.reflect.NativeMethodAccessorImpl.invoke0(Native Method)
	at sun.reflect.NativeMethodAccessorImpl.invoke(NativeMethodAccessorImpl.java:39)
	at sun.reflect.DelegatingMethodAccessorImpl.invoke(DelegatingMethodAccessorImpl.java:25)
	at java.lang.reflect.Method.invoke(Method.java:597)
	at org.apache.maven.surefire.booter.ProviderFactory$ClassLoaderProxy.invoke(ProviderFactory.java:103)
	at $Proxy0.invoke(Unknown Source)
	at org.apache.maven.surefire.booter.SurefireStarter.invokeProvider(SurefireStarter.java:150)
	at org.apache.maven.surefire.booter.SurefireStarter.runSuitesInProcess(SurefireStarter.java:91)
	at org.apache.maven.surefire.booter.ForkedBooter.main(ForkedBooter.java:69)
</failure>
  </testcase>
  <testcase time="0" classname="junit.framework.TestSuite$1" name="warning">
    <failure message="Exception in constructor: testDynamicRegisterDao (org.springframework.beans.factory.BeanCreationException: Error creating bean with name &apos;org.springframework.dao.annotation.PersistenceExceptionTranslationPostProcessor#0&apos; defined in class path resource [com/bleum/canton/app-global-config-test.xml]: Initialization of bean failed; nested exception is org.springframework.beans.factory.BeanCreationException: Error creating bean with name &apos;productSessionFactory&apos; defined in class path resource [com/bleum/canton/app-global-config-test.xml]: Invocation of init method failed; nested exception is org.hibernate.AnnotationException: Use of the same entity name twice: Product
	at org.springframework.beans.factory.support.AbstractAutowireCapableBeanFactory.doCreateBean(AbstractAutowireCapableBeanFactory.java:527)
	at org.springframework.beans.factory.support.AbstractAutowireCapableBeanFactory.createBean(AbstractAutowireCapableBeanFactory.java:456)
	at org.springframework.beans.factory.support.AbstractBeanFactory$1.getObject(AbstractBeanFactory.java:294)
	at org.springframework.beans.factory.support.DefaultSingletonBeanRegistry.getSingleton(DefaultSingletonBeanRegistry.java:225)
	at org.springframework.beans.factory.support.AbstractBeanFactory.doGetBean(AbstractBeanFactory.java:291)
	at org.springframework.beans.factory.support.AbstractBeanFactory.getBean(AbstractBeanFactory.java:197)
	at org.springframework.context.support.AbstractApplicationContext.registerBeanPostProcessors(AbstractApplicationContext.java:728)
	at org.springframework.context.support.AbstractApplicationContext.refresh(AbstractApplicationContext.java:449)
	at org.springframework.context.support.ClassPathXmlApplicationContext.&lt;init&gt;(ClassPathXmlApplicationContext.java:139)
	at org.springframework.context.support.ClassPathXmlApplicationContext.&lt;init&gt;(ClassPathXmlApplicationContext.java:83)
	at com.bleum.canton.common.dao.DaoTest.&lt;init&gt;(DaoTest.java:17)
	at sun.reflect.NativeConstructorAccessorImpl.newInstance0(Native Method)
	at sun.reflect.NativeConstructorAccessorImpl.newInstance(NativeConstructorAccessorImpl.java:39)
	at sun.reflect.DelegatingConstructorAccessorImpl.newInstance(DelegatingConstructorAccessorImpl.java:27)
	at java.lang.reflect.Constructor.newInstance(Constructor.java:513)
	at junit.framework.TestSuite.createTest(TestSuite.java:65)
	at junit.framework.TestSuite.addTestMethod(TestSuite.java:294)
	at junit.framework.TestSuite.addTestsFromTestCase(TestSuite.java:150)
	at junit.framework.TestSuite.&lt;init&gt;(TestSuite.java:129)
	at org.junit.internal.runners.JUnit38ClassRunner.&lt;init&gt;(JUnit38ClassRunner.java:71)
	at org.junit.internal.builders.JUnit3Builder.runnerForClass(JUnit3Builder.java:14)
	at org.junit.runners.model.RunnerBuilder.safeRunnerForClass(RunnerBuilder.java:57)
	at org.junit.internal.builders.AllDefaultPossibilitiesBuilder.runnerForClass(AllDefaultPossibilitiesBuilder.java:29)
	at org.junit.runners.model.RunnerBuilder.safeRunnerForClass(RunnerBuilder.java:57)
	at org.junit.internal.requests.ClassRequest.getRunner(ClassRequest.java:24)
	at org.apache.maven.surefire.junit4.JUnit4TestSet.execute(JUnit4TestSet.java:33)
	at org.apache.maven.surefire.junit4.JUnit4Provider.executeTestSet(JUnit4Provider.java:115)
	at org.apache.maven.surefire.junit4.JUnit4Provider.invoke(JUnit4Provider.java:97)
	at sun.reflect.NativeMethodAccessorImpl.invoke0(Native Method)
	at sun.reflect.NativeMethodAccessorImpl.invoke(NativeMethodAccessorImpl.java:39)
	at sun.reflect.DelegatingMethodAccessorImpl.invoke(DelegatingMethodAccessorImpl.java:25)
	at java.lang.reflect.Method.invoke(Method.java:597)
	at org.apache.maven.surefire.booter.ProviderFactory$ClassLoaderProxy.invoke(ProviderFactory.java:103)
	at $Proxy0.invoke(Unknown Source)
	at org.apache.maven.surefire.booter.SurefireStarter.invokeProvider(SurefireStarter.java:150)
	at org.apache.maven.surefire.booter.SurefireStarter.runSuitesInProcess(SurefireStarter.java:91)
	at org.apache.maven.surefire.booter.ForkedBooter.main(ForkedBooter.java:69)
Caused by: org.springframework.beans.factory.BeanCreationException: Error creating bean with name &apos;productSessionFactory&apos; defined in class path resource [com/bleum/canton/app-global-config-test.xml]: Invocation of init method failed; nested exception is org.hibernate.AnnotationException: Use of the same entity name twice: Product
	at org.springframework.beans.factory.support.AbstractAutowireCapableBeanFactory.initializeBean(AbstractAutowireCapableBeanFactory.java:1455)
	at org.springframework.beans.factory.support.AbstractAutowireCapableBeanFactory.doCreateBean(AbstractAutowireCapableBeanFactory.java:519)
	at org.springframework.beans.factory.support.AbstractAutowireCapableBeanFactory.createBean(AbstractAutowireCapableBeanFactory.java:456)
	at org.springframework.beans.factory.support.AbstractBeanFactory$1.getObject(AbstractBeanFactory.java:294)
	at org.springframework.beans.factory.support.DefaultSingletonBeanRegistry.getSingleton(DefaultSingletonBeanRegistry.java:225)
	at org.springframework.beans.factory.support.AbstractBeanFactory.doGetBean(AbstractBeanFactory.java:291)
	at org.springframework.beans.factory.support.AbstractBeanFactory.getBean(AbstractBeanFactory.java:197)
	at org.springframework.beans.factory.support.DefaultListableBeanFactory.getBeansOfType(DefaultListableBeanFactory.java:400)
	at org.springframework.beans.factory.BeanFactoryUtils.beansOfTypeIncludingAncestors(BeanFactoryUtils.java:275)
	at org.springframework.dao.support.PersistenceExceptionTranslationInterceptor.detectPersistenceExceptionTranslators(PersistenceExceptionTranslationInterceptor.java:139)
	at org.springframework.dao.support.PersistenceExceptionTranslationInterceptor.&lt;init&gt;(PersistenceExceptionTranslationInterceptor.java:79)
	at org.springframework.dao.annotation.PersistenceExceptionTranslationAdvisor.&lt;init&gt;(PersistenceExceptionTranslationAdvisor.java:70)
	at org.springframework.dao.annotation.PersistenceExceptionTranslationPostProcessor.setBeanFactory(PersistenceExceptionTranslationPostProcessor.java:103)
	at org.springframework.beans.factory.support.AbstractAutowireCapableBeanFactory.invokeAwareMethods(AbstractAutowireCapableBeanFactory.java:1475)
	at org.springframework.beans.factory.support.AbstractAutowireCapableBeanFactory.initializeBean(AbstractAutowireCapableBeanFactory.java:1443)
	at org.springframework.beans.factory.support.AbstractAutowireCapableBeanFactory.doCreateBean(AbstractAutowireCapableBeanFactory.java:519)
	... 36 more
Caused by: org.hibernate.AnnotationException: Use of the same entity name twice: Product
	at org.hibernate.cfg.annotations.EntityBinder.bindEntity(EntityBinder.java:373)
	at org.hibernate.cfg.AnnotationBinder.bindClass(AnnotationBinder.java:586)
	at org.hibernate.cfg.Configuration$MetadataSourceQueue.processAnnotatedClassesQueue(Configuration.java:4035)
	at org.hibernate.cfg.Configuration$MetadataSourceQueue.processMetadata(Configuration.java:3989)
	at org.hibernate.cfg.Configuration.secondPassCompile(Configuration.java:1398)
	at org.hibernate.cfg.Configuration.buildMappings(Configuration.java:1375)
	at org.springframework.orm.hibernate3.LocalSessionFactoryBean.buildSessionFactory(LocalSessionFactoryBean.java:717)
	at org.springframework.orm.hibernate3.AbstractSessionFactoryBean.afterPropertiesSet(AbstractSessionFactoryBean.java:211)
	at org.springframework.beans.factory.support.AbstractAutowireCapableBeanFactory.invokeInitMethods(AbstractAutowireCapableBeanFactory.java:1514)
	at org.springframework.beans.factory.support.AbstractAutowireCapableBeanFactory.initializeBean(AbstractAutowireCapableBeanFactory.java:1452)
	... 51 more
Caused by: org.hibernate.DuplicateMappingException: duplicate import: Product refers to both com.bleum.canton.itempage.entity.Product and com.bleum.canton.sample.entity.Product (try using auto-import=&quot;false&quot;)
	at org.hibernate.cfg.Configuration$MappingsImpl.addImport(Configuration.java:3190)
	at org.hibernate.cfg.annotations.EntityBinder.bindEntity(EntityBinder.java:366)
	... 60 more
)" type="junit.framework.AssertionFailedError">junit.framework.AssertionFailedError: Exception in constructor: testDynamicRegisterDao (org.springframework.beans.factory.BeanCreationException: Error creating bean with name &apos;org.springframework.dao.annotation.PersistenceExceptionTranslationPostProcessor#0&apos; defined in class path resource [com/bleum/canton/app-global-config-test.xml]: Initialization of bean failed; nested exception is org.springframework.beans.factory.BeanCreationException: Error creating bean with name &apos;productSessionFactory&apos; defined in class path resource [com/bleum/canton/app-global-config-test.xml]: Invocation of init method failed; nested exception is org.hibernate.AnnotationException: Use of the same entity name twice: Product
	at org.springframework.beans.factory.support.AbstractAutowireCapableBeanFactory.doCreateBean(AbstractAutowireCapableBeanFactory.java:527)
	at org.springframework.beans.factory.support.AbstractAutowireCapableBeanFactory.createBean(AbstractAutowireCapableBeanFactory.java:456)
	at org.springframework.beans.factory.support.AbstractBeanFactory$1.getObject(AbstractBeanFactory.java:294)
	at org.springframework.beans.factory.support.DefaultSingletonBeanRegistry.getSingleton(DefaultSingletonBeanRegistry.java:225)
	at org.springframework.beans.factory.support.AbstractBeanFactory.doGetBean(AbstractBeanFactory.java:291)
	at org.springframework.beans.factory.support.AbstractBeanFactory.getBean(AbstractBeanFactory.java:197)
	at org.springframework.context.support.AbstractApplicationContext.registerBeanPostProcessors(AbstractApplicationContext.java:728)
	at org.springframework.context.support.AbstractApplicationContext.refresh(AbstractApplicationContext.java:449)
	at org.springframework.context.support.ClassPathXmlApplicationContext.&lt;init&gt;(ClassPathXmlApplicationContext.java:139)
	at org.springframework.context.support.ClassPathXmlApplicationContext.&lt;init&gt;(ClassPathXmlApplicationContext.java:83)
	at com.bleum.canton.common.dao.DaoTest.&lt;init&gt;(DaoTest.java:17)
	at sun.reflect.NativeConstructorAccessorImpl.newInstance0(Native Method)
	at sun.reflect.NativeConstructorAccessorImpl.newInstance(NativeConstructorAccessorImpl.java:39)
	at sun.reflect.DelegatingConstructorAccessorImpl.newInstance(DelegatingConstructorAccessorImpl.java:27)
	at java.lang.reflect.Constructor.newInstance(Constructor.java:513)
	at junit.framework.TestSuite.createTest(TestSuite.java:65)
	at junit.framework.TestSuite.addTestMethod(TestSuite.java:294)
	at junit.framework.TestSuite.addTestsFromTestCase(TestSuite.java:150)
	at junit.framework.TestSuite.&lt;init&gt;(TestSuite.java:129)
	at org.junit.internal.runners.JUnit38ClassRunner.&lt;init&gt;(JUnit38ClassRunner.java:71)
	at org.junit.internal.builders.JUnit3Builder.runnerForClass(JUnit3Builder.java:14)
	at org.junit.runners.model.RunnerBuilder.safeRunnerForClass(RunnerBuilder.java:57)
	at org.junit.internal.builders.AllDefaultPossibilitiesBuilder.runnerForClass(AllDefaultPossibilitiesBuilder.java:29)
	at org.junit.runners.model.RunnerBuilder.safeRunnerForClass(RunnerBuilder.java:57)
	at org.junit.internal.requests.ClassRequest.getRunner(ClassRequest.java:24)
	at org.apache.maven.surefire.junit4.JUnit4TestSet.execute(JUnit4TestSet.java:33)
	at org.apache.maven.surefire.junit4.JUnit4Provider.executeTestSet(JUnit4Provider.java:115)
	at org.apache.maven.surefire.junit4.JUnit4Provider.invoke(JUnit4Provider.java:97)
	at sun.reflect.NativeMethodAccessorImpl.invoke0(Native Method)
	at sun.reflect.NativeMethodAccessorImpl.invoke(NativeMethodAccessorImpl.java:39)
	at sun.reflect.DelegatingMethodAccessorImpl.invoke(DelegatingMethodAccessorImpl.java:25)
	at java.lang.reflect.Method.invoke(Method.java:597)
	at org.apache.maven.surefire.booter.ProviderFactory$ClassLoaderProxy.invoke(ProviderFactory.java:103)
	at $Proxy0.invoke(Unknown Source)
	at org.apache.maven.surefire.booter.SurefireStarter.invokeProvider(SurefireStarter.java:150)
	at org.apache.maven.surefire.booter.SurefireStarter.runSuitesInProcess(SurefireStarter.java:91)
	at org.apache.maven.surefire.booter.ForkedBooter.main(ForkedBooter.java:69)
Caused by: org.springframework.beans.factory.BeanCreationException: Error creating bean with name &apos;productSessionFactory&apos; defined in class path resource [com/bleum/canton/app-global-config-test.xml]: Invocation of init method failed; nested exception is org.hibernate.AnnotationException: Use of the same entity name twice: Product
	at org.springframework.beans.factory.support.AbstractAutowireCapableBeanFactory.initializeBean(AbstractAutowireCapableBeanFactory.java:1455)
	at org.springframework.beans.factory.support.AbstractAutowireCapableBeanFactory.doCreateBean(AbstractAutowireCapableBeanFactory.java:519)
	at org.springframework.beans.factory.support.AbstractAutowireCapableBeanFactory.createBean(AbstractAutowireCapableBeanFactory.java:456)
	at org.springframework.beans.factory.support.AbstractBeanFactory$1.getObject(AbstractBeanFactory.java:294)
	at org.springframework.beans.factory.support.DefaultSingletonBeanRegistry.getSingleton(DefaultSingletonBeanRegistry.java:225)
	at org.springframework.beans.factory.support.AbstractBeanFactory.doGetBean(AbstractBeanFactory.java:291)
	at org.springframework.beans.factory.support.AbstractBeanFactory.getBean(AbstractBeanFactory.java:197)
	at org.springframework.beans.factory.support.DefaultListableBeanFactory.getBeansOfType(DefaultListableBeanFactory.java:400)
	at org.springframework.beans.factory.BeanFactoryUtils.beansOfTypeIncludingAncestors(BeanFactoryUtils.java:275)
	at org.springframework.dao.support.PersistenceExceptionTranslationInterceptor.detectPersistenceExceptionTranslators(PersistenceExceptionTranslationInterceptor.java:139)
	at org.springframework.dao.support.PersistenceExceptionTranslationInterceptor.&lt;init&gt;(PersistenceExceptionTranslationInterceptor.java:79)
	at org.springframework.dao.annotation.PersistenceExceptionTranslationAdvisor.&lt;init&gt;(PersistenceExceptionTranslationAdvisor.java:70)
	at org.springframework.dao.annotation.PersistenceExceptionTranslationPostProcessor.setBeanFactory(PersistenceExceptionTranslationPostProcessor.java:103)
	at org.springframework.beans.factory.support.AbstractAutowireCapableBeanFactory.invokeAwareMethods(AbstractAutowireCapableBeanFactory.java:1475)
	at org.springframework.beans.factory.support.AbstractAutowireCapableBeanFactory.initializeBean(AbstractAutowireCapableBeanFactory.java:1443)
	at org.springframework.beans.factory.support.AbstractAutowireCapableBeanFactory.doCreateBean(AbstractAutowireCapableBeanFactory.java:519)
	... 36 more
Caused by: org.hibernate.AnnotationException: Use of the same entity name twice: Product
	at org.hibernate.cfg.annotations.EntityBinder.bindEntity(EntityBinder.java:373)
	at org.hibernate.cfg.AnnotationBinder.bindClass(AnnotationBinder.java:586)
	at org.hibernate.cfg.Configuration$MetadataSourceQueue.processAnnotatedClassesQueue(Configuration.java:4035)
	at org.hibernate.cfg.Configuration$MetadataSourceQueue.processMetadata(Configuration.java:3989)
	at org.hibernate.cfg.Configuration.secondPassCompile(Configuration.java:1398)
	at org.hibernate.cfg.Configuration.buildMappings(Configuration.java:1375)
	at org.springframework.orm.hibernate3.LocalSessionFactoryBean.buildSessionFactory(LocalSessionFactoryBean.java:717)
	at org.springframework.orm.hibernate3.AbstractSessionFactoryBean.afterPropertiesSet(AbstractSessionFactoryBean.java:211)
	at org.springframework.beans.factory.support.AbstractAutowireCapableBeanFactory.invokeInitMethods(AbstractAutowireCapableBeanFactory.java:1514)
	at org.springframework.beans.factory.support.AbstractAutowireCapableBeanFactory.initializeBean(AbstractAutowireCapableBeanFactory.java:1452)
	... 51 more
Caused by: org.hibernate.DuplicateMappingException: duplicate import: Product refers to both com.bleum.canton.itempage.entity.Product and com.bleum.canton.sample.entity.Product (try using auto-import=&quot;false&quot;)
	at org.hibernate.cfg.Configuration$MappingsImpl.addImport(Configuration.java:3190)
	at org.hibernate.cfg.annotations.EntityBinder.bindEntity(EntityBinder.java:366)
	... 60 more
)
	at junit.framework.Assert.fail(Assert.java:50)
	at junit.framework.TestSuite$1.runTest(TestSuite.java:97)
	at junit.framework.TestCase.runBare(TestCase.java:134)
	at junit.framework.TestResult$1.protect(TestResult.java:110)
	at junit.framework.TestResult.runProtected(TestResult.java:128)
	at junit.framework.TestResult.run(TestResult.java:113)
	at junit.framework.TestCase.run(TestCase.java:124)
	at junit.framework.TestSuite.runTest(TestSuite.java:243)
	at junit.framework.TestSuite.run(TestSuite.java:238)
	at org.junit.internal.runners.JUnit38ClassRunner.run(JUnit38ClassRunner.java:83)
	at org.apache.maven.surefire.junit4.JUnit4TestSet.execute(JUnit4TestSet.java:35)
	at org.apache.maven.surefire.junit4.JUnit4Provider.executeTestSet(JUnit4Provider.java:115)
	at org.apache.maven.surefire.junit4.JUnit4Provider.invoke(JUnit4Provider.java:97)
	at sun.reflect.NativeMethodAccessorImpl.invoke0(Native Method)
	at sun.reflect.NativeMethodAccessorImpl.invoke(NativeMethodAccessorImpl.java:39)
	at sun.reflect.DelegatingMethodAccessorImpl.invoke(DelegatingMethodAccessorImpl.java:25)
	at java.lang.reflect.Method.invoke(Method.java:597)
	at org.apache.maven.surefire.booter.ProviderFactory$ClassLoaderProxy.invoke(ProviderFactory.java:103)
	at $Proxy0.invoke(Unknown Source)
	at org.apache.maven.surefire.booter.SurefireStarter.invokeProvider(SurefireStarter.java:150)
	at org.apache.maven.surefire.booter.SurefireStarter.runSuitesInProcess(SurefireStarter.java:91)
	at org.apache.maven.surefire.booter.ForkedBooter.main(ForkedBooter.java:69)
</failure>
  </testcase>
</testsuite>